File Stats: [
  {
    "path": "/Users/animr/Documents/assignement 3/config.yaml",
    "mtime": "2024-09-11T14:45:37-04:00",
    "size": 129
  },
  {
    "path": "/Users/animr/Documents/assignement 3/.DS_Store",
    "mtime": "2024-06-04T16:29:53-04:00",
    "size": 6148
  },
  {
    "path": "/Users/animr/Documents/assignement 3/Reginald_Anim_Assignment3_COSC 4426.pdf",
    "mtime": "2024-06-03T17:35:56-04:00",
    "size": 287024
  },
  {
    "path": "/Users/animr/Documents/assignement 3/Reginald_Anim_Assignment3_COSC 4426.docx",
    "mtime": "2024-06-01T21:51:41-04:00",
    "size": 367722
  },
  {
    "path": "/Users/animr/Documents/assignement 3/Assignment 3 COSC 4436.fzz",
    "mtime": "2024-06-01T19:19:30-04:00",
    "size": 7194
  }
]
System Stats: {
  "cpu_usage": "Unknown",
  "memory_usage": "Unknown",
  "disk_usage": "Unknown",
  "system_uptime": "861230"
}
File Stats: [
  {
    "path": "/Users/animr/Documents/assignement 3/config.yaml",
    "mtime": "2024-09-11T14:45:37-04:00",
    "size": 129
  },
  {
    "path": "/Users/animr/Documents/assignement 3/.DS_Store",
    "mtime": "2024-06-04T16:29:53-04:00",
    "size": 6148
  },
  {
    "path": "/Users/animr/Documents/assignement 3/Reginald_Anim_Assignment3_COSC 4426.pdf",
    "mtime": "2024-06-03T17:35:56-04:00",
    "size": 287024
  },
  {
    "path": "/Users/animr/Documents/assignement 3/Reginald_Anim_Assignment3_COSC 4426.docx",
    "mtime": "2024-06-01T21:51:41-04:00",
    "size": 367722
  },
  {
    "path": "/Users/animr/Documents/assignement 3/Assignment 3 COSC 4436.fzz",
    "mtime": "2024-06-01T19:19:30-04:00",
    "size": 7194
  }
]
System Stats: {
  "cpu_usage": "Unknown",
  "memory_usage": "Unknown",
  "disk_usage": "Unknown",
  "system_uptime": "861240"
}
File Stats: [
  {
    "path": "/Users/animr/Documents/assignement 3/config.yaml",
    "mtime": "2024-09-11T14:45:37-04:00",
    "size": 129
  },
  {
    "path": "/Users/animr/Documents/assignement 3/.DS_Store",
    "mtime": "2024-06-04T16:29:53-04:00",
    "size": 6148
  },
  {
    "path": "/Users/animr/Documents/assignement 3/Reginald_Anim_Assignment3_COSC 4426.pdf",
    "mtime": "2024-06-03T17:35:56-04:00",
    "size": 287024
  },
  {
    "path": "/Users/animr/Documents/assignement 3/Reginald_Anim_Assignment3_COSC 4426.docx",
    "mtime": "2024-06-01T21:51:41-04:00",
    "size": 367722
  },
  {
    "path": "/Users/animr/Documents/assignement 3/Assignment 3 COSC 4436.fzz",
    "mtime": "2024-06-01T19:19:30-04:00",
    "size": 7194
  }
]
System Stats: {
  "cpu_usage": "Unknown",
  "memory_usage": "Unknown",
  "disk_usage": "Unknown",
  "system_uptime": "861250"
}
File Stats: [
  {
    "path": "/Users/animr/Documents/assignement 3/config.yaml",
    "mtime": "2024-09-11T14:45:37-04:00",
    "size": 129
  },
  {
    "path": "/Users/animr/Documents/assignement 3/.DS_Store",
    "mtime": "2024-06-04T16:29:53-04:00",
    "size": 6148
  },
  {
    "path": "/Users/animr/Documents/assignement 3/Reginald_Anim_Assignment3_COSC 4426.pdf",
    "mtime": "2024-06-03T17:35:56-04:00",
    "size": 287024
  },
  {
    "path": "/Users/animr/Documents/assignement 3/Reginald_Anim_Assignment3_COSC 4426.docx",
    "mtime": "2024-06-01T21:51:41-04:00",
    "size": 367722
  },
  {
    "path": "/Users/animr/Documents/assignement 3/Assignment 3 COSC 4436.fzz",
    "mtime": "2024-06-01T19:19:30-04:00",
    "size": 7194
  }
]
System Stats: {
  "cpu_usage": "Unknown",
  "memory_usage": "Unknown",
  "disk_usage": "Unknown",
  "system_uptime": "861260"
}
File Stats: [
  {
    "path": "/Users/animr/Documents/assignement 3/config.yaml",
    "mtime": "2024-09-11T14:45:37-04:00",
    "size": 129
  },
  {
    "path": "/Users/animr/Documents/assignement 3/.DS_Store",
    "mtime": "2024-06-04T16:29:53-04:00",
    "size": 6148
  },
  {
    "path": "/Users/animr/Documents/assignement 3/Reginald_Anim_Assignment3_COSC 4426.pdf",
    "mtime": "2024-06-03T17:35:56-04:00",
    "size": 287024
  },
  {
    "path": "/Users/animr/Documents/assignement 3/Reginald_Anim_Assignment3_COSC 4426.docx",
    "mtime": "2024-06-01T21:51:41-04:00",
    "size": 367722
  },
  {
    "path": "/Users/animr/Documents/assignement 3/Assignment 3 COSC 4436.fzz",
    "mtime": "2024-06-01T19:19:30-04:00",
    "size": 7194
  }
]
System Stats: {
  "cpu_usage": "Unknown",
  "memory_usage": "Unknown",
  "disk_usage": "Unknown",
  "system_uptime": "889198"
}
File Stats: [
  {
    "path": "/Users/animr/Documents/assignement 3/config.yaml",
    "mtime": "2024-09-11T14:45:37-04:00",
    "size": 129
  },
  {
    "path": "/Users/animr/Documents/assignement 3/.DS_Store",
    "mtime": "2024-06-04T16:29:53-04:00",
    "size": 6148
  },
  {
    "path": "/Users/animr/Documents/assignement 3/Reginald_Anim_Assignment3_COSC 4426.pdf",
    "mtime": "2024-06-03T17:35:56-04:00",
    "size": 287024
  },
  {
    "path": "/Users/animr/Documents/assignement 3/Reginald_Anim_Assignment3_COSC 4426.docx",
    "mtime": "2024-06-01T21:51:41-04:00",
    "size": 367722
  },
  {
    "path": "/Users/animr/Documents/assignement 3/Assignment 3 COSC 4436.fzz",
    "mtime": "2024-06-01T19:19:30-04:00",
    "size": 7194
  }
]
System Stats: {
  "cpu_usage": "Unknown",
  "memory_usage": "Unknown",
  "disk_usage": "Unknown",
  "system_uptime": "889308"
}
File Stats: [
  {
    "path": "/Users/animr/Documents/assignement 3/config.yaml",
    "mtime": "2024-09-11T14:45:37-04:00",
    "size": 129
  },
  {
    "path": "/Users/animr/Documents/assignement 3/.DS_Store",
    "mtime": "2024-06-04T16:29:53-04:00",
    "size": 6148
  },
  {
    "path": "/Users/animr/Documents/assignement 3/Reginald_Anim_Assignment3_COSC 4426.pdf",
    "mtime": "2024-06-03T17:35:56-04:00",
    "size": 287024
  },
  {
    "path": "/Users/animr/Documents/assignement 3/Reginald_Anim_Assignment3_COSC 4426.docx",
    "mtime": "2024-06-01T21:51:41-04:00",
    "size": 367722
  },
  {
    "path": "/Users/animr/Documents/assignement 3/Assignment 3 COSC 4436.fzz",
    "mtime": "2024-06-01T19:19:30-04:00",
    "size": 7194
  }
]
System Stats: {
  "cpu_usage": "Unknown",
  "memory_usage": "Unknown",
  "disk_usage": "Unknown",
  "system_uptime": "889318"
}
File Stats: [
  {
    "path": "/Users/animr/Documents/assignement 3/config.yaml",
    "mtime": "2024-09-11T14:45:37-04:00",
    "size": 129
  },
  {
    "path": "/Users/animr/Documents/assignement 3/.DS_Store",
    "mtime": "2024-06-04T16:29:53-04:00",
    "size": 6148
  },
  {
    "path": "/Users/animr/Documents/assignement 3/Reginald_Anim_Assignment3_COSC 4426.pdf",
    "mtime": "2024-06-03T17:35:56-04:00",
    "size": 287024
  },
  {
    "path": "/Users/animr/Documents/assignement 3/Reginald_Anim_Assignment3_COSC 4426.docx",
    "mtime": "2024-06-01T21:51:41-04:00",
    "size": 367722
  },
  {
    "path": "/Users/animr/Documents/assignement 3/Assignment 3 COSC 4436.fzz",
    "mtime": "2024-06-01T19:19:30-04:00",
    "size": 7194
  }
]
System Stats: {
  "cpu_usage": "Unknown",
  "memory_usage": "Unknown",
  "disk_usage": "Unknown",
  "system_uptime": "889328"
}
File Stats: [
  {
    "path": "/Users/animr/Documents/assignement 3/config.yaml",
    "mtime": "2024-09-11T14:45:37-04:00",
    "size": 129
  },
  {
    "path": "/Users/animr/Documents/assignement 3/.DS_Store",
    "mtime": "2024-06-04T16:29:53-04:00",
    "size": 6148
  },
  {
    "path": "/Users/animr/Documents/assignement 3/Reginald_Anim_Assignment3_COSC 4426.pdf",
    "mtime": "2024-06-03T17:35:56-04:00",
    "size": 287024
  },
  {
    "path": "/Users/animr/Documents/assignement 3/Reginald_Anim_Assignment3_COSC 4426.docx",
    "mtime": "2024-06-01T21:51:41-04:00",
    "size": 367722
  },
  {
    "path": "/Users/animr/Documents/assignement 3/Assignment 3 COSC 4436.fzz",
    "mtime": "2024-06-01T19:19:30-04:00",
    "size": 7194
  }
]
System Stats: {
  "cpu_usage": "Unknown",
  "memory_usage": "Unknown",
  "disk_usage": "Unknown",
  "system_uptime": "889338"
}
File Stats: [
  {
    "path": "/Users/animr/Documents/assignement 3/config.yaml",
    "mtime": "2024-09-11T14:45:37-04:00",
    "size": 129
  },
  {
    "path": "/Users/animr/Documents/assignement 3/.DS_Store",
    "mtime": "2024-06-04T16:29:53-04:00",
    "size": 6148
  },
  {
    "path": "/Users/animr/Documents/assignement 3/Reginald_Anim_Assignment3_COSC 4426.pdf",
    "mtime": "2024-06-03T17:35:56-04:00",
    "size": 287024
  },
  {
    "path": "/Users/animr/Documents/assignement 3/Reginald_Anim_Assignment3_COSC 4426.docx",
    "mtime": "2024-06-01T21:51:41-04:00",
    "size": 367722
  },
  {
    "path": "/Users/animr/Documents/assignement 3/Assignment 3 COSC 4436.fzz",
    "mtime": "2024-06-01T19:19:30-04:00",
    "size": 7194
  }
]
System Stats: {
  "cpu_usage": "Unknown",
  "memory_usage": "Unknown",
  "disk_usage": "Unknown",
  "system_uptime": "889348"
}
File Stats: [
  {
    "path": "/Users/animr/Documents/assignement 3/config.yaml",
    "mtime": "2024-09-11T14:45:37-04:00",
    "size": 129
  },
  {
    "path": "/Users/animr/Documents/assignement 3/.DS_Store",
    "mtime": "2024-06-04T16:29:53-04:00",
    "size": 6148
  },
  {
    "path": "/Users/animr/Documents/assignement 3/Reginald_Anim_Assignment3_COSC 4426.pdf",
    "mtime": "2024-06-03T17:35:56-04:00",
    "size": 287024
  },
  {
    "path": "/Users/animr/Documents/assignement 3/Reginald_Anim_Assignment3_COSC 4426.docx",
    "mtime": "2024-06-01T21:51:41-04:00",
    "size": 367722
  },
  {
    "path": "/Users/animr/Documents/assignement 3/Assignment 3 COSC 4436.fzz",
    "mtime": "2024-06-01T19:19:30-04:00",
    "size": 7194
  }
]
System Stats: {
  "cpu_usage": "Unknown",
  "memory_usage": "Unknown",
  "disk_usage": "Unknown",
  "system_uptime": "889358"
}
File Stats: [
  {
    "path": "/Users/animr/Documents/assignement 3/config.yaml",
    "mtime": "2024-09-11T14:45:37-04:00",
    "size": 129
  },
  {
    "path": "/Users/animr/Documents/assignement 3/.DS_Store",
    "mtime": "2024-06-04T16:29:53-04:00",
    "size": 6148
  },
  {
    "path": "/Users/animr/Documents/assignement 3/Reginald_Anim_Assignment3_COSC 4426.pdf",
    "mtime": "2024-06-03T17:35:56-04:00",
    "size": 287024
  },
  {
    "path": "/Users/animr/Documents/assignement 3/Reginald_Anim_Assignment3_COSC 4426.docx",
    "mtime": "2024-06-01T21:51:41-04:00",
    "size": 367722
  },
  {
    "path": "/Users/animr/Documents/assignement 3/Assignment 3 COSC 4436.fzz",
    "mtime": "2024-06-01T19:19:30-04:00",
    "size": 7194
  }
]
System Stats: {
  "cpu_usage": "Unknown",
  "memory_usage": "Unknown",
  "disk_usage": "Unknown",
  "system_uptime": "889368"
}
File Stats: [
  {
    "path": "/Users/animr/Documents/assignement 3/config.yaml",
    "mtime": "2024-09-11T14:45:37-04:00",
    "size": 129
  },
  {
    "path": "/Users/animr/Documents/assignement 3/.DS_Store",
    "mtime": "2024-06-04T16:29:53-04:00",
    "size": 6148
  },
  {
    "path": "/Users/animr/Documents/assignement 3/Reginald_Anim_Assignment3_COSC 4426.pdf",
    "mtime": "2024-06-03T17:35:56-04:00",
    "size": 287024
  },
  {
    "path": "/Users/animr/Documents/assignement 3/Reginald_Anim_Assignment3_COSC 4426.docx",
    "mtime": "2024-06-01T21:51:41-04:00",
    "size": 367722
  },
  {
    "path": "/Users/animr/Documents/assignement 3/Assignment 3 COSC 4436.fzz",
    "mtime": "2024-06-01T19:19:30-04:00",
    "size": 7194
  }
]
System Stats: {
  "cpu_usage": "Unknown",
  "memory_usage": "Unknown",
  "disk_usage": "Unknown",
  "system_uptime": "889378"
}
File Stats: [
  {
    "path": "/Users/animr/Documents/assignement 3/config.yaml",
    "mtime": "2024-09-11T14:45:37-04:00",
    "size": 129
  },
  {
    "path": "/Users/animr/Documents/assignement 3/.DS_Store",
    "mtime": "2024-06-04T16:29:53-04:00",
    "size": 6148
  },
  {
    "path": "/Users/animr/Documents/assignement 3/Reginald_Anim_Assignment3_COSC 4426.pdf",
    "mtime": "2024-06-03T17:35:56-04:00",
    "size": 287024
  },
  {
    "path": "/Users/animr/Documents/assignement 3/Reginald_Anim_Assignment3_COSC 4426.docx",
    "mtime": "2024-06-01T21:51:41-04:00",
    "size": 367722
  },
  {
    "path": "/Users/animr/Documents/assignement 3/Assignment 3 COSC 4436.fzz",
    "mtime": "2024-06-01T19:19:30-04:00",
    "size": 7194
  }
]
System Stats: {
  "cpu_usage": "Unknown",
  "memory_usage": "Unknown",
  "disk_usage": "Unknown",
  "system_uptime": "889388"
}
File Stats: [
  {
    "path": "/Users/animr/Documents/assignement 3/config.yaml",
    "mtime": "2024-09-11T14:45:37-04:00",
    "size": 129
  },
  {
    "path": "/Users/animr/Documents/assignement 3/.DS_Store",
    "mtime": "2024-06-04T16:29:53-04:00",
    "size": 6148
  },
  {
    "path": "/Users/animr/Documents/assignement 3/Reginald_Anim_Assignment3_COSC 4426.pdf",
    "mtime": "2024-06-03T17:35:56-04:00",
    "size": 287024
  },
  {
    "path": "/Users/animr/Documents/assignement 3/Reginald_Anim_Assignment3_COSC 4426.docx",
    "mtime": "2024-06-01T21:51:41-04:00",
    "size": 367722
  },
  {
    "path": "/Users/animr/Documents/assignement 3/Assignment 3 COSC 4436.fzz",
    "mtime": "2024-06-01T19:19:30-04:00",
    "size": 7194
  }
]
System Stats: {
  "cpu_usage": "Unknown",
  "memory_usage": "Unknown",
  "disk_usage": "Unknown",
  "system_uptime": "889398"
}
File Stats: [
  {
    "path": "/Users/animr/Documents/assignement 3/config.yaml",
    "mtime": "2024-09-11T14:45:37-04:00",
    "size": 129
  },
  {
    "path": "/Users/animr/Documents/assignement 3/.DS_Store",
    "mtime": "2024-06-04T16:29:53-04:00",
    "size": 6148
  },
  {
    "path": "/Users/animr/Documents/assignement 3/Reginald_Anim_Assignment3_COSC 4426.pdf",
    "mtime": "2024-06-03T17:35:56-04:00",
    "size": 287024
  },
  {
    "path": "/Users/animr/Documents/assignement 3/Reginald_Anim_Assignment3_COSC 4426.docx",
    "mtime": "2024-06-01T21:51:41-04:00",
    "size": 367722
  },
  {
    "path": "/Users/animr/Documents/assignement 3/Assignment 3 COSC 4436.fzz",
    "mtime": "2024-06-01T19:19:30-04:00",
    "size": 7194
  }
]
System Stats: {
  "cpu_usage": "Unknown",
  "memory_usage": "Unknown",
  "disk_usage": "Unknown",
  "system_uptime": "889408"
}
File Stats: [
  {
    "path": "/Users/animr/Documents/assignement 3/config.yaml",
    "mtime": "2024-09-11T14:45:37-04:00",
    "size": 129
  },
  {
    "path": "/Users/animr/Documents/assignement 3/.DS_Store",
    "mtime": "2024-06-04T16:29:53-04:00",
    "size": 6148
  },
  {
    "path": "/Users/animr/Documents/assignement 3/Reginald_Anim_Assignment3_COSC 4426.pdf",
    "mtime": "2024-06-03T17:35:56-04:00",
    "size": 287024
  },
  {
    "path": "/Users/animr/Documents/assignement 3/Reginald_Anim_Assignment3_COSC 4426.docx",
    "mtime": "2024-06-01T21:51:41-04:00",
    "size": 367722
  },
  {
    "path": "/Users/animr/Documents/assignement 3/Assignment 3 COSC 4436.fzz",
    "mtime": "2024-06-01T19:19:30-04:00",
    "size": 7194
  }
]
System Stats: {
  "cpu_usage": "Unknown",
  "memory_usage": "Unknown",
  "disk_usage": "Unknown",
  "system_uptime": "889418"
}
File Stats: [
  {
    "path": "/Users/animr/Documents/assignement 3/config.yaml",
    "mtime": "2024-09-11T14:45:37-04:00",
    "size": 129
  },
  {
    "path": "/Users/animr/Documents/assignement 3/.DS_Store",
    "mtime": "2024-06-04T16:29:53-04:00",
    "size": 6148
  },
  {
    "path": "/Users/animr/Documents/assignement 3/Reginald_Anim_Assignment3_COSC 4426.pdf",
    "mtime": "2024-06-03T17:35:56-04:00",
    "size": 287024
  },
  {
    "path": "/Users/animr/Documents/assignement 3/Reginald_Anim_Assignment3_COSC 4426.docx",
    "mtime": "2024-06-01T21:51:41-04:00",
    "size": 367722
  },
  {
    "path": "/Users/animr/Documents/assignement 3/Assignment 3 COSC 4436.fzz",
    "mtime": "2024-06-01T19:19:30-04:00",
    "size": 7194
  }
]
System Stats: {
  "cpu_usage": "Unknown",
  "memory_usage": "Unknown",
  "disk_usage": "Unknown",
  "system_uptime": "889428"
}
File Stats: [
  {
    "path": "/Users/animr/Documents/assignement 3/config.yaml",
    "mtime": "2024-09-11T14:45:37-04:00",
    "size": 129
  },
  {
    "path": "/Users/animr/Documents/assignement 3/.DS_Store",
    "mtime": "2024-06-04T16:29:53-04:00",
    "size": 6148
  },
  {
    "path": "/Users/animr/Documents/assignement 3/Reginald_Anim_Assignment3_COSC 4426.pdf",
    "mtime": "2024-06-03T17:35:56-04:00",
    "size": 287024
  },
  {
    "path": "/Users/animr/Documents/assignement 3/Reginald_Anim_Assignment3_COSC 4426.docx",
    "mtime": "2024-06-01T21:51:41-04:00",
    "size": 367722
  },
  {
    "path": "/Users/animr/Documents/assignement 3/Assignment 3 COSC 4436.fzz",
    "mtime": "2024-06-01T19:19:30-04:00",
    "size": 7194
  }
]
System Stats: {
  "cpu_usage": "Unknown",
  "memory_usage": "Unknown",
  "disk_usage": "Unknown",
  "system_uptime": "889438"
}
File Stats: [
  {
    "path": "/Users/animr/Documents/assignement 3/config.yaml",
    "mtime": "2024-09-11T14:45:37-04:00",
    "size": 129
  },
  {
    "path": "/Users/animr/Documents/assignement 3/.DS_Store",
    "mtime": "2024-06-04T16:29:53-04:00",
    "size": 6148
  },
  {
    "path": "/Users/animr/Documents/assignement 3/Reginald_Anim_Assignment3_COSC 4426.pdf",
    "mtime": "2024-06-03T17:35:56-04:00",
    "size": 287024
  },
  {
    "path": "/Users/animr/Documents/assignement 3/Reginald_Anim_Assignment3_COSC 4426.docx",
    "mtime": "2024-06-01T21:51:41-04:00",
    "size": 367722
  },
  {
    "path": "/Users/animr/Documents/assignement 3/Assignment 3 COSC 4436.fzz",
    "mtime": "2024-06-01T19:19:30-04:00",
    "size": 7194
  }
]
System Stats: {
  "cpu_usage": "Unknown",
  "memory_usage": "Unknown",
  "disk_usage": "Unknown",
  "system_uptime": "889448"
}
File Stats: [
  {
    "path": "/Users/animr/Documents/assignement 3/config.yaml",
    "mtime": "2024-09-11T14:45:37-04:00",
    "size": 129
  },
  {
    "path": "/Users/animr/Documents/assignement 3/.DS_Store",
    "mtime": "2024-06-04T16:29:53-04:00",
    "size": 6148
  },
  {
    "path": "/Users/animr/Documents/assignement 3/Reginald_Anim_Assignment3_COSC 4426.pdf",
    "mtime": "2024-06-03T17:35:56-04:00",
    "size": 287024
  },
  {
    "path": "/Users/animr/Documents/assignement 3/Reginald_Anim_Assignment3_COSC 4426.docx",
    "mtime": "2024-06-01T21:51:41-04:00",
    "size": 367722
  },
  {
    "path": "/Users/animr/Documents/assignement 3/Assignment 3 COSC 4436.fzz",
    "mtime": "2024-06-01T19:19:30-04:00",
    "size": 7194
  }
]
System Stats: {
  "cpu_usage": "Unknown",
  "memory_usage": "Unknown",
  "disk_usage": "Unknown",
  "system_uptime": "889458"
}
File Stats: [
  {
    "path": "/Users/animr/Documents/assignement 3/config.yaml",
    "mtime": "2024-09-11T14:45:37-04:00",
    "size": 129
  },
  {
    "path": "/Users/animr/Documents/assignement 3/.DS_Store",
    "mtime": "2024-06-04T16:29:53-04:00",
    "size": 6148
  },
  {
    "path": "/Users/animr/Documents/assignement 3/Reginald_Anim_Assignment3_COSC 4426.pdf",
    "mtime": "2024-06-03T17:35:56-04:00",
    "size": 287024
  },
  {
    "path": "/Users/animr/Documents/assignement 3/Reginald_Anim_Assignment3_COSC 4426.docx",
    "mtime": "2024-06-01T21:51:41-04:00",
    "size": 367722
  },
  {
    "path": "/Users/animr/Documents/assignement 3/Assignment 3 COSC 4436.fzz",
    "mtime": "2024-06-01T19:19:30-04:00",
    "size": 7194
  }
]
System Stats: {
  "cpu_usage": "Unknown",
  "memory_usage": "Unknown",
  "disk_usage": "Unknown",
  "system_uptime": "889468"
}
File Stats: [
  {
    "path": "/Users/animr/Documents/assignement 3/config.yaml",
    "mtime": "2024-09-11T14:45:37-04:00",
    "size": 129
  },
  {
    "path": "/Users/animr/Documents/assignement 3/.DS_Store",
    "mtime": "2024-06-04T16:29:53-04:00",
    "size": 6148
  },
  {
    "path": "/Users/animr/Documents/assignement 3/Reginald_Anim_Assignment3_COSC 4426.pdf",
    "mtime": "2024-06-03T17:35:56-04:00",
    "size": 287024
  },
  {
    "path": "/Users/animr/Documents/assignement 3/Reginald_Anim_Assignment3_COSC 4426.docx",
    "mtime": "2024-06-01T21:51:41-04:00",
    "size": 367722
  },
  {
    "path": "/Users/animr/Documents/assignement 3/Assignment 3 COSC 4436.fzz",
    "mtime": "2024-06-01T19:19:30-04:00",
    "size": 7194
  }
]
System Stats: {
  "cpu_usage": "Unknown",
  "memory_usage": "Unknown",
  "disk_usage": "Unknown",
  "system_uptime": "889478"
}
File Stats: [
  {
    "path": "/Users/animr/Documents/assignement 3/config.yaml",
    "mtime": "2024-09-11T14:45:37-04:00",
    "size": 129
  },
  {
    "path": "/Users/animr/Documents/assignement 3/.DS_Store",
    "mtime": "2024-06-04T16:29:53-04:00",
    "size": 6148
  },
  {
    "path": "/Users/animr/Documents/assignement 3/Reginald_Anim_Assignment3_COSC 4426.pdf",
    "mtime": "2024-06-03T17:35:56-04:00",
    "size": 287024
  },
  {
    "path": "/Users/animr/Documents/assignement 3/Reginald_Anim_Assignment3_COSC 4426.docx",
    "mtime": "2024-06-01T21:51:41-04:00",
    "size": 367722
  },
  {
    "path": "/Users/animr/Documents/assignement 3/Assignment 3 COSC 4436.fzz",
    "mtime": "2024-06-01T19:19:30-04:00",
    "size": 7194
  }
]
System Stats: {
  "cpu_usage": "Unknown",
  "memory_usage": "Unknown",
  "disk_usage": "Unknown",
  "system_uptime": "889488"
}
File Stats: [
  {
    "path": "/Users/animr/Documents/assignement 3/config.yaml",
    "mtime": "2024-09-11T14:45:37-04:00",
    "size": 129
  },
  {
    "path": "/Users/animr/Documents/assignement 3/.DS_Store",
    "mtime": "2024-06-04T16:29:53-04:00",
    "size": 6148
  },
  {
    "path": "/Users/animr/Documents/assignement 3/Reginald_Anim_Assignment3_COSC 4426.pdf",
    "mtime": "2024-06-03T17:35:56-04:00",
    "size": 287024
  },
  {
    "path": "/Users/animr/Documents/assignement 3/Reginald_Anim_Assignment3_COSC 4426.docx",
    "mtime": "2024-06-01T21:51:41-04:00",
    "size": 367722
  },
  {
    "path": "/Users/animr/Documents/assignement 3/Assignment 3 COSC 4436.fzz",
    "mtime": "2024-06-01T19:19:30-04:00",
    "size": 7194
  }
]
System Stats: {
  "cpu_usage": "Unknown",
  "memory_usage": "Unknown",
  "disk_usage": "Unknown",
  "system_uptime": "889498"
}
File Stats: [
  {
    "path": "/Users/animr/Documents/assignement 3/config.yaml",
    "mtime": "2024-09-11T14:45:37-04:00",
    "size": 129
  },
  {
    "path": "/Users/animr/Documents/assignement 3/.DS_Store",
    "mtime": "2024-06-04T16:29:53-04:00",
    "size": 6148
  },
  {
    "path": "/Users/animr/Documents/assignement 3/Reginald_Anim_Assignment3_COSC 4426.pdf",
    "mtime": "2024-06-03T17:35:56-04:00",
    "size": 287024
  },
  {
    "path": "/Users/animr/Documents/assignement 3/Reginald_Anim_Assignment3_COSC 4426.docx",
    "mtime": "2024-06-01T21:51:41-04:00",
    "size": 367722
  },
  {
    "path": "/Users/animr/Documents/assignement 3/Assignment 3 COSC 4436.fzz",
    "mtime": "2024-06-01T19:19:30-04:00",
    "size": 7194
  }
]
System Stats: {
  "cpu_usage": "Unknown",
  "memory_usage": "Unknown",
  "disk_usage": "Unknown",
  "system_uptime": "889508"
}
File Stats: [
  {
    "path": "/Users/animr/Documents/assignement 3/config.yaml",
    "mtime": "2024-09-11T14:45:37-04:00",
    "size": 129
  },
  {
    "path": "/Users/animr/Documents/assignement 3/.DS_Store",
    "mtime": "2024-06-04T16:29:53-04:00",
    "size": 6148
  },
  {
    "path": "/Users/animr/Documents/assignement 3/Reginald_Anim_Assignment3_COSC 4426.pdf",
    "mtime": "2024-06-03T17:35:56-04:00",
    "size": 287024
  },
  {
    "path": "/Users/animr/Documents/assignement 3/Reginald_Anim_Assignment3_COSC 4426.docx",
    "mtime": "2024-06-01T21:51:41-04:00",
    "size": 367722
  },
  {
    "path": "/Users/animr/Documents/assignement 3/Assignment 3 COSC 4436.fzz",
    "mtime": "2024-06-01T19:19:30-04:00",
    "size": 7194
  }
]
System Stats: {
  "cpu_usage": "Unknown",
  "memory_usage": "Unknown",
  "disk_usage": "Unknown",
  "system_uptime": "889518"
}
File Stats: [
  {
    "path": "/Users/animr/Documents/assignement 3/config.yaml",
    "mtime": "2024-09-11T14:45:37-04:00",
    "size": 129
  },
  {
    "path": "/Users/animr/Documents/assignement 3/.DS_Store",
    "mtime": "2024-06-04T16:29:53-04:00",
    "size": 6148
  },
  {
    "path": "/Users/animr/Documents/assignement 3/Reginald_Anim_Assignment3_COSC 4426.pdf",
    "mtime": "2024-06-03T17:35:56-04:00",
    "size": 287024
  },
  {
    "path": "/Users/animr/Documents/assignement 3/Reginald_Anim_Assignment3_COSC 4426.docx",
    "mtime": "2024-06-01T21:51:41-04:00",
    "size": 367722
  },
  {
    "path": "/Users/animr/Documents/assignement 3/Assignment 3 COSC 4436.fzz",
    "mtime": "2024-06-01T19:19:30-04:00",
    "size": 7194
  }
]
System Stats: {
  "cpu_usage": "Unknown",
  "memory_usage": "Unknown",
  "disk_usage": "Unknown",
  "system_uptime": "889528"
}
File Stats: [
  {
    "path": "/Users/animr/Documents/assignement 3/config.yaml",
    "mtime": "2024-09-11T14:45:37-04:00",
    "size": 129
  },
  {
    "path": "/Users/animr/Documents/assignement 3/.DS_Store",
    "mtime": "2024-06-04T16:29:53-04:00",
    "size": 6148
  },
  {
    "path": "/Users/animr/Documents/assignement 3/Reginald_Anim_Assignment3_COSC 4426.pdf",
    "mtime": "2024-06-03T17:35:56-04:00",
    "size": 287024
  },
  {
    "path": "/Users/animr/Documents/assignement 3/Reginald_Anim_Assignment3_COSC 4426.docx",
    "mtime": "2024-06-01T21:51:41-04:00",
    "size": 367722
  },
  {
    "path": "/Users/animr/Documents/assignement 3/Assignment 3 COSC 4436.fzz",
    "mtime": "2024-06-01T19:19:30-04:00",
    "size": 7194
  }
]
System Stats: {
  "cpu_usage": "Unknown",
  "memory_usage": "Unknown",
  "disk_usage": "Unknown",
  "system_uptime": "889542"
}
File Stats: [
  {
    "path": "/Users/animr/Documents/assignement 3/config.yaml",
    "mtime": "2024-09-11T14:45:37-04:00",
    "size": 129
  },
  {
    "path": "/Users/animr/Documents/assignement 3/.DS_Store",
    "mtime": "2024-06-04T16:29:53-04:00",
    "size": 6148
  },
  {
    "path": "/Users/animr/Documents/assignement 3/Reginald_Anim_Assignment3_COSC 4426.pdf",
    "mtime": "2024-06-03T17:35:56-04:00",
    "size": 287024
  },
  {
    "path": "/Users/animr/Documents/assignement 3/Reginald_Anim_Assignment3_COSC 4426.docx",
    "mtime": "2024-06-01T21:51:41-04:00",
    "size": 367722
  },
  {
    "path": "/Users/animr/Documents/assignement 3/Assignment 3 COSC 4436.fzz",
    "mtime": "2024-06-01T19:19:30-04:00",
    "size": 7194
  }
]
System Stats: {
  "cpu_usage": "Unknown",
  "memory_usage": "Unknown",
  "disk_usage": "Unknown",
  "system_uptime": "889630"
}
File Stats: [
  {
    "path": "/Users/animr/Documents/assignement 3/config.yaml",
    "mtime": "2024-09-11T14:45:37-04:00",
    "size": 129
  },
  {
    "path": "/Users/animr/Documents/assignement 3/.DS_Store",
    "mtime": "2024-06-04T16:29:53-04:00",
    "size": 6148
  },
  {
    "path": "/Users/animr/Documents/assignement 3/Reginald_Anim_Assignment3_COSC 4426.pdf",
    "mtime": "2024-06-03T17:35:56-04:00",
    "size": 287024
  },
  {
    "path": "/Users/animr/Documents/assignement 3/Reginald_Anim_Assignment3_COSC 4426.docx",
    "mtime": "2024-06-01T21:51:41-04:00",
    "size": 367722
  },
  {
    "path": "/Users/animr/Documents/assignement 3/Assignment 3 COSC 4436.fzz",
    "mtime": "2024-06-01T19:19:30-04:00",
    "size": 7194
  }
]
System Stats: {
  "cpu_usage": "Unknown",
  "memory_usage": "Unknown",
  "disk_usage": "Unknown",
  "system_uptime": "889640"
}
File Stats: [
  {
    "path": "/Users/animr/Documents/assignement 3/config.yaml",
    "mtime": "2024-09-11T14:45:37-04:00",
    "size": 129
  },
  {
    "path": "/Users/animr/Documents/assignement 3/.DS_Store",
    "mtime": "2024-06-04T16:29:53-04:00",
    "size": 6148
  },
  {
    "path": "/Users/animr/Documents/assignement 3/Reginald_Anim_Assignment3_COSC 4426.pdf",
    "mtime": "2024-06-03T17:35:56-04:00",
    "size": 287024
  },
  {
    "path": "/Users/animr/Documents/assignement 3/Reginald_Anim_Assignment3_COSC 4426.docx",
    "mtime": "2024-06-01T21:51:41-04:00",
    "size": 367722
  },
  {
    "path": "/Users/animr/Documents/assignement 3/Assignment 3 COSC 4436.fzz",
    "mtime": "2024-06-01T19:19:30-04:00",
    "size": 7194
  }
]
System Stats: {
  "cpu_usage": "Unknown",
  "memory_usage": "Unknown",
  "disk_usage": "Unknown",
  "system_uptime": "889650"
}
File Stats: [
  {
    "path": "/Users/animr/Documents/assignement 3/config.yaml",
    "mtime": "2024-09-11T14:45:37-04:00",
    "size": 129
  },
  {
    "path": "/Users/animr/Documents/assignement 3/.DS_Store",
    "mtime": "2024-06-04T16:29:53-04:00",
    "size": 6148
  },
  {
    "path": "/Users/animr/Documents/assignement 3/Reginald_Anim_Assignment3_COSC 4426.pdf",
    "mtime": "2024-06-03T17:35:56-04:00",
    "size": 287024
  },
  {
    "path": "/Users/animr/Documents/assignement 3/Reginald_Anim_Assignment3_COSC 4426.docx",
    "mtime": "2024-06-01T21:51:41-04:00",
    "size": 367722
  },
  {
    "path": "/Users/animr/Documents/assignement 3/Assignment 3 COSC 4436.fzz",
    "mtime": "2024-06-01T19:19:30-04:00",
    "size": 7194
  }
]
System Stats: {
  "cpu_usage": "Unknown",
  "memory_usage": "Unknown",
  "disk_usage": "Unknown",
  "system_uptime": "889660"
}
File Stats: [
  {
    "path": "/Users/animr/Documents/assignement 3/config.yaml",
    "mtime": "2024-09-11T14:45:37-04:00",
    "size": 129
  },
  {
    "path": "/Users/animr/Documents/assignement 3/.DS_Store",
    "mtime": "2024-06-04T16:29:53-04:00",
    "size": 6148
  },
  {
    "path": "/Users/animr/Documents/assignement 3/Reginald_Anim_Assignment3_COSC 4426.pdf",
    "mtime": "2024-06-03T17:35:56-04:00",
    "size": 287024
  },
  {
    "path": "/Users/animr/Documents/assignement 3/Reginald_Anim_Assignment3_COSC 4426.docx",
    "mtime": "2024-06-01T21:51:41-04:00",
    "size": 367722
  },
  {
    "path": "/Users/animr/Documents/assignement 3/Assignment 3 COSC 4436.fzz",
    "mtime": "2024-06-01T19:19:30-04:00",
    "size": 7194
  }
]
System Stats: {
  "cpu_usage": "Unknown",
  "memory_usage": "Unknown",
  "disk_usage": "Unknown",
  "system_uptime": "889670"
}
File Stats: [
  {
    "path": "/Users/animr/Documents/assignement 3/config.yaml",
    "mtime": "2024-09-11T14:45:37-04:00",
    "size": 129
  },
  {
    "path": "/Users/animr/Documents/assignement 3/.DS_Store",
    "mtime": "2024-06-04T16:29:53-04:00",
    "size": 6148
  },
  {
    "path": "/Users/animr/Documents/assignement 3/Reginald_Anim_Assignment3_COSC 4426.pdf",
    "mtime": "2024-06-03T17:35:56-04:00",
    "size": 287024
  },
  {
    "path": "/Users/animr/Documents/assignement 3/Reginald_Anim_Assignment3_COSC 4426.docx",
    "mtime": "2024-06-01T21:51:41-04:00",
    "size": 367722
  },
  {
    "path": "/Users/animr/Documents/assignement 3/Assignment 3 COSC 4436.fzz",
    "mtime": "2024-06-01T19:19:30-04:00",
    "size": 7194
  }
]
System Stats: {
  "cpu_usage": "Unknown",
  "memory_usage": "Unknown",
  "disk_usage": "Unknown",
  "system_uptime": "889680"
}
File Stats: [
  {
    "path": "/Users/animr/Documents/assignement 3/config.yaml",
    "mtime": "2024-09-11T14:45:37-04:00",
    "size": 129
  },
  {
    "path": "/Users/animr/Documents/assignement 3/.DS_Store",
    "mtime": "2024-06-04T16:29:53-04:00",
    "size": 6148
  },
  {
    "path": "/Users/animr/Documents/assignement 3/Reginald_Anim_Assignment3_COSC 4426.pdf",
    "mtime": "2024-06-03T17:35:56-04:00",
    "size": 287024
  },
  {
    "path": "/Users/animr/Documents/assignement 3/Reginald_Anim_Assignment3_COSC 4426.docx",
    "mtime": "2024-06-01T21:51:41-04:00",
    "size": 367722
  },
  {
    "path": "/Users/animr/Documents/assignement 3/Assignment 3 COSC 4436.fzz",
    "mtime": "2024-06-01T19:19:30-04:00",
    "size": 7194
  }
]
System Stats: {
  "cpu_usage": "Unknown",
  "memory_usage": "Unknown",
  "disk_usage": "Unknown",
  "system_uptime": "889690"
}
File Stats: [
  {
    "path": "/Users/animr/Documents/assignement 3/config.yaml",
    "mtime": "2024-09-11T14:45:37-04:00",
    "size": 129
  },
  {
    "path": "/Users/animr/Documents/assignement 3/.DS_Store",
    "mtime": "2024-06-04T16:29:53-04:00",
    "size": 6148
  },
  {
    "path": "/Users/animr/Documents/assignement 3/Reginald_Anim_Assignment3_COSC 4426.pdf",
    "mtime": "2024-06-03T17:35:56-04:00",
    "size": 287024
  },
  {
    "path": "/Users/animr/Documents/assignement 3/Reginald_Anim_Assignment3_COSC 4426.docx",
    "mtime": "2024-06-01T21:51:41-04:00",
    "size": 367722
  },
  {
    "path": "/Users/animr/Documents/assignement 3/Assignment 3 COSC 4436.fzz",
    "mtime": "2024-06-01T19:19:30-04:00",
    "size": 7194
  }
]
System Stats: {
  "cpu_usage": "Unknown",
  "memory_usage": "Unknown",
  "disk_usage": "Unknown",
  "system_uptime": "889700"
}
File Stats: [
  {
    "path": "/Users/animr/Documents/assignement 3/config.yaml",
    "mtime": "2024-09-11T14:45:37-04:00",
    "size": 129
  },
  {
    "path": "/Users/animr/Documents/assignement 3/.DS_Store",
    "mtime": "2024-06-04T16:29:53-04:00",
    "size": 6148
  },
  {
    "path": "/Users/animr/Documents/assignement 3/Reginald_Anim_Assignment3_COSC 4426.pdf",
    "mtime": "2024-06-03T17:35:56-04:00",
    "size": 287024
  },
  {
    "path": "/Users/animr/Documents/assignement 3/Reginald_Anim_Assignment3_COSC 4426.docx",
    "mtime": "2024-06-01T21:51:41-04:00",
    "size": 367722
  },
  {
    "path": "/Users/animr/Documents/assignement 3/Assignment 3 COSC 4436.fzz",
    "mtime": "2024-06-01T19:19:30-04:00",
    "size": 7194
  }
]
System Stats: {
  "cpu_usage": "Unknown",
  "memory_usage": "Unknown",
  "disk_usage": "Unknown",
  "system_uptime": "889710"
}
File Stats: [
  {
    "path": "/Users/animr/Documents/assignement 3/config.yaml",
    "mtime": "2024-09-11T14:45:37-04:00",
    "size": 129
  },
  {
    "path": "/Users/animr/Documents/assignement 3/.DS_Store",
    "mtime": "2024-06-04T16:29:53-04:00",
    "size": 6148
  },
  {
    "path": "/Users/animr/Documents/assignement 3/Reginald_Anim_Assignment3_COSC 4426.pdf",
    "mtime": "2024-06-03T17:35:56-04:00",
    "size": 287024
  },
  {
    "path": "/Users/animr/Documents/assignement 3/Reginald_Anim_Assignment3_COSC 4426.docx",
    "mtime": "2024-06-01T21:51:41-04:00",
    "size": 367722
  },
  {
    "path": "/Users/animr/Documents/assignement 3/Assignment 3 COSC 4436.fzz",
    "mtime": "2024-06-01T19:19:30-04:00",
    "size": 7194
  }
]
System Stats: {
  "cpu_usage": "Unknown",
  "memory_usage": "Unknown",
  "disk_usage": "Unknown",
  "system_uptime": "889720"
}
File Stats: [
  {
    "path": "/Users/animr/Documents/assignement 3/config.yaml",
    "mtime": "2024-09-11T14:45:37-04:00",
    "size": 129
  },
  {
    "path": "/Users/animr/Documents/assignement 3/.DS_Store",
    "mtime": "2024-06-04T16:29:53-04:00",
    "size": 6148
  },
  {
    "path": "/Users/animr/Documents/assignement 3/Reginald_Anim_Assignment3_COSC 4426.pdf",
    "mtime": "2024-06-03T17:35:56-04:00",
    "size": 287024
  },
  {
    "path": "/Users/animr/Documents/assignement 3/Reginald_Anim_Assignment3_COSC 4426.docx",
    "mtime": "2024-06-01T21:51:41-04:00",
    "size": 367722
  },
  {
    "path": "/Users/animr/Documents/assignement 3/Assignment 3 COSC 4436.fzz",
    "mtime": "2024-06-01T19:19:30-04:00",
    "size": 7194
  }
]
System Stats: {
  "cpu_usage": "Unknown",
  "memory_usage": "Unknown",
  "disk_usage": "Unknown",
  "system_uptime": "889730"
}
File Stats: [
  {
    "path": "/Users/animr/Documents/assignement 3/config.yaml",
    "mtime": "2024-09-11T14:45:37-04:00",
    "size": 129
  },
  {
    "path": "/Users/animr/Documents/assignement 3/.DS_Store",
    "mtime": "2024-06-04T16:29:53-04:00",
    "size": 6148
  },
  {
    "path": "/Users/animr/Documents/assignement 3/Reginald_Anim_Assignment3_COSC 4426.pdf",
    "mtime": "2024-06-03T17:35:56-04:00",
    "size": 287024
  },
  {
    "path": "/Users/animr/Documents/assignement 3/Reginald_Anim_Assignment3_COSC 4426.docx",
    "mtime": "2024-06-01T21:51:41-04:00",
    "size": 367722
  },
  {
    "path": "/Users/animr/Documents/assignement 3/Assignment 3 COSC 4436.fzz",
    "mtime": "2024-06-01T19:19:30-04:00",
    "size": 7194
  }
]
System Stats: {
  "cpu_usage": "Unknown",
  "memory_usage": "Unknown",
  "disk_usage": "Unknown",
  "system_uptime": "889740"
}
File Stats: [
  {
    "path": "/Users/animr/Documents/assignement 3/config.yaml",
    "mtime": "2024-09-11T14:45:37-04:00",
    "size": 129
  },
  {
    "path": "/Users/animr/Documents/assignement 3/.DS_Store",
    "mtime": "2024-06-04T16:29:53-04:00",
    "size": 6148
  },
  {
    "path": "/Users/animr/Documents/assignement 3/Reginald_Anim_Assignment3_COSC 4426.pdf",
    "mtime": "2024-06-03T17:35:56-04:00",
    "size": 287024
  },
  {
    "path": "/Users/animr/Documents/assignement 3/Reginald_Anim_Assignment3_COSC 4426.docx",
    "mtime": "2024-06-01T21:51:41-04:00",
    "size": 367722
  },
  {
    "path": "/Users/animr/Documents/assignement 3/Assignment 3 COSC 4436.fzz",
    "mtime": "2024-06-01T19:19:30-04:00",
    "size": 7194
  }
]
System Stats: {
  "cpu_usage": "Unknown",
  "memory_usage": "Unknown",
  "disk_usage": "Unknown",
  "system_uptime": "889750"
}
File Stats: [
  {
    "path": "/Users/animr/Documents/assignement 3/config.yaml",
    "mtime": "2024-09-11T14:45:37-04:00",
    "size": 129
  },
  {
    "path": "/Users/animr/Documents/assignement 3/.DS_Store",
    "mtime": "2024-06-04T16:29:53-04:00",
    "size": 6148
  },
  {
    "path": "/Users/animr/Documents/assignement 3/Reginald_Anim_Assignment3_COSC 4426.pdf",
    "mtime": "2024-06-03T17:35:56-04:00",
    "size": 287024
  },
  {
    "path": "/Users/animr/Documents/assignement 3/Reginald_Anim_Assignment3_COSC 4426.docx",
    "mtime": "2024-06-01T21:51:41-04:00",
    "size": 367722
  },
  {
    "path": "/Users/animr/Documents/assignement 3/Assignment 3 COSC 4436.fzz",
    "mtime": "2024-06-01T19:19:30-04:00",
    "size": 7194
  }
]
System Stats: {
  "cpu_usage": "Unknown",
  "memory_usage": "Unknown",
  "disk_usage": "Unknown",
  "system_uptime": "889760"
}
File Stats: [
  {
    "path": "/Users/animr/Documents/assignement 3/config.yaml",
    "mtime": "2024-09-11T14:45:37-04:00",
    "size": 129
  },
  {
    "path": "/Users/animr/Documents/assignement 3/.DS_Store",
    "mtime": "2024-06-04T16:29:53-04:00",
    "size": 6148
  },
  {
    "path": "/Users/animr/Documents/assignement 3/Reginald_Anim_Assignment3_COSC 4426.pdf",
    "mtime": "2024-06-03T17:35:56-04:00",
    "size": 287024
  },
  {
    "path": "/Users/animr/Documents/assignement 3/Reginald_Anim_Assignment3_COSC 4426.docx",
    "mtime": "2024-06-01T21:51:41-04:00",
    "size": 367722
  },
  {
    "path": "/Users/animr/Documents/assignement 3/Assignment 3 COSC 4436.fzz",
    "mtime": "2024-06-01T19:19:30-04:00",
    "size": 7194
  }
]
System Stats: {
  "cpu_usage": "Unknown",
  "memory_usage": "Unknown",
  "disk_usage": "Unknown",
  "system_uptime": "889770"
}
File Stats: [
  {
    "path": "/Users/animr/Documents/assignement 3/config.yaml",
    "mtime": "2024-09-11T14:45:37-04:00",
    "size": 129
  },
  {
    "path": "/Users/animr/Documents/assignement 3/.DS_Store",
    "mtime": "2024-06-04T16:29:53-04:00",
    "size": 6148
  },
  {
    "path": "/Users/animr/Documents/assignement 3/Reginald_Anim_Assignment3_COSC 4426.pdf",
    "mtime": "2024-06-03T17:35:56-04:00",
    "size": 287024
  },
  {
    "path": "/Users/animr/Documents/assignement 3/Reginald_Anim_Assignment3_COSC 4426.docx",
    "mtime": "2024-06-01T21:51:41-04:00",
    "size": 367722
  },
  {
    "path": "/Users/animr/Documents/assignement 3/Assignment 3 COSC 4436.fzz",
    "mtime": "2024-06-01T19:19:30-04:00",
    "size": 7194
  }
]
System Stats: {
  "cpu_usage": "Unknown",
  "memory_usage": "Unknown",
  "disk_usage": "Unknown",
  "system_uptime": "889780"
}
File Stats: [
  {
    "path": "/Users/animr/Documents/assignement 3/config.yaml",
    "mtime": "2024-09-11T14:45:37-04:00",
    "size": 129
  },
  {
    "path": "/Users/animr/Documents/assignement 3/.DS_Store",
    "mtime": "2024-06-04T16:29:53-04:00",
    "size": 6148
  },
  {
    "path": "/Users/animr/Documents/assignement 3/Reginald_Anim_Assignment3_COSC 4426.pdf",
    "mtime": "2024-06-03T17:35:56-04:00",
    "size": 287024
  },
  {
    "path": "/Users/animr/Documents/assignement 3/Reginald_Anim_Assignment3_COSC 4426.docx",
    "mtime": "2024-06-01T21:51:41-04:00",
    "size": 367722
  },
  {
    "path": "/Users/animr/Documents/assignement 3/Assignment 3 COSC 4436.fzz",
    "mtime": "2024-06-01T19:19:30-04:00",
    "size": 7194
  }
]
System Stats: {
  "cpu_usage": "Unknown",
  "memory_usage": "Unknown",
  "disk_usage": "Unknown",
  "system_uptime": "889790"
}
File Stats: [
  {
    "path": "/Users/animr/Documents/assignement 3/config.yaml",
    "mtime": "2024-09-11T14:45:37-04:00",
    "size": 129
  },
  {
    "path": "/Users/animr/Documents/assignement 3/.DS_Store",
    "mtime": "2024-06-04T16:29:53-04:00",
    "size": 6148
  },
  {
    "path": "/Users/animr/Documents/assignement 3/Reginald_Anim_Assignment3_COSC 4426.pdf",
    "mtime": "2024-06-03T17:35:56-04:00",
    "size": 287024
  },
  {
    "path": "/Users/animr/Documents/assignement 3/Reginald_Anim_Assignment3_COSC 4426.docx",
    "mtime": "2024-06-01T21:51:41-04:00",
    "size": 367722
  },
  {
    "path": "/Users/animr/Documents/assignement 3/Assignment 3 COSC 4436.fzz",
    "mtime": "2024-06-01T19:19:30-04:00",
    "size": 7194
  }
]
System Stats: {
  "cpu_usage": "Unknown",
  "memory_usage": "Unknown",
  "disk_usage": "Unknown",
  "system_uptime": "889800"
}
File Stats: [
  {
    "path": "/Users/animr/Documents/assignement 3/config.yaml",
    "mtime": "2024-09-11T14:45:37-04:00",
    "size": 129
  },
  {
    "path": "/Users/animr/Documents/assignement 3/.DS_Store",
    "mtime": "2024-06-04T16:29:53-04:00",
    "size": 6148
  },
  {
    "path": "/Users/animr/Documents/assignement 3/Reginald_Anim_Assignment3_COSC 4426.pdf",
    "mtime": "2024-06-03T17:35:56-04:00",
    "size": 287024
  },
  {
    "path": "/Users/animr/Documents/assignement 3/Reginald_Anim_Assignment3_COSC 4426.docx",
    "mtime": "2024-06-01T21:51:41-04:00",
    "size": 367722
  },
  {
    "path": "/Users/animr/Documents/assignement 3/Assignment 3 COSC 4436.fzz",
    "mtime": "2024-06-01T19:19:30-04:00",
    "size": 7194
  }
]
System Stats: {
  "cpu_usage": "Unknown",
  "memory_usage": "Unknown",
  "disk_usage": "Unknown",
  "system_uptime": "889810"
}
File Stats: [
  {
    "path": "/Users/animr/Documents/assignement 3/config.yaml",
    "mtime": "2024-09-11T14:45:37-04:00",
    "size": 129
  },
  {
    "path": "/Users/animr/Documents/assignement 3/.DS_Store",
    "mtime": "2024-06-04T16:29:53-04:00",
    "size": 6148
  },
  {
    "path": "/Users/animr/Documents/assignement 3/Reginald_Anim_Assignment3_COSC 4426.pdf",
    "mtime": "2024-06-03T17:35:56-04:00",
    "size": 287024
  },
  {
    "path": "/Users/animr/Documents/assignement 3/Reginald_Anim_Assignment3_COSC 4426.docx",
    "mtime": "2024-06-01T21:51:41-04:00",
    "size": 367722
  },
  {
    "path": "/Users/animr/Documents/assignement 3/Assignment 3 COSC 4436.fzz",
    "mtime": "2024-06-01T19:19:30-04:00",
    "size": 7194
  }
]
System Stats: {
  "cpu_usage": "Unknown",
  "memory_usage": "Unknown",
  "disk_usage": "Unknown",
  "system_uptime": "889820"
}
File Stats: [
  {
    "path": "/Users/animr/Documents/assignement 3/config.yaml",
    "mtime": "2024-09-11T14:45:37-04:00",
    "size": 129
  },
  {
    "path": "/Users/animr/Documents/assignement 3/.DS_Store",
    "mtime": "2024-06-04T16:29:53-04:00",
    "size": 6148
  },
  {
    "path": "/Users/animr/Documents/assignement 3/Reginald_Anim_Assignment3_COSC 4426.pdf",
    "mtime": "2024-06-03T17:35:56-04:00",
    "size": 287024
  },
  {
    "path": "/Users/animr/Documents/assignement 3/Reginald_Anim_Assignment3_COSC 4426.docx",
    "mtime": "2024-06-01T21:51:41-04:00",
    "size": 367722
  },
  {
    "path": "/Users/animr/Documents/assignement 3/Assignment 3 COSC 4436.fzz",
    "mtime": "2024-06-01T19:19:30-04:00",
    "size": 7194
  }
]
System Stats: {
  "cpu_usage": "Unknown",
  "memory_usage": "Unknown",
  "disk_usage": "Unknown",
  "system_uptime": "889830"
}
File Stats: [
  {
    "path": "/Users/animr/Documents/assignement 3/config.yaml",
    "mtime": "2024-09-11T14:45:37-04:00",
    "size": 129
  },
  {
    "path": "/Users/animr/Documents/assignement 3/.DS_Store",
    "mtime": "2024-06-04T16:29:53-04:00",
    "size": 6148
  },
  {
    "path": "/Users/animr/Documents/assignement 3/Reginald_Anim_Assignment3_COSC 4426.pdf",
    "mtime": "2024-06-03T17:35:56-04:00",
    "size": 287024
  },
  {
    "path": "/Users/animr/Documents/assignement 3/Reginald_Anim_Assignment3_COSC 4426.docx",
    "mtime": "2024-06-01T21:51:41-04:00",
    "size": 367722
  },
  {
    "path": "/Users/animr/Documents/assignement 3/Assignment 3 COSC 4436.fzz",
    "mtime": "2024-06-01T19:19:30-04:00",
    "size": 7194
  }
]
System Stats: {
  "cpu_usage": "Unknown",
  "memory_usage": "Unknown",
  "disk_usage": "Unknown",
  "system_uptime": "889863"
}
File Stats: [
  {
    "path": "C:\\Users\\animr\\Downloads\\Documents\\Study permit extenstion\\imm5257e (1).pdf",
    "mtime": "2024-03-24T08:59:41-04:00",
    "size": 684943
  },
  {
    "path": "C:\\Users\\animr\\Downloads\\Documents\\Study permit extenstion\\study permit new.pdf",
    "mtime": "2024-03-07T10:58:42-05:00",
    "size": 1200752
  },
  {
    "path": "C:\\Users\\animr\\Downloads\\Documents\\Study permit extenstion\\finances.pdf",
    "mtime": "2024-03-07T10:51:55-05:00",
    "size": 1038446
  },
  {
    "path": "C:\\Users\\animr\\Downloads\\Documents\\Study permit extenstion\\imm5709e.pdf",
    "mtime": "2024-01-01T15:19:34-05:00",
    "size": 740759
  },
  {
    "path": "C:\\Users\\animr\\Downloads\\Documents\\Study permit extenstion\\CamScanner_01-01-2024_15.00.pdf",
    "mtime": "2024-01-01T15:04:48-05:00",
    "size": 303860
  },
  {
    "path": "C:\\Users\\animr\\Downloads\\Documents\\Study permit extenstion\\Client information final.pdf",
    "mtime": "2023-12-21T11:13:34-05:00",
    "size": 630501
  },
  {
    "path": "C:\\Users\\animr\\Downloads\\Documents\\Study permit extenstion\\Immigration Message.pdf",
    "mtime": "2023-12-21T11:11:35-05:00",
    "size": 414587
  },
  {
    "path": "C:\\Users\\animr\\Downloads\\Documents\\Study permit extenstion\\Client information full.pdf",
    "mtime": "2023-12-21T10:57:03-05:00",
    "size": 5711426
  },
  {
    "path": "C:\\Users\\animr\\Downloads\\Documents\\Study permit extenstion\\Clent information.pdf",
    "mtime": "2023-12-21T10:49:55-05:00",
    "size": 414570
  },
  {
    "path": "C:\\Users\\animr\\Downloads\\Documents\\Study permit extenstion\\October 2023 e-Statement .pdf",
    "mtime": "2023-12-20T10:38:37-05:00",
    "size": 109464
  },
  {
    "path": "C:\\Users\\animr\\Downloads\\Documents\\Study permit extenstion\\September 2023 e-Statement .pdf",
    "mtime": "2023-12-20T10:38:28-05:00",
    "size": 148449
  },
  {
    "path": "C:\\Users\\animr\\Downloads\\Documents\\Study permit extenstion\\August 2023 e-Statement .pdf",
    "mtime": "2023-12-20T10:38:18-05:00",
    "size": 110104
  },
  {
    "path": "C:\\Users\\animr\\Downloads\\Documents\\Study permit extenstion\\November 2023 e-Statement .pdf",
    "mtime": "2023-12-20T10:35:53-05:00",
    "size": 119735
  },
  {
    "path": "C:\\Users\\animr\\Downloads\\Documents\\Study permit extenstion\\Immigration.docx",
    "mtime": "2023-12-19T17:46:26-05:00",
    "size": 13049
  },
  {
    "path": "C:\\Users\\animr\\Downloads\\Documents\\Study permit extenstion\\health-case-details-ANIM, Reginald Paul Tetteh.pdf",
    "mtime": "2023-12-19T16:23:56-05:00",
    "size": 309377
  },
  {
    "path": "C:\\Users\\animr\\Downloads\\Documents\\Study permit extenstion\\Passport (2).pdf",
    "mtime": "2023-12-19T16:21:15-05:00",
    "size": 286280
  },
  {
    "path": "C:\\Users\\animr\\Downloads\\Documents\\Study permit extenstion\\passport picture.jpg",
    "mtime": "2023-12-19T16:11:47-05:00",
    "size": 46780
  },
  {
    "path": "C:\\Users\\animr\\Downloads\\Documents\\Study permit extenstion\\209641220 - Immigration and Study Permit Documentation (1).pdf",
    "mtime": "2023-12-19T13:46:02-05:00",
    "size": 104417
  }
]
System Stats: {
  "cpu_usage": "Unknown",
  "memory_usage": "Unknown",
  "disk_usage": "Unknown",
  "system_uptime": "8086"
}
File Stats: [
  {
    "path": "/Users/animr/Documents/assignement 3/config.yaml",
    "mtime": "2024-09-11T14:45:37-04:00",
    "size": 129
  },
  {
    "path": "/Users/animr/Documents/assignement 3/.DS_Store",
    "mtime": "2024-06-04T16:29:53-04:00",
    "size": 6148
  },
  {
    "path": "/Users/animr/Documents/assignement 3/Reginald_Anim_Assignment3_COSC 4426.pdf",
    "mtime": "2024-06-03T17:35:56-04:00",
    "size": 287024
  },
  {
    "path": "/Users/animr/Documents/assignement 3/Reginald_Anim_Assignment3_COSC 4426.docx",
    "mtime": "2024-06-01T21:51:41-04:00",
    "size": 367722
  },
  {
    "path": "/Users/animr/Documents/assignement 3/Assignment 3 COSC 4436.fzz",
    "mtime": "2024-06-01T19:19:30-04:00",
    "size": 7194
  }
]
System Stats: {
  "cpu_usage": "Unknown",
  "memory_usage": "Unknown",
  "disk_usage": "Unknown",
  "system_uptime": "962403"
}
