File Stats: [
  {
    "path": "/Users/animr/Documents/assignement 3/config.yaml",
    "mtime": "2024-09-11T14:45:37-04:00",
    "size": 129
  },
  {
    "path": "/Users/animr/Documents/assignement 3/.DS_Store",
    "mtime": "2024-06-04T16:29:53-04:00",
    "size": 6148
  },
  {
    "path": "/Users/animr/Documents/assignement 3/Reginald_Anim_Assignment3_COSC 4426.pdf",
    "mtime": "2024-06-03T17:35:56-04:00",
    "size": 287024
  },
  {
    "path": "/Users/animr/Documents/assignement 3/Reginald_Anim_Assignment3_COSC 4426.docx",
    "mtime": "2024-06-01T21:51:41-04:00",
    "size": 367722
  },
  {
    "path": "/Users/animr/Documents/assignement 3/Assignment 3 COSC 4436.fzz",
    "mtime": "2024-06-01T19:19:30-04:00",
    "size": 7194
  }
]
System Stats: {
  "cpu_usage": "Unknown",
  "memory_usage": "Unknown",
  "disk_usage": "Unknown",
  "system_uptime": "5548"
}
File Stats: [
  {
    "path": "/Users/animr/Documents/assignement 3/config.yaml",
    "mtime": "2024-09-11T14:45:37-04:00",
    "size": 129
  },
  {
    "path": "/Users/animr/Documents/assignement 3/.DS_Store",
    "mtime": "2024-06-04T16:29:53-04:00",
    "size": 6148
  },
  {
    "path": "/Users/animr/Documents/assignement 3/Reginald_Anim_Assignment3_COSC 4426.pdf",
    "mtime": "2024-06-03T17:35:56-04:00",
    "size": 287024
  },
  {
    "path": "/Users/animr/Documents/assignement 3/Reginald_Anim_Assignment3_COSC 4426.docx",
    "mtime": "2024-06-01T21:51:41-04:00",
    "size": 367722
  },
  {
    "path": "/Users/animr/Documents/assignement 3/Assignment 3 COSC 4436.fzz",
    "mtime": "2024-06-01T19:19:30-04:00",
    "size": 7194
  }
]
System Stats: {
  "cpu_usage": "Unknown",
  "memory_usage": "Unknown",
  "disk_usage": "Unknown",
  "system_uptime": "5558"
}
File Stats: [
  {
    "path": "/Users/animr/Documents/assignement 3/config.yaml",
    "mtime": "2024-09-11T14:45:37-04:00",
    "size": 129
  },
  {
    "path": "/Users/animr/Documents/assignement 3/.DS_Store",
    "mtime": "2024-06-04T16:29:53-04:00",
    "size": 6148
  },
  {
    "path": "/Users/animr/Documents/assignement 3/Reginald_Anim_Assignment3_COSC 4426.pdf",
    "mtime": "2024-06-03T17:35:56-04:00",
    "size": 287024
  },
  {
    "path": "/Users/animr/Documents/assignement 3/Reginald_Anim_Assignment3_COSC 4426.docx",
    "mtime": "2024-06-01T21:51:41-04:00",
    "size": 367722
  },
  {
    "path": "/Users/animr/Documents/assignement 3/Assignment 3 COSC 4436.fzz",
    "mtime": "2024-06-01T19:19:30-04:00",
    "size": 7194
  }
]
System Stats: {
  "cpu_usage": "Unknown",
  "memory_usage": "Unknown",
  "disk_usage": "Unknown",
  "system_uptime": "5568"
}
File Stats: [
  {
    "path": "/Users/animr/Documents/assignement 3/config.yaml",
    "mtime": "2024-09-11T14:45:37-04:00",
    "size": 129
  },
  {
    "path": "/Users/animr/Documents/assignement 3/.DS_Store",
    "mtime": "2024-06-04T16:29:53-04:00",
    "size": 6148
  },
  {
    "path": "/Users/animr/Documents/assignement 3/Reginald_Anim_Assignment3_COSC 4426.pdf",
    "mtime": "2024-06-03T17:35:56-04:00",
    "size": 287024
  },
  {
    "path": "/Users/animr/Documents/assignement 3/Reginald_Anim_Assignment3_COSC 4426.docx",
    "mtime": "2024-06-01T21:51:41-04:00",
    "size": 367722
  },
  {
    "path": "/Users/animr/Documents/assignement 3/Assignment 3 COSC 4436.fzz",
    "mtime": "2024-06-01T19:19:30-04:00",
    "size": 7194
  }
]
System Stats: {
  "cpu_usage": "Unknown",
  "memory_usage": "Unknown",
  "disk_usage": "Unknown",
  "system_uptime": "6163"
}
File Stats: [
  {
    "path": "/Users/animr/Documents/assignement 3/config.yaml",
    "mtime": "2024-09-11T14:45:37-04:00",
    "size": 129
  },
  {
    "path": "/Users/animr/Documents/assignement 3/.DS_Store",
    "mtime": "2024-06-04T16:29:53-04:00",
    "size": 6148
  },
  {
    "path": "/Users/animr/Documents/assignement 3/Reginald_Anim_Assignment3_COSC 4426.pdf",
    "mtime": "2024-06-03T17:35:56-04:00",
    "size": 287024
  },
  {
    "path": "/Users/animr/Documents/assignement 3/Reginald_Anim_Assignment3_COSC 4426.docx",
    "mtime": "2024-06-01T21:51:41-04:00",
    "size": 367722
  },
  {
    "path": "/Users/animr/Documents/assignement 3/Assignment 3 COSC 4436.fzz",
    "mtime": "2024-06-01T19:19:30-04:00",
    "size": 7194
  }
]
System Stats: {
  "cpu_usage": "Unknown",
  "memory_usage": "Unknown",
  "disk_usage": "Unknown",
  "system_uptime": "6173"
}
File Stats: [
  {
    "path": "/Users/animr/Documents/assignement 3/config.yaml",
    "mtime": "2024-09-11T14:45:37-04:00",
    "size": 129
  },
  {
    "path": "/Users/animr/Documents/assignement 3/.DS_Store",
    "mtime": "2024-06-04T16:29:53-04:00",
    "size": 6148
  },
  {
    "path": "/Users/animr/Documents/assignement 3/Reginald_Anim_Assignment3_COSC 4426.pdf",
    "mtime": "2024-06-03T17:35:56-04:00",
    "size": 287024
  },
  {
    "path": "/Users/animr/Documents/assignement 3/Reginald_Anim_Assignment3_COSC 4426.docx",
    "mtime": "2024-06-01T21:51:41-04:00",
    "size": 367722
  },
  {
    "path": "/Users/animr/Documents/assignement 3/Assignment 3 COSC 4436.fzz",
    "mtime": "2024-06-01T19:19:30-04:00",
    "size": 7194
  }
]
System Stats: {
  "cpu_usage": "Unknown",
  "memory_usage": "Unknown",
  "disk_usage": "Unknown",
  "system_uptime": "6183"
}
File Stats: [
  {
    "path": "/Users/animr/Documents/assignement 3/config.yaml",
    "mtime": "2024-09-11T14:45:37-04:00",
    "size": 129
  },
  {
    "path": "/Users/animr/Documents/assignement 3/.DS_Store",
    "mtime": "2024-06-04T16:29:53-04:00",
    "size": 6148
  },
  {
    "path": "/Users/animr/Documents/assignement 3/Reginald_Anim_Assignment3_COSC 4426.pdf",
    "mtime": "2024-06-03T17:35:56-04:00",
    "size": 287024
  },
  {
    "path": "/Users/animr/Documents/assignement 3/Reginald_Anim_Assignment3_COSC 4426.docx",
    "mtime": "2024-06-01T21:51:41-04:00",
    "size": 367722
  },
  {
    "path": "/Users/animr/Documents/assignement 3/Assignment 3 COSC 4436.fzz",
    "mtime": "2024-06-01T19:19:30-04:00",
    "size": 7194
  }
]
System Stats: {
  "cpu_usage": "Unknown",
  "memory_usage": "Unknown",
  "disk_usage": "Unknown",
  "system_uptime": "6193"
}
File Stats: [
  {
    "path": "/Users/animr/Documents/assignement 3/config.yaml",
    "mtime": "2024-09-11T14:45:37-04:00",
    "size": 129
  },
  {
    "path": "/Users/animr/Documents/assignement 3/.DS_Store",
    "mtime": "2024-06-04T16:29:53-04:00",
    "size": 6148
  },
  {
    "path": "/Users/animr/Documents/assignement 3/Reginald_Anim_Assignment3_COSC 4426.pdf",
    "mtime": "2024-06-03T17:35:56-04:00",
    "size": 287024
  },
  {
    "path": "/Users/animr/Documents/assignement 3/Reginald_Anim_Assignment3_COSC 4426.docx",
    "mtime": "2024-06-01T21:51:41-04:00",
    "size": 367722
  },
  {
    "path": "/Users/animr/Documents/assignement 3/Assignment 3 COSC 4436.fzz",
    "mtime": "2024-06-01T19:19:30-04:00",
    "size": 7194
  }
]
System Stats: {
  "cpu_usage": "Unknown",
  "memory_usage": "Unknown",
  "disk_usage": "Unknown",
  "system_uptime": "6203"
}
File Stats: [
  {
    "path": "/Users/animr/Documents/assignement 3/config.yaml",
    "mtime": "2024-09-11T14:45:37-04:00",
    "size": 129
  },
  {
    "path": "/Users/animr/Documents/assignement 3/.DS_Store",
    "mtime": "2024-06-04T16:29:53-04:00",
    "size": 6148
  },
  {
    "path": "/Users/animr/Documents/assignement 3/Reginald_Anim_Assignment3_COSC 4426.pdf",
    "mtime": "2024-06-03T17:35:56-04:00",
    "size": 287024
  },
  {
    "path": "/Users/animr/Documents/assignement 3/Reginald_Anim_Assignment3_COSC 4426.docx",
    "mtime": "2024-06-01T21:51:41-04:00",
    "size": 367722
  },
  {
    "path": "/Users/animr/Documents/assignement 3/Assignment 3 COSC 4436.fzz",
    "mtime": "2024-06-01T19:19:30-04:00",
    "size": 7194
  }
]
System Stats: {
  "cpu_usage": "Unknown",
  "memory_usage": "Unknown",
  "disk_usage": "Unknown",
  "system_uptime": "6213"
}
File Stats: [
  {
    "path": "/Users/animr/Documents/assignement 3/config.yaml",
    "mtime": "2024-09-11T14:45:37-04:00",
    "size": 129
  },
  {
    "path": "/Users/animr/Documents/assignement 3/.DS_Store",
    "mtime": "2024-06-04T16:29:53-04:00",
    "size": 6148
  },
  {
    "path": "/Users/animr/Documents/assignement 3/Reginald_Anim_Assignment3_COSC 4426.pdf",
    "mtime": "2024-06-03T17:35:56-04:00",
    "size": 287024
  },
  {
    "path": "/Users/animr/Documents/assignement 3/Reginald_Anim_Assignment3_COSC 4426.docx",
    "mtime": "2024-06-01T21:51:41-04:00",
    "size": 367722
  },
  {
    "path": "/Users/animr/Documents/assignement 3/Assignment 3 COSC 4436.fzz",
    "mtime": "2024-06-01T19:19:30-04:00",
    "size": 7194
  }
]
System Stats: {
  "cpu_usage": "Unknown",
  "memory_usage": "Unknown",
  "disk_usage": "Unknown",
  "system_uptime": "6223"
}
File Stats: [
  {
    "path": "/Users/animr/Documents/assignement 3/config.yaml",
    "mtime": "2024-09-11T14:45:37-04:00",
    "size": 129
  },
  {
    "path": "/Users/animr/Documents/assignement 3/.DS_Store",
    "mtime": "2024-06-04T16:29:53-04:00",
    "size": 6148
  },
  {
    "path": "/Users/animr/Documents/assignement 3/Reginald_Anim_Assignment3_COSC 4426.pdf",
    "mtime": "2024-06-03T17:35:56-04:00",
    "size": 287024
  },
  {
    "path": "/Users/animr/Documents/assignement 3/Reginald_Anim_Assignment3_COSC 4426.docx",
    "mtime": "2024-06-01T21:51:41-04:00",
    "size": 367722
  },
  {
    "path": "/Users/animr/Documents/assignement 3/Assignment 3 COSC 4436.fzz",
    "mtime": "2024-06-01T19:19:30-04:00",
    "size": 7194
  }
]
System Stats: {
  "cpu_usage": "Unknown",
  "memory_usage": "Unknown",
  "disk_usage": "Unknown",
  "system_uptime": "6233"
}
File Stats: [
  {
    "path": "/Users/animr/Documents/assignement 3/config.yaml",
    "mtime": "2024-09-11T14:45:37-04:00",
    "size": 129
  },
  {
    "path": "/Users/animr/Documents/assignement 3/.DS_Store",
    "mtime": "2024-06-04T16:29:53-04:00",
    "size": 6148
  },
  {
    "path": "/Users/animr/Documents/assignement 3/Reginald_Anim_Assignment3_COSC 4426.pdf",
    "mtime": "2024-06-03T17:35:56-04:00",
    "size": 287024
  },
  {
    "path": "/Users/animr/Documents/assignement 3/Reginald_Anim_Assignment3_COSC 4426.docx",
    "mtime": "2024-06-01T21:51:41-04:00",
    "size": 367722
  },
  {
    "path": "/Users/animr/Documents/assignement 3/Assignment 3 COSC 4436.fzz",
    "mtime": "2024-06-01T19:19:30-04:00",
    "size": 7194
  }
]
System Stats: {
  "cpu_usage": "Unknown",
  "memory_usage": "Unknown",
  "disk_usage": "Unknown",
  "system_uptime": "6243"
}
File Stats: [
  {
    "path": "/Users/animr/Documents/assignement 3/config.yaml",
    "mtime": "2024-09-11T14:45:37-04:00",
    "size": 129
  },
  {
    "path": "/Users/animr/Documents/assignement 3/.DS_Store",
    "mtime": "2024-06-04T16:29:53-04:00",
    "size": 6148
  },
  {
    "path": "/Users/animr/Documents/assignement 3/Reginald_Anim_Assignment3_COSC 4426.pdf",
    "mtime": "2024-06-03T17:35:56-04:00",
    "size": 287024
  },
  {
    "path": "/Users/animr/Documents/assignement 3/Reginald_Anim_Assignment3_COSC 4426.docx",
    "mtime": "2024-06-01T21:51:41-04:00",
    "size": 367722
  },
  {
    "path": "/Users/animr/Documents/assignement 3/Assignment 3 COSC 4436.fzz",
    "mtime": "2024-06-01T19:19:30-04:00",
    "size": 7194
  }
]
System Stats: {
  "cpu_usage": "Unknown",
  "memory_usage": "Unknown",
  "disk_usage": "Unknown",
  "system_uptime": "6253"
}
File Stats: [
  {
    "path": "/Users/animr/Documents/assignement 3/config.yaml",
    "mtime": "2024-09-11T14:45:37-04:00",
    "size": 129
  },
  {
    "path": "/Users/animr/Documents/assignement 3/.DS_Store",
    "mtime": "2024-06-04T16:29:53-04:00",
    "size": 6148
  },
  {
    "path": "/Users/animr/Documents/assignement 3/Reginald_Anim_Assignment3_COSC 4426.pdf",
    "mtime": "2024-06-03T17:35:56-04:00",
    "size": 287024
  },
  {
    "path": "/Users/animr/Documents/assignement 3/Reginald_Anim_Assignment3_COSC 4426.docx",
    "mtime": "2024-06-01T21:51:41-04:00",
    "size": 367722
  },
  {
    "path": "/Users/animr/Documents/assignement 3/Assignment 3 COSC 4436.fzz",
    "mtime": "2024-06-01T19:19:30-04:00",
    "size": 7194
  }
]
System Stats: {
  "cpu_usage": "Unknown",
  "memory_usage": "Unknown",
  "disk_usage": "Unknown",
  "system_uptime": "6263"
}
File Stats: [
  {
    "path": "/Users/animr/Documents/assignement 3/config.yaml",
    "mtime": "2024-09-11T14:45:37-04:00",
    "size": 129
  },
  {
    "path": "/Users/animr/Documents/assignement 3/.DS_Store",
    "mtime": "2024-06-04T16:29:53-04:00",
    "size": 6148
  },
  {
    "path": "/Users/animr/Documents/assignement 3/Reginald_Anim_Assignment3_COSC 4426.pdf",
    "mtime": "2024-06-03T17:35:56-04:00",
    "size": 287024
  },
  {
    "path": "/Users/animr/Documents/assignement 3/Reginald_Anim_Assignment3_COSC 4426.docx",
    "mtime": "2024-06-01T21:51:41-04:00",
    "size": 367722
  },
  {
    "path": "/Users/animr/Documents/assignement 3/Assignment 3 COSC 4436.fzz",
    "mtime": "2024-06-01T19:19:30-04:00",
    "size": 7194
  }
]
System Stats: {
  "cpu_usage": "Unknown",
  "memory_usage": "Unknown",
  "disk_usage": "Unknown",
  "system_uptime": "6273"
}
File Stats: [
  {
    "path": "/Users/animr/Documents/assignement 3/config.yaml",
    "mtime": "2024-09-11T14:45:37-04:00",
    "size": 129
  },
  {
    "path": "/Users/animr/Documents/assignement 3/.DS_Store",
    "mtime": "2024-06-04T16:29:53-04:00",
    "size": 6148
  },
  {
    "path": "/Users/animr/Documents/assignement 3/Reginald_Anim_Assignment3_COSC 4426.pdf",
    "mtime": "2024-06-03T17:35:56-04:00",
    "size": 287024
  },
  {
    "path": "/Users/animr/Documents/assignement 3/Reginald_Anim_Assignment3_COSC 4426.docx",
    "mtime": "2024-06-01T21:51:41-04:00",
    "size": 367722
  },
  {
    "path": "/Users/animr/Documents/assignement 3/Assignment 3 COSC 4436.fzz",
    "mtime": "2024-06-01T19:19:30-04:00",
    "size": 7194
  }
]
System Stats: {
  "cpu_usage": "Unknown",
  "memory_usage": "Unknown",
  "disk_usage": "Unknown",
  "system_uptime": "6283"
}
File Stats: [
  {
    "path": "/Users/animr/Documents/assignement 3/config.yaml",
    "mtime": "2024-09-11T14:45:37-04:00",
    "size": 129
  },
  {
    "path": "/Users/animr/Documents/assignement 3/.DS_Store",
    "mtime": "2024-06-04T16:29:53-04:00",
    "size": 6148
  },
  {
    "path": "/Users/animr/Documents/assignement 3/Reginald_Anim_Assignment3_COSC 4426.pdf",
    "mtime": "2024-06-03T17:35:56-04:00",
    "size": 287024
  },
  {
    "path": "/Users/animr/Documents/assignement 3/Reginald_Anim_Assignment3_COSC 4426.docx",
    "mtime": "2024-06-01T21:51:41-04:00",
    "size": 367722
  },
  {
    "path": "/Users/animr/Documents/assignement 3/Assignment 3 COSC 4436.fzz",
    "mtime": "2024-06-01T19:19:30-04:00",
    "size": 7194
  }
]
System Stats: {
  "cpu_usage": "Unknown",
  "memory_usage": "Unknown",
  "disk_usage": "Unknown",
  "system_uptime": "6293"
}
File Stats: [
  {
    "path": "/Users/animr/Documents/assignement 3/config.yaml",
    "mtime": "2024-09-11T14:45:37-04:00",
    "size": 129
  },
  {
    "path": "/Users/animr/Documents/assignement 3/.DS_Store",
    "mtime": "2024-06-04T16:29:53-04:00",
    "size": 6148
  },
  {
    "path": "/Users/animr/Documents/assignement 3/Reginald_Anim_Assignment3_COSC 4426.pdf",
    "mtime": "2024-06-03T17:35:56-04:00",
    "size": 287024
  },
  {
    "path": "/Users/animr/Documents/assignement 3/Reginald_Anim_Assignment3_COSC 4426.docx",
    "mtime": "2024-06-01T21:51:41-04:00",
    "size": 367722
  },
  {
    "path": "/Users/animr/Documents/assignement 3/Assignment 3 COSC 4436.fzz",
    "mtime": "2024-06-01T19:19:30-04:00",
    "size": 7194
  }
]
System Stats: {
  "cpu_usage": "Unknown",
  "memory_usage": "Unknown",
  "disk_usage": "Unknown",
  "system_uptime": "6303"
}
File Stats: [
  {
    "path": "/Users/animr/Documents/assignement 3/config.yaml",
    "mtime": "2024-09-11T14:45:37-04:00",
    "size": 129
  },
  {
    "path": "/Users/animr/Documents/assignement 3/.DS_Store",
    "mtime": "2024-06-04T16:29:53-04:00",
    "size": 6148
  },
  {
    "path": "/Users/animr/Documents/assignement 3/Reginald_Anim_Assignment3_COSC 4426.pdf",
    "mtime": "2024-06-03T17:35:56-04:00",
    "size": 287024
  },
  {
    "path": "/Users/animr/Documents/assignement 3/Reginald_Anim_Assignment3_COSC 4426.docx",
    "mtime": "2024-06-01T21:51:41-04:00",
    "size": 367722
  },
  {
    "path": "/Users/animr/Documents/assignement 3/Assignment 3 COSC 4436.fzz",
    "mtime": "2024-06-01T19:19:30-04:00",
    "size": 7194
  }
]
System Stats: {
  "cpu_usage": "Unknown",
  "memory_usage": "Unknown",
  "disk_usage": "Unknown",
  "system_uptime": "6313"
}
File Stats: [
  {
    "path": "/Users/animr/Documents/assignement 3/config.yaml",
    "mtime": "2024-09-11T14:45:37-04:00",
    "size": 129
  },
  {
    "path": "/Users/animr/Documents/assignement 3/.DS_Store",
    "mtime": "2024-06-04T16:29:53-04:00",
    "size": 6148
  },
  {
    "path": "/Users/animr/Documents/assignement 3/Reginald_Anim_Assignment3_COSC 4426.pdf",
    "mtime": "2024-06-03T17:35:56-04:00",
    "size": 287024
  },
  {
    "path": "/Users/animr/Documents/assignement 3/Reginald_Anim_Assignment3_COSC 4426.docx",
    "mtime": "2024-06-01T21:51:41-04:00",
    "size": 367722
  },
  {
    "path": "/Users/animr/Documents/assignement 3/Assignment 3 COSC 4436.fzz",
    "mtime": "2024-06-01T19:19:30-04:00",
    "size": 7194
  }
]
System Stats: {
  "cpu_usage": "Unknown",
  "memory_usage": "Unknown",
  "disk_usage": "Unknown",
  "system_uptime": "6323"
}
File Stats: [
  {
    "path": "/Users/animr/Documents/assignement 3/config.yaml",
    "mtime": "2024-09-11T14:45:37-04:00",
    "size": 129
  },
  {
    "path": "/Users/animr/Documents/assignement 3/.DS_Store",
    "mtime": "2024-06-04T16:29:53-04:00",
    "size": 6148
  },
  {
    "path": "/Users/animr/Documents/assignement 3/Reginald_Anim_Assignment3_COSC 4426.pdf",
    "mtime": "2024-06-03T17:35:56-04:00",
    "size": 287024
  },
  {
    "path": "/Users/animr/Documents/assignement 3/Reginald_Anim_Assignment3_COSC 4426.docx",
    "mtime": "2024-06-01T21:51:41-04:00",
    "size": 367722
  },
  {
    "path": "/Users/animr/Documents/assignement 3/Assignment 3 COSC 4436.fzz",
    "mtime": "2024-06-01T19:19:30-04:00",
    "size": 7194
  }
]
System Stats: {
  "cpu_usage": "Unknown",
  "memory_usage": "Unknown",
  "disk_usage": "Unknown",
  "system_uptime": "6333"
}
File Stats: [
  {
    "path": "/Users/animr/Documents/assignement 3/config.yaml",
    "mtime": "2024-09-11T14:45:37-04:00",
    "size": 129
  },
  {
    "path": "/Users/animr/Documents/assignement 3/.DS_Store",
    "mtime": "2024-06-04T16:29:53-04:00",
    "size": 6148
  },
  {
    "path": "/Users/animr/Documents/assignement 3/Reginald_Anim_Assignment3_COSC 4426.pdf",
    "mtime": "2024-06-03T17:35:56-04:00",
    "size": 287024
  },
  {
    "path": "/Users/animr/Documents/assignement 3/Reginald_Anim_Assignment3_COSC 4426.docx",
    "mtime": "2024-06-01T21:51:41-04:00",
    "size": 367722
  },
  {
    "path": "/Users/animr/Documents/assignement 3/Assignment 3 COSC 4436.fzz",
    "mtime": "2024-06-01T19:19:30-04:00",
    "size": 7194
  }
]
System Stats: {
  "cpu_usage": "Unknown",
  "memory_usage": "Unknown",
  "disk_usage": "Unknown",
  "system_uptime": "6343"
}
File Stats: [
  {
    "path": "/Users/animr/Documents/assignement 3/config.yaml",
    "mtime": "2024-09-11T14:45:37-04:00",
    "size": 129
  },
  {
    "path": "/Users/animr/Documents/assignement 3/.DS_Store",
    "mtime": "2024-06-04T16:29:53-04:00",
    "size": 6148
  },
  {
    "path": "/Users/animr/Documents/assignement 3/Reginald_Anim_Assignment3_COSC 4426.pdf",
    "mtime": "2024-06-03T17:35:56-04:00",
    "size": 287024
  },
  {
    "path": "/Users/animr/Documents/assignement 3/Reginald_Anim_Assignment3_COSC 4426.docx",
    "mtime": "2024-06-01T21:51:41-04:00",
    "size": 367722
  },
  {
    "path": "/Users/animr/Documents/assignement 3/Assignment 3 COSC 4436.fzz",
    "mtime": "2024-06-01T19:19:30-04:00",
    "size": 7194
  }
]
System Stats: {
  "cpu_usage": "Unknown",
  "memory_usage": "Unknown",
  "disk_usage": "Unknown",
  "system_uptime": "6353"
}
File Stats: [
  {
    "path": "/Users/animr/Documents/assignement 3/config.yaml",
    "mtime": "2024-09-11T14:45:37-04:00",
    "size": 129
  },
  {
    "path": "/Users/animr/Documents/assignement 3/.DS_Store",
    "mtime": "2024-06-04T16:29:53-04:00",
    "size": 6148
  },
  {
    "path": "/Users/animr/Documents/assignement 3/Reginald_Anim_Assignment3_COSC 4426.pdf",
    "mtime": "2024-06-03T17:35:56-04:00",
    "size": 287024
  },
  {
    "path": "/Users/animr/Documents/assignement 3/Reginald_Anim_Assignment3_COSC 4426.docx",
    "mtime": "2024-06-01T21:51:41-04:00",
    "size": 367722
  },
  {
    "path": "/Users/animr/Documents/assignement 3/Assignment 3 COSC 4436.fzz",
    "mtime": "2024-06-01T19:19:30-04:00",
    "size": 7194
  }
]
System Stats: {
  "cpu_usage": "Unknown",
  "memory_usage": "Unknown",
  "disk_usage": "Unknown",
  "system_uptime": "6363"
}
File Stats: [
  {
    "path": "/Users/animr/Documents/assignement 3/config.yaml",
    "mtime": "2024-09-11T14:45:37-04:00",
    "size": 129
  },
  {
    "path": "/Users/animr/Documents/assignement 3/.DS_Store",
    "mtime": "2024-06-04T16:29:53-04:00",
    "size": 6148
  },
  {
    "path": "/Users/animr/Documents/assignement 3/Reginald_Anim_Assignment3_COSC 4426.pdf",
    "mtime": "2024-06-03T17:35:56-04:00",
    "size": 287024
  },
  {
    "path": "/Users/animr/Documents/assignement 3/Reginald_Anim_Assignment3_COSC 4426.docx",
    "mtime": "2024-06-01T21:51:41-04:00",
    "size": 367722
  },
  {
    "path": "/Users/animr/Documents/assignement 3/Assignment 3 COSC 4436.fzz",
    "mtime": "2024-06-01T19:19:30-04:00",
    "size": 7194
  }
]
System Stats: {
  "cpu_usage": "Unknown",
  "memory_usage": "Unknown",
  "disk_usage": "Unknown",
  "system_uptime": "6373"
}
File Stats: [
  {
    "path": "/Users/animr/Documents/assignement 3/config.yaml",
    "mtime": "2024-09-11T14:45:37-04:00",
    "size": 129
  },
  {
    "path": "/Users/animr/Documents/assignement 3/.DS_Store",
    "mtime": "2024-06-04T16:29:53-04:00",
    "size": 6148
  },
  {
    "path": "/Users/animr/Documents/assignement 3/Reginald_Anim_Assignment3_COSC 4426.pdf",
    "mtime": "2024-06-03T17:35:56-04:00",
    "size": 287024
  },
  {
    "path": "/Users/animr/Documents/assignement 3/Reginald_Anim_Assignment3_COSC 4426.docx",
    "mtime": "2024-06-01T21:51:41-04:00",
    "size": 367722
  },
  {
    "path": "/Users/animr/Documents/assignement 3/Assignment 3 COSC 4436.fzz",
    "mtime": "2024-06-01T19:19:30-04:00",
    "size": 7194
  }
]
System Stats: {
  "cpu_usage": "Unknown",
  "memory_usage": "Unknown",
  "disk_usage": "Unknown",
  "system_uptime": "6383"
}
File Stats: [
  {
    "path": "/Users/animr/Documents/assignement 3/config.yaml",
    "mtime": "2024-09-11T14:45:37-04:00",
    "size": 129
  },
  {
    "path": "/Users/animr/Documents/assignement 3/.DS_Store",
    "mtime": "2024-06-04T16:29:53-04:00",
    "size": 6148
  },
  {
    "path": "/Users/animr/Documents/assignement 3/Reginald_Anim_Assignment3_COSC 4426.pdf",
    "mtime": "2024-06-03T17:35:56-04:00",
    "size": 287024
  },
  {
    "path": "/Users/animr/Documents/assignement 3/Reginald_Anim_Assignment3_COSC 4426.docx",
    "mtime": "2024-06-01T21:51:41-04:00",
    "size": 367722
  },
  {
    "path": "/Users/animr/Documents/assignement 3/Assignment 3 COSC 4436.fzz",
    "mtime": "2024-06-01T19:19:30-04:00",
    "size": 7194
  }
]
System Stats: {
  "cpu_usage": "Unknown",
  "memory_usage": "Unknown",
  "disk_usage": "Unknown",
  "system_uptime": "6393"
}
File Stats: [
  {
    "path": "/Users/animr/Documents/assignement 3/config.yaml",
    "mtime": "2024-09-11T14:45:37-04:00",
    "size": 129
  },
  {
    "path": "/Users/animr/Documents/assignement 3/.DS_Store",
    "mtime": "2024-06-04T16:29:53-04:00",
    "size": 6148
  },
  {
    "path": "/Users/animr/Documents/assignement 3/Reginald_Anim_Assignment3_COSC 4426.pdf",
    "mtime": "2024-06-03T17:35:56-04:00",
    "size": 287024
  },
  {
    "path": "/Users/animr/Documents/assignement 3/Reginald_Anim_Assignment3_COSC 4426.docx",
    "mtime": "2024-06-01T21:51:41-04:00",
    "size": 367722
  },
  {
    "path": "/Users/animr/Documents/assignement 3/Assignment 3 COSC 4436.fzz",
    "mtime": "2024-06-01T19:19:30-04:00",
    "size": 7194
  }
]
System Stats: {
  "cpu_usage": "Unknown",
  "memory_usage": "Unknown",
  "disk_usage": "Unknown",
  "system_uptime": "6403"
}
File Stats: [
  {
    "path": "/Users/animr/Documents/assignement 3/config.yaml",
    "mtime": "2024-09-11T14:45:37-04:00",
    "size": 129
  },
  {
    "path": "/Users/animr/Documents/assignement 3/.DS_Store",
    "mtime": "2024-06-04T16:29:53-04:00",
    "size": 6148
  },
  {
    "path": "/Users/animr/Documents/assignement 3/Reginald_Anim_Assignment3_COSC 4426.pdf",
    "mtime": "2024-06-03T17:35:56-04:00",
    "size": 287024
  },
  {
    "path": "/Users/animr/Documents/assignement 3/Reginald_Anim_Assignment3_COSC 4426.docx",
    "mtime": "2024-06-01T21:51:41-04:00",
    "size": 367722
  },
  {
    "path": "/Users/animr/Documents/assignement 3/Assignment 3 COSC 4436.fzz",
    "mtime": "2024-06-01T19:19:30-04:00",
    "size": 7194
  }
]
System Stats: {
  "cpu_usage": "Unknown",
  "memory_usage": "Unknown",
  "disk_usage": "Unknown",
  "system_uptime": "6711"
}
File Stats: [
  {
    "path": "/Users/animr/Documents/assignement 3/config.yaml",
    "mtime": "2024-09-11T14:45:37-04:00",
    "size": 129
  },
  {
    "path": "/Users/animr/Documents/assignement 3/.DS_Store",
    "mtime": "2024-06-04T16:29:53-04:00",
    "size": 6148
  },
  {
    "path": "/Users/animr/Documents/assignement 3/Reginald_Anim_Assignment3_COSC 4426.pdf",
    "mtime": "2024-06-03T17:35:56-04:00",
    "size": 287024
  },
  {
    "path": "/Users/animr/Documents/assignement 3/Reginald_Anim_Assignment3_COSC 4426.docx",
    "mtime": "2024-06-01T21:51:41-04:00",
    "size": 367722
  },
  {
    "path": "/Users/animr/Documents/assignement 3/Assignment 3 COSC 4436.fzz",
    "mtime": "2024-06-01T19:19:30-04:00",
    "size": 7194
  }
]
System Stats: {
  "cpu_usage": "Unknown",
  "memory_usage": "Unknown",
  "disk_usage": "Unknown",
  "system_uptime": "6721"
}
File Stats: [
  {
    "path": "/Users/animr/Documents/assignement 3/config.yaml",
    "mtime": "2024-09-11T14:45:37-04:00",
    "size": 129
  },
  {
    "path": "/Users/animr/Documents/assignement 3/.DS_Store",
    "mtime": "2024-06-04T16:29:53-04:00",
    "size": 6148
  },
  {
    "path": "/Users/animr/Documents/assignement 3/Reginald_Anim_Assignment3_COSC 4426.pdf",
    "mtime": "2024-06-03T17:35:56-04:00",
    "size": 287024
  },
  {
    "path": "/Users/animr/Documents/assignement 3/Reginald_Anim_Assignment3_COSC 4426.docx",
    "mtime": "2024-06-01T21:51:41-04:00",
    "size": 367722
  },
  {
    "path": "/Users/animr/Documents/assignement 3/Assignment 3 COSC 4436.fzz",
    "mtime": "2024-06-01T19:19:30-04:00",
    "size": 7194
  }
]
System Stats: {
  "cpu_usage": "Unknown",
  "memory_usage": "Unknown",
  "disk_usage": "Unknown",
  "system_uptime": "6731"
}
File Stats: [
  {
    "path": "/Users/animr/Documents/assignement 3/config.yaml",
    "mtime": "2024-09-11T14:45:37-04:00",
    "size": 129
  },
  {
    "path": "/Users/animr/Documents/assignement 3/.DS_Store",
    "mtime": "2024-06-04T16:29:53-04:00",
    "size": 6148
  },
  {
    "path": "/Users/animr/Documents/assignement 3/Reginald_Anim_Assignment3_COSC 4426.pdf",
    "mtime": "2024-06-03T17:35:56-04:00",
    "size": 287024
  },
  {
    "path": "/Users/animr/Documents/assignement 3/Reginald_Anim_Assignment3_COSC 4426.docx",
    "mtime": "2024-06-01T21:51:41-04:00",
    "size": 367722
  },
  {
    "path": "/Users/animr/Documents/assignement 3/Assignment 3 COSC 4436.fzz",
    "mtime": "2024-06-01T19:19:30-04:00",
    "size": 7194
  }
]
System Stats: {
  "cpu_usage": "Unknown",
  "memory_usage": "Unknown",
  "disk_usage": "Unknown",
  "system_uptime": "6741"
}
File Stats: [
  {
    "path": "/Users/animr/Documents/assignement 3/config.yaml",
    "mtime": "2024-09-11T14:45:37-04:00",
    "size": 129
  },
  {
    "path": "/Users/animr/Documents/assignement 3/.DS_Store",
    "mtime": "2024-06-04T16:29:53-04:00",
    "size": 6148
  },
  {
    "path": "/Users/animr/Documents/assignement 3/Reginald_Anim_Assignment3_COSC 4426.pdf",
    "mtime": "2024-06-03T17:35:56-04:00",
    "size": 287024
  },
  {
    "path": "/Users/animr/Documents/assignement 3/Reginald_Anim_Assignment3_COSC 4426.docx",
    "mtime": "2024-06-01T21:51:41-04:00",
    "size": 367722
  },
  {
    "path": "/Users/animr/Documents/assignement 3/Assignment 3 COSC 4436.fzz",
    "mtime": "2024-06-01T19:19:30-04:00",
    "size": 7194
  }
]
System Stats: {
  "cpu_usage": "Unknown",
  "memory_usage": "Unknown",
  "disk_usage": "Unknown",
  "system_uptime": "6751"
}
File Stats: [
  {
    "path": "/Users/animr/Documents/assignement 3/config.yaml",
    "mtime": "2024-09-11T14:45:37-04:00",
    "size": 129
  },
  {
    "path": "/Users/animr/Documents/assignement 3/.DS_Store",
    "mtime": "2024-06-04T16:29:53-04:00",
    "size": 6148
  },
  {
    "path": "/Users/animr/Documents/assignement 3/Reginald_Anim_Assignment3_COSC 4426.pdf",
    "mtime": "2024-06-03T17:35:56-04:00",
    "size": 287024
  },
  {
    "path": "/Users/animr/Documents/assignement 3/Reginald_Anim_Assignment3_COSC 4426.docx",
    "mtime": "2024-06-01T21:51:41-04:00",
    "size": 367722
  },
  {
    "path": "/Users/animr/Documents/assignement 3/Assignment 3 COSC 4436.fzz",
    "mtime": "2024-06-01T19:19:30-04:00",
    "size": 7194
  }
]
System Stats: {
  "cpu_usage": "Unknown",
  "memory_usage": "Unknown",
  "disk_usage": "Unknown",
  "system_uptime": "6761"
}
File Stats: [
  {
    "path": "/Users/animr/Documents/assignement 3/config.yaml",
    "mtime": "2024-09-11T14:45:37-04:00",
    "size": 129
  },
  {
    "path": "/Users/animr/Documents/assignement 3/.DS_Store",
    "mtime": "2024-06-04T16:29:53-04:00",
    "size": 6148
  },
  {
    "path": "/Users/animr/Documents/assignement 3/Reginald_Anim_Assignment3_COSC 4426.pdf",
    "mtime": "2024-06-03T17:35:56-04:00",
    "size": 287024
  },
  {
    "path": "/Users/animr/Documents/assignement 3/Reginald_Anim_Assignment3_COSC 4426.docx",
    "mtime": "2024-06-01T21:51:41-04:00",
    "size": 367722
  },
  {
    "path": "/Users/animr/Documents/assignement 3/Assignment 3 COSC 4436.fzz",
    "mtime": "2024-06-01T19:19:30-04:00",
    "size": 7194
  }
]
System Stats: {
  "cpu_usage": "Unknown",
  "memory_usage": "Unknown",
  "disk_usage": "Unknown",
  "system_uptime": "6771"
}
File Stats: [
  {
    "path": "/Users/animr/Documents/assignement 3/config.yaml",
    "mtime": "2024-09-11T14:45:37-04:00",
    "size": 129
  },
  {
    "path": "/Users/animr/Documents/assignement 3/.DS_Store",
    "mtime": "2024-06-04T16:29:53-04:00",
    "size": 6148
  },
  {
    "path": "/Users/animr/Documents/assignement 3/Reginald_Anim_Assignment3_COSC 4426.pdf",
    "mtime": "2024-06-03T17:35:56-04:00",
    "size": 287024
  },
  {
    "path": "/Users/animr/Documents/assignement 3/Reginald_Anim_Assignment3_COSC 4426.docx",
    "mtime": "2024-06-01T21:51:41-04:00",
    "size": 367722
  },
  {
    "path": "/Users/animr/Documents/assignement 3/Assignment 3 COSC 4436.fzz",
    "mtime": "2024-06-01T19:19:30-04:00",
    "size": 7194
  }
]
System Stats: {
  "cpu_usage": "Unknown",
  "memory_usage": "Unknown",
  "disk_usage": "Unknown",
  "system_uptime": "6781"
}
File Stats: [
  {
    "path": "/Users/animr/Documents/assignement 3/config.yaml",
    "mtime": "2024-09-11T14:45:37-04:00",
    "size": 129
  },
  {
    "path": "/Users/animr/Documents/assignement 3/.DS_Store",
    "mtime": "2024-06-04T16:29:53-04:00",
    "size": 6148
  },
  {
    "path": "/Users/animr/Documents/assignement 3/Reginald_Anim_Assignment3_COSC 4426.pdf",
    "mtime": "2024-06-03T17:35:56-04:00",
    "size": 287024
  },
  {
    "path": "/Users/animr/Documents/assignement 3/Reginald_Anim_Assignment3_COSC 4426.docx",
    "mtime": "2024-06-01T21:51:41-04:00",
    "size": 367722
  },
  {
    "path": "/Users/animr/Documents/assignement 3/Assignment 3 COSC 4436.fzz",
    "mtime": "2024-06-01T19:19:30-04:00",
    "size": 7194
  }
]
System Stats: {
  "cpu_usage": "Unknown",
  "memory_usage": "Unknown",
  "disk_usage": "Unknown",
  "system_uptime": "6791"
}
File Stats: [
  {
    "path": "/Users/animr/Documents/assignement 3/config.yaml",
    "mtime": "2024-09-11T14:45:37-04:00",
    "size": 129
  },
  {
    "path": "/Users/animr/Documents/assignement 3/.DS_Store",
    "mtime": "2024-06-04T16:29:53-04:00",
    "size": 6148
  },
  {
    "path": "/Users/animr/Documents/assignement 3/Reginald_Anim_Assignment3_COSC 4426.pdf",
    "mtime": "2024-06-03T17:35:56-04:00",
    "size": 287024
  },
  {
    "path": "/Users/animr/Documents/assignement 3/Reginald_Anim_Assignment3_COSC 4426.docx",
    "mtime": "2024-06-01T21:51:41-04:00",
    "size": 367722
  },
  {
    "path": "/Users/animr/Documents/assignement 3/Assignment 3 COSC 4436.fzz",
    "mtime": "2024-06-01T19:19:30-04:00",
    "size": 7194
  }
]
System Stats: {
  "cpu_usage": "Unknown",
  "memory_usage": "Unknown",
  "disk_usage": "Unknown",
  "system_uptime": "6801"
}
File Stats: [
  {
    "path": "/Users/animr/Documents/assignement 3/config.yaml",
    "mtime": "2024-09-11T14:45:37-04:00",
    "size": 129
  },
  {
    "path": "/Users/animr/Documents/assignement 3/.DS_Store",
    "mtime": "2024-06-04T16:29:53-04:00",
    "size": 6148
  },
  {
    "path": "/Users/animr/Documents/assignement 3/Reginald_Anim_Assignment3_COSC 4426.pdf",
    "mtime": "2024-06-03T17:35:56-04:00",
    "size": 287024
  },
  {
    "path": "/Users/animr/Documents/assignement 3/Reginald_Anim_Assignment3_COSC 4426.docx",
    "mtime": "2024-06-01T21:51:41-04:00",
    "size": 367722
  },
  {
    "path": "/Users/animr/Documents/assignement 3/Assignment 3 COSC 4436.fzz",
    "mtime": "2024-06-01T19:19:30-04:00",
    "size": 7194
  }
]
System Stats: {
  "cpu_usage": "Unknown",
  "memory_usage": "Unknown",
  "disk_usage": "Unknown",
  "system_uptime": "6811"
}
File Stats: [
  {
    "path": "/Users/animr/Documents/assignement 3/config.yaml",
    "mtime": "2024-09-11T14:45:37-04:00",
    "size": 129
  },
  {
    "path": "/Users/animr/Documents/assignement 3/.DS_Store",
    "mtime": "2024-06-04T16:29:53-04:00",
    "size": 6148
  },
  {
    "path": "/Users/animr/Documents/assignement 3/Reginald_Anim_Assignment3_COSC 4426.pdf",
    "mtime": "2024-06-03T17:35:56-04:00",
    "size": 287024
  },
  {
    "path": "/Users/animr/Documents/assignement 3/Reginald_Anim_Assignment3_COSC 4426.docx",
    "mtime": "2024-06-01T21:51:41-04:00",
    "size": 367722
  },
  {
    "path": "/Users/animr/Documents/assignement 3/Assignment 3 COSC 4436.fzz",
    "mtime": "2024-06-01T19:19:30-04:00",
    "size": 7194
  }
]
System Stats: {
  "cpu_usage": "Unknown",
  "memory_usage": "Unknown",
  "disk_usage": "Unknown",
  "system_uptime": "6821"
}
File Stats: [
  {
    "path": "/Users/animr/Documents/assignement 3/config.yaml",
    "mtime": "2024-09-11T14:45:37-04:00",
    "size": 129
  },
  {
    "path": "/Users/animr/Documents/assignement 3/.DS_Store",
    "mtime": "2024-06-04T16:29:53-04:00",
    "size": 6148
  },
  {
    "path": "/Users/animr/Documents/assignement 3/Reginald_Anim_Assignment3_COSC 4426.pdf",
    "mtime": "2024-06-03T17:35:56-04:00",
    "size": 287024
  },
  {
    "path": "/Users/animr/Documents/assignement 3/Reginald_Anim_Assignment3_COSC 4426.docx",
    "mtime": "2024-06-01T21:51:41-04:00",
    "size": 367722
  },
  {
    "path": "/Users/animr/Documents/assignement 3/Assignment 3 COSC 4436.fzz",
    "mtime": "2024-06-01T19:19:30-04:00",
    "size": 7194
  }
]
System Stats: {
  "cpu_usage": "Unknown",
  "memory_usage": "Unknown",
  "disk_usage": "Unknown",
  "system_uptime": "6831"
}
File Stats: [
  {
    "path": "/Users/animr/Documents/assignement 3/config.yaml",
    "mtime": "2024-09-11T14:45:37-04:00",
    "size": 129
  },
  {
    "path": "/Users/animr/Documents/assignement 3/.DS_Store",
    "mtime": "2024-06-04T16:29:53-04:00",
    "size": 6148
  },
  {
    "path": "/Users/animr/Documents/assignement 3/Reginald_Anim_Assignment3_COSC 4426.pdf",
    "mtime": "2024-06-03T17:35:56-04:00",
    "size": 287024
  },
  {
    "path": "/Users/animr/Documents/assignement 3/Reginald_Anim_Assignment3_COSC 4426.docx",
    "mtime": "2024-06-01T21:51:41-04:00",
    "size": 367722
  },
  {
    "path": "/Users/animr/Documents/assignement 3/Assignment 3 COSC 4436.fzz",
    "mtime": "2024-06-01T19:19:30-04:00",
    "size": 7194
  }
]
System Stats: {
  "cpu_usage": "Unknown",
  "memory_usage": "Unknown",
  "disk_usage": "Unknown",
  "system_uptime": "6841"
}
File Stats: [
  {
    "path": "/Users/animr/Documents/assignement 3/config.yaml",
    "mtime": "2024-09-11T14:45:37-04:00",
    "size": 129
  },
  {
    "path": "/Users/animr/Documents/assignement 3/.DS_Store",
    "mtime": "2024-06-04T16:29:53-04:00",
    "size": 6148
  },
  {
    "path": "/Users/animr/Documents/assignement 3/Reginald_Anim_Assignment3_COSC 4426.pdf",
    "mtime": "2024-06-03T17:35:56-04:00",
    "size": 287024
  },
  {
    "path": "/Users/animr/Documents/assignement 3/Reginald_Anim_Assignment3_COSC 4426.docx",
    "mtime": "2024-06-01T21:51:41-04:00",
    "size": 367722
  },
  {
    "path": "/Users/animr/Documents/assignement 3/Assignment 3 COSC 4436.fzz",
    "mtime": "2024-06-01T19:19:30-04:00",
    "size": 7194
  }
]
System Stats: {
  "cpu_usage": "Unknown",
  "memory_usage": "Unknown",
  "disk_usage": "Unknown",
  "system_uptime": "6851"
}
File Stats: [
  {
    "path": "/Users/animr/Documents/assignement 3/config.yaml",
    "mtime": "2024-09-11T14:45:37-04:00",
    "size": 129
  },
  {
    "path": "/Users/animr/Documents/assignement 3/.DS_Store",
    "mtime": "2024-06-04T16:29:53-04:00",
    "size": 6148
  },
  {
    "path": "/Users/animr/Documents/assignement 3/Reginald_Anim_Assignment3_COSC 4426.pdf",
    "mtime": "2024-06-03T17:35:56-04:00",
    "size": 287024
  },
  {
    "path": "/Users/animr/Documents/assignement 3/Reginald_Anim_Assignment3_COSC 4426.docx",
    "mtime": "2024-06-01T21:51:41-04:00",
    "size": 367722
  },
  {
    "path": "/Users/animr/Documents/assignement 3/Assignment 3 COSC 4436.fzz",
    "mtime": "2024-06-01T19:19:30-04:00",
    "size": 7194
  }
]
System Stats: {
  "cpu_usage": "Unknown",
  "memory_usage": "Unknown",
  "disk_usage": "Unknown",
  "system_uptime": "6861"
}
File Stats: [
  {
    "path": "/Users/animr/Documents/assignement 3/config.yaml",
    "mtime": "2024-09-11T14:45:37-04:00",
    "size": 129
  },
  {
    "path": "/Users/animr/Documents/assignement 3/.DS_Store",
    "mtime": "2024-06-04T16:29:53-04:00",
    "size": 6148
  },
  {
    "path": "/Users/animr/Documents/assignement 3/Reginald_Anim_Assignment3_COSC 4426.pdf",
    "mtime": "2024-06-03T17:35:56-04:00",
    "size": 287024
  },
  {
    "path": "/Users/animr/Documents/assignement 3/Reginald_Anim_Assignment3_COSC 4426.docx",
    "mtime": "2024-06-01T21:51:41-04:00",
    "size": 367722
  },
  {
    "path": "/Users/animr/Documents/assignement 3/Assignment 3 COSC 4436.fzz",
    "mtime": "2024-06-01T19:19:30-04:00",
    "size": 7194
  }
]
System Stats: {
  "cpu_usage": "Unknown",
  "memory_usage": "Unknown",
  "disk_usage": "Unknown",
  "system_uptime": "6871"
}
File Stats: [
  {
    "path": "/Users/animr/Documents/assignement 3/config.yaml",
    "mtime": "2024-09-11T14:45:37-04:00",
    "size": 129
  },
  {
    "path": "/Users/animr/Documents/assignement 3/.DS_Store",
    "mtime": "2024-06-04T16:29:53-04:00",
    "size": 6148
  },
  {
    "path": "/Users/animr/Documents/assignement 3/Reginald_Anim_Assignment3_COSC 4426.pdf",
    "mtime": "2024-06-03T17:35:56-04:00",
    "size": 287024
  },
  {
    "path": "/Users/animr/Documents/assignement 3/Reginald_Anim_Assignment3_COSC 4426.docx",
    "mtime": "2024-06-01T21:51:41-04:00",
    "size": 367722
  },
  {
    "path": "/Users/animr/Documents/assignement 3/Assignment 3 COSC 4436.fzz",
    "mtime": "2024-06-01T19:19:30-04:00",
    "size": 7194
  }
]
System Stats: {
  "cpu_usage": "Unknown",
  "memory_usage": "Unknown",
  "disk_usage": "Unknown",
  "system_uptime": "6881"
}
File Stats: [
  {
    "path": "/Users/animr/Documents/assignement 3/config.yaml",
    "mtime": "2024-09-11T14:45:37-04:00",
    "size": 129
  },
  {
    "path": "/Users/animr/Documents/assignement 3/.DS_Store",
    "mtime": "2024-06-04T16:29:53-04:00",
    "size": 6148
  },
  {
    "path": "/Users/animr/Documents/assignement 3/Reginald_Anim_Assignment3_COSC 4426.pdf",
    "mtime": "2024-06-03T17:35:56-04:00",
    "size": 287024
  },
  {
    "path": "/Users/animr/Documents/assignement 3/Reginald_Anim_Assignment3_COSC 4426.docx",
    "mtime": "2024-06-01T21:51:41-04:00",
    "size": 367722
  },
  {
    "path": "/Users/animr/Documents/assignement 3/Assignment 3 COSC 4436.fzz",
    "mtime": "2024-06-01T19:19:30-04:00",
    "size": 7194
  }
]
System Stats: {
  "cpu_usage": "Unknown",
  "memory_usage": "Unknown",
  "disk_usage": "Unknown",
  "system_uptime": "6891"
}
File Stats: [
  {
    "path": "/Users/animr/Documents/assignement 3/config.yaml",
    "mtime": "2024-09-11T14:45:37-04:00",
    "size": 129
  },
  {
    "path": "/Users/animr/Documents/assignement 3/.DS_Store",
    "mtime": "2024-06-04T16:29:53-04:00",
    "size": 6148
  },
  {
    "path": "/Users/animr/Documents/assignement 3/Reginald_Anim_Assignment3_COSC 4426.pdf",
    "mtime": "2024-06-03T17:35:56-04:00",
    "size": 287024
  },
  {
    "path": "/Users/animr/Documents/assignement 3/Reginald_Anim_Assignment3_COSC 4426.docx",
    "mtime": "2024-06-01T21:51:41-04:00",
    "size": 367722
  },
  {
    "path": "/Users/animr/Documents/assignement 3/Assignment 3 COSC 4436.fzz",
    "mtime": "2024-06-01T19:19:30-04:00",
    "size": 7194
  }
]
System Stats: {
  "cpu_usage": "Unknown",
  "memory_usage": "Unknown",
  "disk_usage": "Unknown",
  "system_uptime": "6901"
}
File Stats: [
  {
    "path": "/Users/animr/Documents/assignement 3/config.yaml",
    "mtime": "2024-09-11T14:45:37-04:00",
    "size": 129
  },
  {
    "path": "/Users/animr/Documents/assignement 3/.DS_Store",
    "mtime": "2024-06-04T16:29:53-04:00",
    "size": 6148
  },
  {
    "path": "/Users/animr/Documents/assignement 3/Reginald_Anim_Assignment3_COSC 4426.pdf",
    "mtime": "2024-06-03T17:35:56-04:00",
    "size": 287024
  },
  {
    "path": "/Users/animr/Documents/assignement 3/Reginald_Anim_Assignment3_COSC 4426.docx",
    "mtime": "2024-06-01T21:51:41-04:00",
    "size": 367722
  },
  {
    "path": "/Users/animr/Documents/assignement 3/Assignment 3 COSC 4436.fzz",
    "mtime": "2024-06-01T19:19:30-04:00",
    "size": 7194
  }
]
System Stats: {
  "cpu_usage": "Unknown",
  "memory_usage": "Unknown",
  "disk_usage": "Unknown",
  "system_uptime": "6911"
}
File Stats: [
  {
    "path": "/Users/animr/Documents/assignement 3/config.yaml",
    "mtime": "2024-09-11T14:45:37-04:00",
    "size": 129
  },
  {
    "path": "/Users/animr/Documents/assignement 3/.DS_Store",
    "mtime": "2024-06-04T16:29:53-04:00",
    "size": 6148
  },
  {
    "path": "/Users/animr/Documents/assignement 3/Reginald_Anim_Assignment3_COSC 4426.pdf",
    "mtime": "2024-06-03T17:35:56-04:00",
    "size": 287024
  },
  {
    "path": "/Users/animr/Documents/assignement 3/Reginald_Anim_Assignment3_COSC 4426.docx",
    "mtime": "2024-06-01T21:51:41-04:00",
    "size": 367722
  },
  {
    "path": "/Users/animr/Documents/assignement 3/Assignment 3 COSC 4436.fzz",
    "mtime": "2024-06-01T19:19:30-04:00",
    "size": 7194
  }
]
System Stats: {
  "cpu_usage": "Unknown",
  "memory_usage": "Unknown",
  "disk_usage": "Unknown",
  "system_uptime": "6921"
}
File Stats: [
  {
    "path": "/Users/animr/Documents/assignement 3/config.yaml",
    "mtime": "2024-09-11T14:45:37-04:00",
    "size": 129
  },
  {
    "path": "/Users/animr/Documents/assignement 3/.DS_Store",
    "mtime": "2024-06-04T16:29:53-04:00",
    "size": 6148
  },
  {
    "path": "/Users/animr/Documents/assignement 3/Reginald_Anim_Assignment3_COSC 4426.pdf",
    "mtime": "2024-06-03T17:35:56-04:00",
    "size": 287024
  },
  {
    "path": "/Users/animr/Documents/assignement 3/Reginald_Anim_Assignment3_COSC 4426.docx",
    "mtime": "2024-06-01T21:51:41-04:00",
    "size": 367722
  },
  {
    "path": "/Users/animr/Documents/assignement 3/Assignment 3 COSC 4436.fzz",
    "mtime": "2024-06-01T19:19:30-04:00",
    "size": 7194
  }
]
System Stats: {
  "cpu_usage": "Unknown",
  "memory_usage": "Unknown",
  "disk_usage": "Unknown",
  "system_uptime": "6931"
}
File Stats: [
  {
    "path": "/Users/animr/Documents/assignement 3/config.yaml",
    "mtime": "2024-09-11T14:45:37-04:00",
    "size": 129
  },
  {
    "path": "/Users/animr/Documents/assignement 3/.DS_Store",
    "mtime": "2024-06-04T16:29:53-04:00",
    "size": 6148
  },
  {
    "path": "/Users/animr/Documents/assignement 3/Reginald_Anim_Assignment3_COSC 4426.pdf",
    "mtime": "2024-06-03T17:35:56-04:00",
    "size": 287024
  },
  {
    "path": "/Users/animr/Documents/assignement 3/Reginald_Anim_Assignment3_COSC 4426.docx",
    "mtime": "2024-06-01T21:51:41-04:00",
    "size": 367722
  },
  {
    "path": "/Users/animr/Documents/assignement 3/Assignment 3 COSC 4436.fzz",
    "mtime": "2024-06-01T19:19:30-04:00",
    "size": 7194
  }
]
System Stats: {
  "cpu_usage": "Unknown",
  "memory_usage": "Unknown",
  "disk_usage": "Unknown",
  "system_uptime": "6985"
}
File Stats: [
  {
    "path": "/Users/animr/Documents/assignement 3/config.yaml",
    "mtime": "2024-09-11T14:45:37-04:00",
    "size": 129
  },
  {
    "path": "/Users/animr/Documents/assignement 3/.DS_Store",
    "mtime": "2024-06-04T16:29:53-04:00",
    "size": 6148
  },
  {
    "path": "/Users/animr/Documents/assignement 3/Reginald_Anim_Assignment3_COSC 4426.pdf",
    "mtime": "2024-06-03T17:35:56-04:00",
    "size": 287024
  },
  {
    "path": "/Users/animr/Documents/assignement 3/Reginald_Anim_Assignment3_COSC 4426.docx",
    "mtime": "2024-06-01T21:51:41-04:00",
    "size": 367722
  },
  {
    "path": "/Users/animr/Documents/assignement 3/Assignment 3 COSC 4436.fzz",
    "mtime": "2024-06-01T19:19:30-04:00",
    "size": 7194
  }
]
System Stats: {
  "cpu_usage": "Unknown",
  "memory_usage": "Unknown",
  "disk_usage": "Unknown",
  "system_uptime": "6995"
}
File Stats: [
  {
    "path": "/Users/animr/Documents/assignement 3/config.yaml",
    "mtime": "2024-09-11T14:45:37-04:00",
    "size": 129
  },
  {
    "path": "/Users/animr/Documents/assignement 3/.DS_Store",
    "mtime": "2024-06-04T16:29:53-04:00",
    "size": 6148
  },
  {
    "path": "/Users/animr/Documents/assignement 3/Reginald_Anim_Assignment3_COSC 4426.pdf",
    "mtime": "2024-06-03T17:35:56-04:00",
    "size": 287024
  },
  {
    "path": "/Users/animr/Documents/assignement 3/Reginald_Anim_Assignment3_COSC 4426.docx",
    "mtime": "2024-06-01T21:51:41-04:00",
    "size": 367722
  },
  {
    "path": "/Users/animr/Documents/assignement 3/Assignment 3 COSC 4436.fzz",
    "mtime": "2024-06-01T19:19:30-04:00",
    "size": 7194
  }
]
System Stats: {
  "cpu_usage": "Unknown",
  "memory_usage": "Unknown",
  "disk_usage": "Unknown",
  "system_uptime": "7005"
}
File Stats: [
  {
    "path": "/Users/animr/Documents/assignement 3/config.yaml",
    "mtime": "2024-09-11T14:45:37-04:00",
    "size": 129
  },
  {
    "path": "/Users/animr/Documents/assignement 3/.DS_Store",
    "mtime": "2024-06-04T16:29:53-04:00",
    "size": 6148
  },
  {
    "path": "/Users/animr/Documents/assignement 3/Reginald_Anim_Assignment3_COSC 4426.pdf",
    "mtime": "2024-06-03T17:35:56-04:00",
    "size": 287024
  },
  {
    "path": "/Users/animr/Documents/assignement 3/Reginald_Anim_Assignment3_COSC 4426.docx",
    "mtime": "2024-06-01T21:51:41-04:00",
    "size": 367722
  },
  {
    "path": "/Users/animr/Documents/assignement 3/Assignment 3 COSC 4436.fzz",
    "mtime": "2024-06-01T19:19:30-04:00",
    "size": 7194
  }
]
System Stats: {
  "cpu_usage": "Unknown",
  "memory_usage": "Unknown",
  "disk_usage": "Unknown",
  "system_uptime": "7015"
}
File Stats: [
  {
    "path": "/Users/animr/Documents/assignement 3/config.yaml",
    "mtime": "2024-09-11T14:45:37-04:00",
    "size": 129
  },
  {
    "path": "/Users/animr/Documents/assignement 3/.DS_Store",
    "mtime": "2024-06-04T16:29:53-04:00",
    "size": 6148
  },
  {
    "path": "/Users/animr/Documents/assignement 3/Reginald_Anim_Assignment3_COSC 4426.pdf",
    "mtime": "2024-06-03T17:35:56-04:00",
    "size": 287024
  },
  {
    "path": "/Users/animr/Documents/assignement 3/Reginald_Anim_Assignment3_COSC 4426.docx",
    "mtime": "2024-06-01T21:51:41-04:00",
    "size": 367722
  },
  {
    "path": "/Users/animr/Documents/assignement 3/Assignment 3 COSC 4436.fzz",
    "mtime": "2024-06-01T19:19:30-04:00",
    "size": 7194
  }
]
System Stats: {
  "cpu_usage": "Unknown",
  "memory_usage": "Unknown",
  "disk_usage": "Unknown",
  "system_uptime": "7025"
}
File Stats: [
  {
    "path": "/Users/animr/Documents/assignement 3/config.yaml",
    "mtime": "2024-09-11T14:45:37-04:00",
    "size": 129
  },
  {
    "path": "/Users/animr/Documents/assignement 3/.DS_Store",
    "mtime": "2024-06-04T16:29:53-04:00",
    "size": 6148
  },
  {
    "path": "/Users/animr/Documents/assignement 3/Reginald_Anim_Assignment3_COSC 4426.pdf",
    "mtime": "2024-06-03T17:35:56-04:00",
    "size": 287024
  },
  {
    "path": "/Users/animr/Documents/assignement 3/Reginald_Anim_Assignment3_COSC 4426.docx",
    "mtime": "2024-06-01T21:51:41-04:00",
    "size": 367722
  },
  {
    "path": "/Users/animr/Documents/assignement 3/Assignment 3 COSC 4436.fzz",
    "mtime": "2024-06-01T19:19:30-04:00",
    "size": 7194
  }
]
System Stats: {
  "cpu_usage": "Unknown",
  "memory_usage": "Unknown",
  "disk_usage": "Unknown",
  "system_uptime": "7035"
}
File Stats: [
  {
    "path": "/Users/animr/Documents/assignement 3/config.yaml",
    "mtime": "2024-09-11T14:45:37-04:00",
    "size": 129
  },
  {
    "path": "/Users/animr/Documents/assignement 3/.DS_Store",
    "mtime": "2024-06-04T16:29:53-04:00",
    "size": 6148
  },
  {
    "path": "/Users/animr/Documents/assignement 3/Reginald_Anim_Assignment3_COSC 4426.pdf",
    "mtime": "2024-06-03T17:35:56-04:00",
    "size": 287024
  },
  {
    "path": "/Users/animr/Documents/assignement 3/Reginald_Anim_Assignment3_COSC 4426.docx",
    "mtime": "2024-06-01T21:51:41-04:00",
    "size": 367722
  },
  {
    "path": "/Users/animr/Documents/assignement 3/Assignment 3 COSC 4436.fzz",
    "mtime": "2024-06-01T19:19:30-04:00",
    "size": 7194
  }
]
System Stats: {
  "cpu_usage": "Unknown",
  "memory_usage": "Unknown",
  "disk_usage": "Unknown",
  "system_uptime": "7045"
}
File Stats: [
  {
    "path": "/Users/animr/Documents/assignement 3/config.yaml",
    "mtime": "2024-09-11T14:45:37-04:00",
    "size": 129
  },
  {
    "path": "/Users/animr/Documents/assignement 3/.DS_Store",
    "mtime": "2024-06-04T16:29:53-04:00",
    "size": 6148
  },
  {
    "path": "/Users/animr/Documents/assignement 3/Reginald_Anim_Assignment3_COSC 4426.pdf",
    "mtime": "2024-06-03T17:35:56-04:00",
    "size": 287024
  },
  {
    "path": "/Users/animr/Documents/assignement 3/Reginald_Anim_Assignment3_COSC 4426.docx",
    "mtime": "2024-06-01T21:51:41-04:00",
    "size": 367722
  },
  {
    "path": "/Users/animr/Documents/assignement 3/Assignment 3 COSC 4436.fzz",
    "mtime": "2024-06-01T19:19:30-04:00",
    "size": 7194
  }
]
System Stats: {
  "cpu_usage": "Unknown",
  "memory_usage": "Unknown",
  "disk_usage": "Unknown",
  "system_uptime": "7055"
}
File Stats: [
  {
    "path": "/Users/animr/Documents/assignement 3/config.yaml",
    "mtime": "2024-09-11T14:45:37-04:00",
    "size": 129
  },
  {
    "path": "/Users/animr/Documents/assignement 3/.DS_Store",
    "mtime": "2024-06-04T16:29:53-04:00",
    "size": 6148
  },
  {
    "path": "/Users/animr/Documents/assignement 3/Reginald_Anim_Assignment3_COSC 4426.pdf",
    "mtime": "2024-06-03T17:35:56-04:00",
    "size": 287024
  },
  {
    "path": "/Users/animr/Documents/assignement 3/Reginald_Anim_Assignment3_COSC 4426.docx",
    "mtime": "2024-06-01T21:51:41-04:00",
    "size": 367722
  },
  {
    "path": "/Users/animr/Documents/assignement 3/Assignment 3 COSC 4436.fzz",
    "mtime": "2024-06-01T19:19:30-04:00",
    "size": 7194
  }
]
System Stats: {
  "cpu_usage": "Unknown",
  "memory_usage": "Unknown",
  "disk_usage": "Unknown",
  "system_uptime": "7065"
}
File Stats: [
  {
    "path": "/Users/animr/Documents/assignement 3/config.yaml",
    "mtime": "2024-09-11T14:45:37-04:00",
    "size": 129
  },
  {
    "path": "/Users/animr/Documents/assignement 3/.DS_Store",
    "mtime": "2024-06-04T16:29:53-04:00",
    "size": 6148
  },
  {
    "path": "/Users/animr/Documents/assignement 3/Reginald_Anim_Assignment3_COSC 4426.pdf",
    "mtime": "2024-06-03T17:35:56-04:00",
    "size": 287024
  },
  {
    "path": "/Users/animr/Documents/assignement 3/Reginald_Anim_Assignment3_COSC 4426.docx",
    "mtime": "2024-06-01T21:51:41-04:00",
    "size": 367722
  },
  {
    "path": "/Users/animr/Documents/assignement 3/Assignment 3 COSC 4436.fzz",
    "mtime": "2024-06-01T19:19:30-04:00",
    "size": 7194
  }
]
System Stats: {
  "cpu_usage": "Unknown",
  "memory_usage": "Unknown",
  "disk_usage": "Unknown",
  "system_uptime": "7075"
}
File Stats: [
  {
    "path": "/Users/animr/Documents/assignement 3/config.yaml",
    "mtime": "2024-09-11T14:45:37-04:00",
    "size": 129
  },
  {
    "path": "/Users/animr/Documents/assignement 3/.DS_Store",
    "mtime": "2024-06-04T16:29:53-04:00",
    "size": 6148
  },
  {
    "path": "/Users/animr/Documents/assignement 3/Reginald_Anim_Assignment3_COSC 4426.pdf",
    "mtime": "2024-06-03T17:35:56-04:00",
    "size": 287024
  },
  {
    "path": "/Users/animr/Documents/assignement 3/Reginald_Anim_Assignment3_COSC 4426.docx",
    "mtime": "2024-06-01T21:51:41-04:00",
    "size": 367722
  },
  {
    "path": "/Users/animr/Documents/assignement 3/Assignment 3 COSC 4436.fzz",
    "mtime": "2024-06-01T19:19:30-04:00",
    "size": 7194
  }
]
System Stats: {
  "cpu_usage": "Unknown",
  "memory_usage": "Unknown",
  "disk_usage": "Unknown",
  "system_uptime": "7085"
}
File Stats: [
  {
    "path": "/Users/animr/Documents/assignement 3/config.yaml",
    "mtime": "2024-09-11T14:45:37-04:00",
    "size": 129
  },
  {
    "path": "/Users/animr/Documents/assignement 3/.DS_Store",
    "mtime": "2024-06-04T16:29:53-04:00",
    "size": 6148
  },
  {
    "path": "/Users/animr/Documents/assignement 3/Reginald_Anim_Assignment3_COSC 4426.pdf",
    "mtime": "2024-06-03T17:35:56-04:00",
    "size": 287024
  },
  {
    "path": "/Users/animr/Documents/assignement 3/Reginald_Anim_Assignment3_COSC 4426.docx",
    "mtime": "2024-06-01T21:51:41-04:00",
    "size": 367722
  },
  {
    "path": "/Users/animr/Documents/assignement 3/Assignment 3 COSC 4436.fzz",
    "mtime": "2024-06-01T19:19:30-04:00",
    "size": 7194
  }
]
System Stats: {
  "cpu_usage": "Unknown",
  "memory_usage": "Unknown",
  "disk_usage": "Unknown",
  "system_uptime": "7095"
}
File Stats: [
  {
    "path": "/Users/animr/Documents/assignement 3/config.yaml",
    "mtime": "2024-09-11T14:45:37-04:00",
    "size": 129
  },
  {
    "path": "/Users/animr/Documents/assignement 3/.DS_Store",
    "mtime": "2024-06-04T16:29:53-04:00",
    "size": 6148
  },
  {
    "path": "/Users/animr/Documents/assignement 3/Reginald_Anim_Assignment3_COSC 4426.pdf",
    "mtime": "2024-06-03T17:35:56-04:00",
    "size": 287024
  },
  {
    "path": "/Users/animr/Documents/assignement 3/Reginald_Anim_Assignment3_COSC 4426.docx",
    "mtime": "2024-06-01T21:51:41-04:00",
    "size": 367722
  },
  {
    "path": "/Users/animr/Documents/assignement 3/Assignment 3 COSC 4436.fzz",
    "mtime": "2024-06-01T19:19:30-04:00",
    "size": 7194
  }
]
System Stats: {
  "cpu_usage": "Unknown",
  "memory_usage": "Unknown",
  "disk_usage": "Unknown",
  "system_uptime": "7105"
}
File Stats: [
  {
    "path": "/Users/animr/Documents/assignement 3/config.yaml",
    "mtime": "2024-09-11T14:45:37-04:00",
    "size": 129
  },
  {
    "path": "/Users/animr/Documents/assignement 3/.DS_Store",
    "mtime": "2024-06-04T16:29:53-04:00",
    "size": 6148
  },
  {
    "path": "/Users/animr/Documents/assignement 3/Reginald_Anim_Assignment3_COSC 4426.pdf",
    "mtime": "2024-06-03T17:35:56-04:00",
    "size": 287024
  },
  {
    "path": "/Users/animr/Documents/assignement 3/Reginald_Anim_Assignment3_COSC 4426.docx",
    "mtime": "2024-06-01T21:51:41-04:00",
    "size": 367722
  },
  {
    "path": "/Users/animr/Documents/assignement 3/Assignment 3 COSC 4436.fzz",
    "mtime": "2024-06-01T19:19:30-04:00",
    "size": 7194
  }
]
System Stats: {
  "cpu_usage": "Unknown",
  "memory_usage": "Unknown",
  "disk_usage": "Unknown",
  "system_uptime": "7115"
}
File Stats: [
  {
    "path": "/Users/animr/Documents/assignement 3/config.yaml",
    "mtime": "2024-09-11T14:45:37-04:00",
    "size": 129
  },
  {
    "path": "/Users/animr/Documents/assignement 3/.DS_Store",
    "mtime": "2024-06-04T16:29:53-04:00",
    "size": 6148
  },
  {
    "path": "/Users/animr/Documents/assignement 3/Reginald_Anim_Assignment3_COSC 4426.pdf",
    "mtime": "2024-06-03T17:35:56-04:00",
    "size": 287024
  },
  {
    "path": "/Users/animr/Documents/assignement 3/Reginald_Anim_Assignment3_COSC 4426.docx",
    "mtime": "2024-06-01T21:51:41-04:00",
    "size": 367722
  },
  {
    "path": "/Users/animr/Documents/assignement 3/Assignment 3 COSC 4436.fzz",
    "mtime": "2024-06-01T19:19:30-04:00",
    "size": 7194
  }
]
System Stats: {
  "cpu_usage": "Unknown",
  "memory_usage": "Unknown",
  "disk_usage": "Unknown",
  "system_uptime": "7125"
}
File Stats: [
  {
    "path": "/Users/animr/Documents/assignement 3/config.yaml",
    "mtime": "2024-09-11T14:45:37-04:00",
    "size": 129
  },
  {
    "path": "/Users/animr/Documents/assignement 3/.DS_Store",
    "mtime": "2024-06-04T16:29:53-04:00",
    "size": 6148
  },
  {
    "path": "/Users/animr/Documents/assignement 3/Reginald_Anim_Assignment3_COSC 4426.pdf",
    "mtime": "2024-06-03T17:35:56-04:00",
    "size": 287024
  },
  {
    "path": "/Users/animr/Documents/assignement 3/Reginald_Anim_Assignment3_COSC 4426.docx",
    "mtime": "2024-06-01T21:51:41-04:00",
    "size": 367722
  },
  {
    "path": "/Users/animr/Documents/assignement 3/Assignment 3 COSC 4436.fzz",
    "mtime": "2024-06-01T19:19:30-04:00",
    "size": 7194
  }
]
System Stats: {
  "cpu_usage": "Unknown",
  "memory_usage": "Unknown",
  "disk_usage": "Unknown",
  "system_uptime": "7135"
}
File Stats: [
  {
    "path": "/Users/animr/Documents/assignement 3/config.yaml",
    "mtime": "2024-09-11T14:45:37-04:00",
    "size": 129
  },
  {
    "path": "/Users/animr/Documents/assignement 3/.DS_Store",
    "mtime": "2024-06-04T16:29:53-04:00",
    "size": 6148
  },
  {
    "path": "/Users/animr/Documents/assignement 3/Reginald_Anim_Assignment3_COSC 4426.pdf",
    "mtime": "2024-06-03T17:35:56-04:00",
    "size": 287024
  },
  {
    "path": "/Users/animr/Documents/assignement 3/Reginald_Anim_Assignment3_COSC 4426.docx",
    "mtime": "2024-06-01T21:51:41-04:00",
    "size": 367722
  },
  {
    "path": "/Users/animr/Documents/assignement 3/Assignment 3 COSC 4436.fzz",
    "mtime": "2024-06-01T19:19:30-04:00",
    "size": 7194
  }
]
System Stats: {
  "cpu_usage": "Unknown",
  "memory_usage": "Unknown",
  "disk_usage": "Unknown",
  "system_uptime": "7145"
}
File Stats: [
  {
    "path": "/Users/animr/Documents/assignement 3/config.yaml",
    "mtime": "2024-09-11T14:45:37-04:00",
    "size": 129
  },
  {
    "path": "/Users/animr/Documents/assignement 3/.DS_Store",
    "mtime": "2024-06-04T16:29:53-04:00",
    "size": 6148
  },
  {
    "path": "/Users/animr/Documents/assignement 3/Reginald_Anim_Assignment3_COSC 4426.pdf",
    "mtime": "2024-06-03T17:35:56-04:00",
    "size": 287024
  },
  {
    "path": "/Users/animr/Documents/assignement 3/Reginald_Anim_Assignment3_COSC 4426.docx",
    "mtime": "2024-06-01T21:51:41-04:00",
    "size": 367722
  },
  {
    "path": "/Users/animr/Documents/assignement 3/Assignment 3 COSC 4436.fzz",
    "mtime": "2024-06-01T19:19:30-04:00",
    "size": 7194
  }
]
System Stats: {
  "cpu_usage": "Unknown",
  "memory_usage": "Unknown",
  "disk_usage": "Unknown",
  "system_uptime": "7155"
}
File Stats: [
  {
    "path": "/Users/animr/Documents/assignement 3/config.yaml",
    "mtime": "2024-09-11T14:45:37-04:00",
    "size": 129
  },
  {
    "path": "/Users/animr/Documents/assignement 3/.DS_Store",
    "mtime": "2024-06-04T16:29:53-04:00",
    "size": 6148
  },
  {
    "path": "/Users/animr/Documents/assignement 3/Reginald_Anim_Assignment3_COSC 4426.pdf",
    "mtime": "2024-06-03T17:35:56-04:00",
    "size": 287024
  },
  {
    "path": "/Users/animr/Documents/assignement 3/Reginald_Anim_Assignment3_COSC 4426.docx",
    "mtime": "2024-06-01T21:51:41-04:00",
    "size": 367722
  },
  {
    "path": "/Users/animr/Documents/assignement 3/Assignment 3 COSC 4436.fzz",
    "mtime": "2024-06-01T19:19:30-04:00",
    "size": 7194
  }
]
System Stats: {
  "cpu_usage": "Unknown",
  "memory_usage": "Unknown",
  "disk_usage": "Unknown",
  "system_uptime": "7165"
}
File Stats: [
  {
    "path": "/Users/animr/Documents/assignement 3/config.yaml",
    "mtime": "2024-09-11T14:45:37-04:00",
    "size": 129
  },
  {
    "path": "/Users/animr/Documents/assignement 3/.DS_Store",
    "mtime": "2024-06-04T16:29:53-04:00",
    "size": 6148
  },
  {
    "path": "/Users/animr/Documents/assignement 3/Reginald_Anim_Assignment3_COSC 4426.pdf",
    "mtime": "2024-06-03T17:35:56-04:00",
    "size": 287024
  },
  {
    "path": "/Users/animr/Documents/assignement 3/Reginald_Anim_Assignment3_COSC 4426.docx",
    "mtime": "2024-06-01T21:51:41-04:00",
    "size": 367722
  },
  {
    "path": "/Users/animr/Documents/assignement 3/Assignment 3 COSC 4436.fzz",
    "mtime": "2024-06-01T19:19:30-04:00",
    "size": 7194
  }
]
System Stats: {
  "cpu_usage": "Unknown",
  "memory_usage": "Unknown",
  "disk_usage": "Unknown",
  "system_uptime": "7175"
}
File Stats: [
  {
    "path": "/Users/animr/Documents/assignement 3/config.yaml",
    "mtime": "2024-09-11T14:45:37-04:00",
    "size": 129
  },
  {
    "path": "/Users/animr/Documents/assignement 3/.DS_Store",
    "mtime": "2024-06-04T16:29:53-04:00",
    "size": 6148
  },
  {
    "path": "/Users/animr/Documents/assignement 3/Reginald_Anim_Assignment3_COSC 4426.pdf",
    "mtime": "2024-06-03T17:35:56-04:00",
    "size": 287024
  },
  {
    "path": "/Users/animr/Documents/assignement 3/Reginald_Anim_Assignment3_COSC 4426.docx",
    "mtime": "2024-06-01T21:51:41-04:00",
    "size": 367722
  },
  {
    "path": "/Users/animr/Documents/assignement 3/Assignment 3 COSC 4436.fzz",
    "mtime": "2024-06-01T19:19:30-04:00",
    "size": 7194
  }
]
System Stats: {
  "cpu_usage": "Unknown",
  "memory_usage": "Unknown",
  "disk_usage": "Unknown",
  "system_uptime": "7185"
}
File Stats: [
  {
    "path": "/Users/animr/Documents/assignement 3/config.yaml",
    "mtime": "2024-09-11T14:45:37-04:00",
    "size": 129
  },
  {
    "path": "/Users/animr/Documents/assignement 3/.DS_Store",
    "mtime": "2024-06-04T16:29:53-04:00",
    "size": 6148
  },
  {
    "path": "/Users/animr/Documents/assignement 3/Reginald_Anim_Assignment3_COSC 4426.pdf",
    "mtime": "2024-06-03T17:35:56-04:00",
    "size": 287024
  },
  {
    "path": "/Users/animr/Documents/assignement 3/Reginald_Anim_Assignment3_COSC 4426.docx",
    "mtime": "2024-06-01T21:51:41-04:00",
    "size": 367722
  },
  {
    "path": "/Users/animr/Documents/assignement 3/Assignment 3 COSC 4436.fzz",
    "mtime": "2024-06-01T19:19:30-04:00",
    "size": 7194
  }
]
System Stats: {
  "cpu_usage": "Unknown",
  "memory_usage": "Unknown",
  "disk_usage": "Unknown",
  "system_uptime": "7195"
}
File Stats: [
  {
    "path": "/Users/animr/Documents/assignement 3/config.yaml",
    "mtime": "2024-09-11T14:45:37-04:00",
    "size": 129
  },
  {
    "path": "/Users/animr/Documents/assignement 3/.DS_Store",
    "mtime": "2024-06-04T16:29:53-04:00",
    "size": 6148
  },
  {
    "path": "/Users/animr/Documents/assignement 3/Reginald_Anim_Assignment3_COSC 4426.pdf",
    "mtime": "2024-06-03T17:35:56-04:00",
    "size": 287024
  },
  {
    "path": "/Users/animr/Documents/assignement 3/Reginald_Anim_Assignment3_COSC 4426.docx",
    "mtime": "2024-06-01T21:51:41-04:00",
    "size": 367722
  },
  {
    "path": "/Users/animr/Documents/assignement 3/Assignment 3 COSC 4436.fzz",
    "mtime": "2024-06-01T19:19:30-04:00",
    "size": 7194
  }
]
System Stats: {
  "cpu_usage": "Unknown",
  "memory_usage": "Unknown",
  "disk_usage": "Unknown",
  "system_uptime": "7205"
}
File Stats: [
  {
    "path": "/Users/animr/Documents/assignement 3/config.yaml",
    "mtime": "2024-09-11T14:45:37-04:00",
    "size": 129
  },
  {
    "path": "/Users/animr/Documents/assignement 3/.DS_Store",
    "mtime": "2024-06-04T16:29:53-04:00",
    "size": 6148
  },
  {
    "path": "/Users/animr/Documents/assignement 3/Reginald_Anim_Assignment3_COSC 4426.pdf",
    "mtime": "2024-06-03T17:35:56-04:00",
    "size": 287024
  },
  {
    "path": "/Users/animr/Documents/assignement 3/Reginald_Anim_Assignment3_COSC 4426.docx",
    "mtime": "2024-06-01T21:51:41-04:00",
    "size": 367722
  },
  {
    "path": "/Users/animr/Documents/assignement 3/Assignment 3 COSC 4436.fzz",
    "mtime": "2024-06-01T19:19:30-04:00",
    "size": 7194
  }
]
System Stats: {
  "cpu_usage": "Unknown",
  "memory_usage": "Unknown",
  "disk_usage": "Unknown",
  "system_uptime": "7215"
}
File Stats: [
  {
    "path": "/Users/animr/Documents/assignement 3/config.yaml",
    "mtime": "2024-09-11T14:45:37-04:00",
    "size": 129
  },
  {
    "path": "/Users/animr/Documents/assignement 3/.DS_Store",
    "mtime": "2024-06-04T16:29:53-04:00",
    "size": 6148
  },
  {
    "path": "/Users/animr/Documents/assignement 3/Reginald_Anim_Assignment3_COSC 4426.pdf",
    "mtime": "2024-06-03T17:35:56-04:00",
    "size": 287024
  },
  {
    "path": "/Users/animr/Documents/assignement 3/Reginald_Anim_Assignment3_COSC 4426.docx",
    "mtime": "2024-06-01T21:51:41-04:00",
    "size": 367722
  },
  {
    "path": "/Users/animr/Documents/assignement 3/Assignment 3 COSC 4436.fzz",
    "mtime": "2024-06-01T19:19:30-04:00",
    "size": 7194
  }
]
System Stats: {
  "cpu_usage": "Unknown",
  "memory_usage": "Unknown",
  "disk_usage": "Unknown",
  "system_uptime": "7225"
}
File Stats: [
  {
    "path": "/Users/animr/Documents/assignement 3/config.yaml",
    "mtime": "2024-09-11T14:45:37-04:00",
    "size": 129
  },
  {
    "path": "/Users/animr/Documents/assignement 3/.DS_Store",
    "mtime": "2024-06-04T16:29:53-04:00",
    "size": 6148
  },
  {
    "path": "/Users/animr/Documents/assignement 3/Reginald_Anim_Assignment3_COSC 4426.pdf",
    "mtime": "2024-06-03T17:35:56-04:00",
    "size": 287024
  },
  {
    "path": "/Users/animr/Documents/assignement 3/Reginald_Anim_Assignment3_COSC 4426.docx",
    "mtime": "2024-06-01T21:51:41-04:00",
    "size": 367722
  },
  {
    "path": "/Users/animr/Documents/assignement 3/Assignment 3 COSC 4436.fzz",
    "mtime": "2024-06-01T19:19:30-04:00",
    "size": 7194
  }
]
System Stats: {
  "cpu_usage": "Unknown",
  "memory_usage": "Unknown",
  "disk_usage": "Unknown",
  "system_uptime": "7235"
}
File Stats: [
  {
    "path": "/Users/animr/Documents/assignement 3/config.yaml",
    "mtime": "2024-09-11T14:45:37-04:00",
    "size": 129
  },
  {
    "path": "/Users/animr/Documents/assignement 3/.DS_Store",
    "mtime": "2024-06-04T16:29:53-04:00",
    "size": 6148
  },
  {
    "path": "/Users/animr/Documents/assignement 3/Reginald_Anim_Assignment3_COSC 4426.pdf",
    "mtime": "2024-06-03T17:35:56-04:00",
    "size": 287024
  },
  {
    "path": "/Users/animr/Documents/assignement 3/Reginald_Anim_Assignment3_COSC 4426.docx",
    "mtime": "2024-06-01T21:51:41-04:00",
    "size": 367722
  },
  {
    "path": "/Users/animr/Documents/assignement 3/Assignment 3 COSC 4436.fzz",
    "mtime": "2024-06-01T19:19:30-04:00",
    "size": 7194
  }
]
System Stats: {
  "cpu_usage": "Unknown",
  "memory_usage": "Unknown",
  "disk_usage": "Unknown",
  "system_uptime": "7245"
}
File Stats: [
  {
    "path": "/Users/animr/Documents/assignement 3/config.yaml",
    "mtime": "2024-09-11T14:45:37-04:00",
    "size": 129
  },
  {
    "path": "/Users/animr/Documents/assignement 3/.DS_Store",
    "mtime": "2024-06-04T16:29:53-04:00",
    "size": 6148
  },
  {
    "path": "/Users/animr/Documents/assignement 3/Reginald_Anim_Assignment3_COSC 4426.pdf",
    "mtime": "2024-06-03T17:35:56-04:00",
    "size": 287024
  },
  {
    "path": "/Users/animr/Documents/assignement 3/Reginald_Anim_Assignment3_COSC 4426.docx",
    "mtime": "2024-06-01T21:51:41-04:00",
    "size": 367722
  },
  {
    "path": "/Users/animr/Documents/assignement 3/Assignment 3 COSC 4436.fzz",
    "mtime": "2024-06-01T19:19:30-04:00",
    "size": 7194
  }
]
System Stats: {
  "cpu_usage": "Unknown",
  "memory_usage": "Unknown",
  "disk_usage": "Unknown",
  "system_uptime": "7255"
}
File Stats: [
  {
    "path": "/Users/animr/Documents/assignement 3/config.yaml",
    "mtime": "2024-09-11T14:45:37-04:00",
    "size": 129
  },
  {
    "path": "/Users/animr/Documents/assignement 3/.DS_Store",
    "mtime": "2024-06-04T16:29:53-04:00",
    "size": 6148
  },
  {
    "path": "/Users/animr/Documents/assignement 3/Reginald_Anim_Assignment3_COSC 4426.pdf",
    "mtime": "2024-06-03T17:35:56-04:00",
    "size": 287024
  },
  {
    "path": "/Users/animr/Documents/assignement 3/Reginald_Anim_Assignment3_COSC 4426.docx",
    "mtime": "2024-06-01T21:51:41-04:00",
    "size": 367722
  },
  {
    "path": "/Users/animr/Documents/assignement 3/Assignment 3 COSC 4436.fzz",
    "mtime": "2024-06-01T19:19:30-04:00",
    "size": 7194
  }
]
System Stats: {
  "cpu_usage": "Unknown",
  "memory_usage": "Unknown",
  "disk_usage": "Unknown",
  "system_uptime": "7265"
}
File Stats: [
  {
    "path": "/Users/animr/Documents/assignement 3/config.yaml",
    "mtime": "2024-09-11T14:45:37-04:00",
    "size": 129
  },
  {
    "path": "/Users/animr/Documents/assignement 3/.DS_Store",
    "mtime": "2024-06-04T16:29:53-04:00",
    "size": 6148
  },
  {
    "path": "/Users/animr/Documents/assignement 3/Reginald_Anim_Assignment3_COSC 4426.pdf",
    "mtime": "2024-06-03T17:35:56-04:00",
    "size": 287024
  },
  {
    "path": "/Users/animr/Documents/assignement 3/Reginald_Anim_Assignment3_COSC 4426.docx",
    "mtime": "2024-06-01T21:51:41-04:00",
    "size": 367722
  },
  {
    "path": "/Users/animr/Documents/assignement 3/Assignment 3 COSC 4436.fzz",
    "mtime": "2024-06-01T19:19:30-04:00",
    "size": 7194
  }
]
System Stats: {
  "cpu_usage": "Unknown",
  "memory_usage": "Unknown",
  "disk_usage": "Unknown",
  "system_uptime": "7275"
}
File Stats: [
  {
    "path": "/Users/animr/Documents/assignement 3/config.yaml",
    "mtime": "2024-09-11T14:45:37-04:00",
    "size": 129
  },
  {
    "path": "/Users/animr/Documents/assignement 3/.DS_Store",
    "mtime": "2024-06-04T16:29:53-04:00",
    "size": 6148
  },
  {
    "path": "/Users/animr/Documents/assignement 3/Reginald_Anim_Assignment3_COSC 4426.pdf",
    "mtime": "2024-06-03T17:35:56-04:00",
    "size": 287024
  },
  {
    "path": "/Users/animr/Documents/assignement 3/Reginald_Anim_Assignment3_COSC 4426.docx",
    "mtime": "2024-06-01T21:51:41-04:00",
    "size": 367722
  },
  {
    "path": "/Users/animr/Documents/assignement 3/Assignment 3 COSC 4436.fzz",
    "mtime": "2024-06-01T19:19:30-04:00",
    "size": 7194
  }
]
System Stats: {
  "cpu_usage": "Unknown",
  "memory_usage": "Unknown",
  "disk_usage": "Unknown",
  "system_uptime": "7285"
}
File Stats: [
  {
    "path": "/Users/animr/Documents/assignement 3/config.yaml",
    "mtime": "2024-09-11T14:45:37-04:00",
    "size": 129
  },
  {
    "path": "/Users/animr/Documents/assignement 3/.DS_Store",
    "mtime": "2024-06-04T16:29:53-04:00",
    "size": 6148
  },
  {
    "path": "/Users/animr/Documents/assignement 3/Reginald_Anim_Assignment3_COSC 4426.pdf",
    "mtime": "2024-06-03T17:35:56-04:00",
    "size": 287024
  },
  {
    "path": "/Users/animr/Documents/assignement 3/Reginald_Anim_Assignment3_COSC 4426.docx",
    "mtime": "2024-06-01T21:51:41-04:00",
    "size": 367722
  },
  {
    "path": "/Users/animr/Documents/assignement 3/Assignment 3 COSC 4436.fzz",
    "mtime": "2024-06-01T19:19:30-04:00",
    "size": 7194
  }
]
System Stats: {
  "cpu_usage": "Unknown",
  "memory_usage": "Unknown",
  "disk_usage": "Unknown",
  "system_uptime": "7295"
}
File Stats: [
  {
    "path": "/Users/animr/Documents/assignement 3/config.yaml",
    "mtime": "2024-09-11T14:45:37-04:00",
    "size": 129
  },
  {
    "path": "/Users/animr/Documents/assignement 3/.DS_Store",
    "mtime": "2024-06-04T16:29:53-04:00",
    "size": 6148
  },
  {
    "path": "/Users/animr/Documents/assignement 3/Reginald_Anim_Assignment3_COSC 4426.pdf",
    "mtime": "2024-06-03T17:35:56-04:00",
    "size": 287024
  },
  {
    "path": "/Users/animr/Documents/assignement 3/Reginald_Anim_Assignment3_COSC 4426.docx",
    "mtime": "2024-06-01T21:51:41-04:00",
    "size": 367722
  },
  {
    "path": "/Users/animr/Documents/assignement 3/Assignment 3 COSC 4436.fzz",
    "mtime": "2024-06-01T19:19:30-04:00",
    "size": 7194
  }
]
System Stats: {
  "cpu_usage": "Unknown",
  "memory_usage": "Unknown",
  "disk_usage": "Unknown",
  "system_uptime": "7305"
}
File Stats: [
  {
    "path": "/Users/animr/Documents/assignement 3/config.yaml",
    "mtime": "2024-09-11T14:45:37-04:00",
    "size": 129
  },
  {
    "path": "/Users/animr/Documents/assignement 3/.DS_Store",
    "mtime": "2024-06-04T16:29:53-04:00",
    "size": 6148
  },
  {
    "path": "/Users/animr/Documents/assignement 3/Reginald_Anim_Assignment3_COSC 4426.pdf",
    "mtime": "2024-06-03T17:35:56-04:00",
    "size": 287024
  },
  {
    "path": "/Users/animr/Documents/assignement 3/Reginald_Anim_Assignment3_COSC 4426.docx",
    "mtime": "2024-06-01T21:51:41-04:00",
    "size": 367722
  },
  {
    "path": "/Users/animr/Documents/assignement 3/Assignment 3 COSC 4436.fzz",
    "mtime": "2024-06-01T19:19:30-04:00",
    "size": 7194
  }
]
System Stats: {
  "cpu_usage": "Unknown",
  "memory_usage": "Unknown",
  "disk_usage": "Unknown",
  "system_uptime": "7315"
}
File Stats: [
  {
    "path": "/Users/animr/Documents/assignement 3/config.yaml",
    "mtime": "2024-09-11T14:45:37-04:00",
    "size": 129
  },
  {
    "path": "/Users/animr/Documents/assignement 3/.DS_Store",
    "mtime": "2024-06-04T16:29:53-04:00",
    "size": 6148
  },
  {
    "path": "/Users/animr/Documents/assignement 3/Reginald_Anim_Assignment3_COSC 4426.pdf",
    "mtime": "2024-06-03T17:35:56-04:00",
    "size": 287024
  },
  {
    "path": "/Users/animr/Documents/assignement 3/Reginald_Anim_Assignment3_COSC 4426.docx",
    "mtime": "2024-06-01T21:51:41-04:00",
    "size": 367722
  },
  {
    "path": "/Users/animr/Documents/assignement 3/Assignment 3 COSC 4436.fzz",
    "mtime": "2024-06-01T19:19:30-04:00",
    "size": 7194
  }
]
System Stats: {
  "cpu_usage": "Unknown",
  "memory_usage": "Unknown",
  "disk_usage": "Unknown",
  "system_uptime": "7325"
}
File Stats: [
  {
    "path": "/Users/animr/Documents/assignement 3/config.yaml",
    "mtime": "2024-09-11T14:45:37-04:00",
    "size": 129
  },
  {
    "path": "/Users/animr/Documents/assignement 3/.DS_Store",
    "mtime": "2024-06-04T16:29:53-04:00",
    "size": 6148
  },
  {
    "path": "/Users/animr/Documents/assignement 3/Reginald_Anim_Assignment3_COSC 4426.pdf",
    "mtime": "2024-06-03T17:35:56-04:00",
    "size": 287024
  },
  {
    "path": "/Users/animr/Documents/assignement 3/Reginald_Anim_Assignment3_COSC 4426.docx",
    "mtime": "2024-06-01T21:51:41-04:00",
    "size": 367722
  },
  {
    "path": "/Users/animr/Documents/assignement 3/Assignment 3 COSC 4436.fzz",
    "mtime": "2024-06-01T19:19:30-04:00",
    "size": 7194
  }
]
System Stats: {
  "cpu_usage": "Unknown",
  "memory_usage": "Unknown",
  "disk_usage": "Unknown",
  "system_uptime": "7335"
}
File Stats: [
  {
    "path": "/Users/animr/Documents/assignement 3/config.yaml",
    "mtime": "2024-09-11T14:45:37-04:00",
    "size": 129
  },
  {
    "path": "/Users/animr/Documents/assignement 3/.DS_Store",
    "mtime": "2024-06-04T16:29:53-04:00",
    "size": 6148
  },
  {
    "path": "/Users/animr/Documents/assignement 3/Reginald_Anim_Assignment3_COSC 4426.pdf",
    "mtime": "2024-06-03T17:35:56-04:00",
    "size": 287024
  },
  {
    "path": "/Users/animr/Documents/assignement 3/Reginald_Anim_Assignment3_COSC 4426.docx",
    "mtime": "2024-06-01T21:51:41-04:00",
    "size": 367722
  },
  {
    "path": "/Users/animr/Documents/assignement 3/Assignment 3 COSC 4436.fzz",
    "mtime": "2024-06-01T19:19:30-04:00",
    "size": 7194
  }
]
System Stats: {
  "cpu_usage": "Unknown",
  "memory_usage": "Unknown",
  "disk_usage": "Unknown",
  "system_uptime": "7345"
}
File Stats: [
  {
    "path": "/Users/animr/Documents/assignement 3/config.yaml",
    "mtime": "2024-09-11T14:45:37-04:00",
    "size": 129
  },
  {
    "path": "/Users/animr/Documents/assignement 3/.DS_Store",
    "mtime": "2024-06-04T16:29:53-04:00",
    "size": 6148
  },
  {
    "path": "/Users/animr/Documents/assignement 3/Reginald_Anim_Assignment3_COSC 4426.pdf",
    "mtime": "2024-06-03T17:35:56-04:00",
    "size": 287024
  },
  {
    "path": "/Users/animr/Documents/assignement 3/Reginald_Anim_Assignment3_COSC 4426.docx",
    "mtime": "2024-06-01T21:51:41-04:00",
    "size": 367722
  },
  {
    "path": "/Users/animr/Documents/assignement 3/Assignment 3 COSC 4436.fzz",
    "mtime": "2024-06-01T19:19:30-04:00",
    "size": 7194
  }
]
System Stats: {
  "cpu_usage": "Unknown",
  "memory_usage": "Unknown",
  "disk_usage": "Unknown",
  "system_uptime": "7355"
}
File Stats: [
  {
    "path": "/Users/animr/Documents/assignement 3/config.yaml",
    "mtime": "2024-09-11T14:45:37-04:00",
    "size": 129
  },
  {
    "path": "/Users/animr/Documents/assignement 3/.DS_Store",
    "mtime": "2024-06-04T16:29:53-04:00",
    "size": 6148
  },
  {
    "path": "/Users/animr/Documents/assignement 3/Reginald_Anim_Assignment3_COSC 4426.pdf",
    "mtime": "2024-06-03T17:35:56-04:00",
    "size": 287024
  },
  {
    "path": "/Users/animr/Documents/assignement 3/Reginald_Anim_Assignment3_COSC 4426.docx",
    "mtime": "2024-06-01T21:51:41-04:00",
    "size": 367722
  },
  {
    "path": "/Users/animr/Documents/assignement 3/Assignment 3 COSC 4436.fzz",
    "mtime": "2024-06-01T19:19:30-04:00",
    "size": 7194
  }
]
System Stats: {
  "cpu_usage": "Unknown",
  "memory_usage": "Unknown",
  "disk_usage": "Unknown",
  "system_uptime": "7365"
}
File Stats: [
  {
    "path": "/Users/animr/Documents/assignement 3/config.yaml",
    "mtime": "2024-09-11T14:45:37-04:00",
    "size": 129
  },
  {
    "path": "/Users/animr/Documents/assignement 3/.DS_Store",
    "mtime": "2024-06-04T16:29:53-04:00",
    "size": 6148
  },
  {
    "path": "/Users/animr/Documents/assignement 3/Reginald_Anim_Assignment3_COSC 4426.pdf",
    "mtime": "2024-06-03T17:35:56-04:00",
    "size": 287024
  },
  {
    "path": "/Users/animr/Documents/assignement 3/Reginald_Anim_Assignment3_COSC 4426.docx",
    "mtime": "2024-06-01T21:51:41-04:00",
    "size": 367722
  },
  {
    "path": "/Users/animr/Documents/assignement 3/Assignment 3 COSC 4436.fzz",
    "mtime": "2024-06-01T19:19:30-04:00",
    "size": 7194
  }
]
System Stats: {
  "cpu_usage": "Unknown",
  "memory_usage": "Unknown",
  "disk_usage": "Unknown",
  "system_uptime": "7375"
}
File Stats: [
  {
    "path": "/Users/animr/Documents/assignement 3/config.yaml",
    "mtime": "2024-09-11T14:45:37-04:00",
    "size": 129
  },
  {
    "path": "/Users/animr/Documents/assignement 3/.DS_Store",
    "mtime": "2024-06-04T16:29:53-04:00",
    "size": 6148
  },
  {
    "path": "/Users/animr/Documents/assignement 3/Reginald_Anim_Assignment3_COSC 4426.pdf",
    "mtime": "2024-06-03T17:35:56-04:00",
    "size": 287024
  },
  {
    "path": "/Users/animr/Documents/assignement 3/Reginald_Anim_Assignment3_COSC 4426.docx",
    "mtime": "2024-06-01T21:51:41-04:00",
    "size": 367722
  },
  {
    "path": "/Users/animr/Documents/assignement 3/Assignment 3 COSC 4436.fzz",
    "mtime": "2024-06-01T19:19:30-04:00",
    "size": 7194
  }
]
System Stats: {
  "cpu_usage": "Unknown",
  "memory_usage": "Unknown",
  "disk_usage": "Unknown",
  "system_uptime": "7385"
}
File Stats: [
  {
    "path": "/Users/animr/Documents/assignement 3/config.yaml",
    "mtime": "2024-09-11T14:45:37-04:00",
    "size": 129
  },
  {
    "path": "/Users/animr/Documents/assignement 3/.DS_Store",
    "mtime": "2024-06-04T16:29:53-04:00",
    "size": 6148
  },
  {
    "path": "/Users/animr/Documents/assignement 3/Reginald_Anim_Assignment3_COSC 4426.pdf",
    "mtime": "2024-06-03T17:35:56-04:00",
    "size": 287024
  },
  {
    "path": "/Users/animr/Documents/assignement 3/Reginald_Anim_Assignment3_COSC 4426.docx",
    "mtime": "2024-06-01T21:51:41-04:00",
    "size": 367722
  },
  {
    "path": "/Users/animr/Documents/assignement 3/Assignment 3 COSC 4436.fzz",
    "mtime": "2024-06-01T19:19:30-04:00",
    "size": 7194
  }
]
System Stats: {
  "cpu_usage": "Unknown",
  "memory_usage": "Unknown",
  "disk_usage": "Unknown",
  "system_uptime": "7395"
}
File Stats: [
  {
    "path": "/Users/animr/Documents/assignement 3/config.yaml",
    "mtime": "2024-09-11T14:45:37-04:00",
    "size": 129
  },
  {
    "path": "/Users/animr/Documents/assignement 3/.DS_Store",
    "mtime": "2024-06-04T16:29:53-04:00",
    "size": 6148
  },
  {
    "path": "/Users/animr/Documents/assignement 3/Reginald_Anim_Assignment3_COSC 4426.pdf",
    "mtime": "2024-06-03T17:35:56-04:00",
    "size": 287024
  },
  {
    "path": "/Users/animr/Documents/assignement 3/Reginald_Anim_Assignment3_COSC 4426.docx",
    "mtime": "2024-06-01T21:51:41-04:00",
    "size": 367722
  },
  {
    "path": "/Users/animr/Documents/assignement 3/Assignment 3 COSC 4436.fzz",
    "mtime": "2024-06-01T19:19:30-04:00",
    "size": 7194
  }
]
System Stats: {
  "cpu_usage": "Unknown",
  "memory_usage": "Unknown",
  "disk_usage": "Unknown",
  "system_uptime": "7405"
}
File Stats: [
  {
    "path": "/Users/animr/Documents/assignement 3/config.yaml",
    "mtime": "2024-09-11T14:45:37-04:00",
    "size": 129
  },
  {
    "path": "/Users/animr/Documents/assignement 3/.DS_Store",
    "mtime": "2024-06-04T16:29:53-04:00",
    "size": 6148
  },
  {
    "path": "/Users/animr/Documents/assignement 3/Reginald_Anim_Assignment3_COSC 4426.pdf",
    "mtime": "2024-06-03T17:35:56-04:00",
    "size": 287024
  },
  {
    "path": "/Users/animr/Documents/assignement 3/Reginald_Anim_Assignment3_COSC 4426.docx",
    "mtime": "2024-06-01T21:51:41-04:00",
    "size": 367722
  },
  {
    "path": "/Users/animr/Documents/assignement 3/Assignment 3 COSC 4436.fzz",
    "mtime": "2024-06-01T19:19:30-04:00",
    "size": 7194
  }
]
System Stats: {
  "cpu_usage": "Unknown",
  "memory_usage": "Unknown",
  "disk_usage": "Unknown",
  "system_uptime": "7415"
}
File Stats: [
  {
    "path": "/Users/animr/Documents/assignement 3/config.yaml",
    "mtime": "2024-09-11T14:45:37-04:00",
    "size": 129
  },
  {
    "path": "/Users/animr/Documents/assignement 3/.DS_Store",
    "mtime": "2024-06-04T16:29:53-04:00",
    "size": 6148
  },
  {
    "path": "/Users/animr/Documents/assignement 3/Reginald_Anim_Assignment3_COSC 4426.pdf",
    "mtime": "2024-06-03T17:35:56-04:00",
    "size": 287024
  },
  {
    "path": "/Users/animr/Documents/assignement 3/Reginald_Anim_Assignment3_COSC 4426.docx",
    "mtime": "2024-06-01T21:51:41-04:00",
    "size": 367722
  },
  {
    "path": "/Users/animr/Documents/assignement 3/Assignment 3 COSC 4436.fzz",
    "mtime": "2024-06-01T19:19:30-04:00",
    "size": 7194
  }
]
System Stats: {
  "cpu_usage": "Unknown",
  "memory_usage": "Unknown",
  "disk_usage": "Unknown",
  "system_uptime": "7425"
}
File Stats: [
  {
    "path": "/Users/animr/Documents/assignement 3/config.yaml",
    "mtime": "2024-09-11T14:45:37-04:00",
    "size": 129
  },
  {
    "path": "/Users/animr/Documents/assignement 3/.DS_Store",
    "mtime": "2024-06-04T16:29:53-04:00",
    "size": 6148
  },
  {
    "path": "/Users/animr/Documents/assignement 3/Reginald_Anim_Assignment3_COSC 4426.pdf",
    "mtime": "2024-06-03T17:35:56-04:00",
    "size": 287024
  },
  {
    "path": "/Users/animr/Documents/assignement 3/Reginald_Anim_Assignment3_COSC 4426.docx",
    "mtime": "2024-06-01T21:51:41-04:00",
    "size": 367722
  },
  {
    "path": "/Users/animr/Documents/assignement 3/Assignment 3 COSC 4436.fzz",
    "mtime": "2024-06-01T19:19:30-04:00",
    "size": 7194
  }
]
System Stats: {
  "cpu_usage": "Unknown",
  "memory_usage": "Unknown",
  "disk_usage": "Unknown",
  "system_uptime": "7435"
}
File Stats: [
  {
    "path": "/Users/animr/Documents/assignement 3/config.yaml",
    "mtime": "2024-09-11T14:45:37-04:00",
    "size": 129
  },
  {
    "path": "/Users/animr/Documents/assignement 3/.DS_Store",
    "mtime": "2024-06-04T16:29:53-04:00",
    "size": 6148
  },
  {
    "path": "/Users/animr/Documents/assignement 3/Reginald_Anim_Assignment3_COSC 4426.pdf",
    "mtime": "2024-06-03T17:35:56-04:00",
    "size": 287024
  },
  {
    "path": "/Users/animr/Documents/assignement 3/Reginald_Anim_Assignment3_COSC 4426.docx",
    "mtime": "2024-06-01T21:51:41-04:00",
    "size": 367722
  },
  {
    "path": "/Users/animr/Documents/assignement 3/Assignment 3 COSC 4436.fzz",
    "mtime": "2024-06-01T19:19:30-04:00",
    "size": 7194
  }
]
System Stats: {
  "cpu_usage": "Unknown",
  "memory_usage": "Unknown",
  "disk_usage": "Unknown",
  "system_uptime": "7445"
}
File Stats: [
  {
    "path": "/Users/animr/Documents/assignement 3/config.yaml",
    "mtime": "2024-09-11T14:45:37-04:00",
    "size": 129
  },
  {
    "path": "/Users/animr/Documents/assignement 3/.DS_Store",
    "mtime": "2024-06-04T16:29:53-04:00",
    "size": 6148
  },
  {
    "path": "/Users/animr/Documents/assignement 3/Reginald_Anim_Assignment3_COSC 4426.pdf",
    "mtime": "2024-06-03T17:35:56-04:00",
    "size": 287024
  },
  {
    "path": "/Users/animr/Documents/assignement 3/Reginald_Anim_Assignment3_COSC 4426.docx",
    "mtime": "2024-06-01T21:51:41-04:00",
    "size": 367722
  },
  {
    "path": "/Users/animr/Documents/assignement 3/Assignment 3 COSC 4436.fzz",
    "mtime": "2024-06-01T19:19:30-04:00",
    "size": 7194
  }
]
System Stats: {
  "cpu_usage": "Unknown",
  "memory_usage": "Unknown",
  "disk_usage": "Unknown",
  "system_uptime": "7455"
}
File Stats: [
  {
    "path": "/Users/animr/Documents/assignement 3/config.yaml",
    "mtime": "2024-09-11T14:45:37-04:00",
    "size": 129
  },
  {
    "path": "/Users/animr/Documents/assignement 3/.DS_Store",
    "mtime": "2024-06-04T16:29:53-04:00",
    "size": 6148
  },
  {
    "path": "/Users/animr/Documents/assignement 3/Reginald_Anim_Assignment3_COSC 4426.pdf",
    "mtime": "2024-06-03T17:35:56-04:00",
    "size": 287024
  },
  {
    "path": "/Users/animr/Documents/assignement 3/Reginald_Anim_Assignment3_COSC 4426.docx",
    "mtime": "2024-06-01T21:51:41-04:00",
    "size": 367722
  },
  {
    "path": "/Users/animr/Documents/assignement 3/Assignment 3 COSC 4436.fzz",
    "mtime": "2024-06-01T19:19:30-04:00",
    "size": 7194
  }
]
System Stats: {
  "cpu_usage": "Unknown",
  "memory_usage": "Unknown",
  "disk_usage": "Unknown",
  "system_uptime": "7465"
}
File Stats: [
  {
    "path": "/Users/animr/Documents/assignement 3/config.yaml",
    "mtime": "2024-09-11T14:45:37-04:00",
    "size": 129
  },
  {
    "path": "/Users/animr/Documents/assignement 3/.DS_Store",
    "mtime": "2024-06-04T16:29:53-04:00",
    "size": 6148
  },
  {
    "path": "/Users/animr/Documents/assignement 3/Reginald_Anim_Assignment3_COSC 4426.pdf",
    "mtime": "2024-06-03T17:35:56-04:00",
    "size": 287024
  },
  {
    "path": "/Users/animr/Documents/assignement 3/Reginald_Anim_Assignment3_COSC 4426.docx",
    "mtime": "2024-06-01T21:51:41-04:00",
    "size": 367722
  },
  {
    "path": "/Users/animr/Documents/assignement 3/Assignment 3 COSC 4436.fzz",
    "mtime": "2024-06-01T19:19:30-04:00",
    "size": 7194
  }
]
System Stats: {
  "cpu_usage": "Unknown",
  "memory_usage": "Unknown",
  "disk_usage": "Unknown",
  "system_uptime": "7475"
}
File Stats: [
  {
    "path": "/Users/animr/Documents/assignement 3/config.yaml",
    "mtime": "2024-09-11T14:45:37-04:00",
    "size": 129
  },
  {
    "path": "/Users/animr/Documents/assignement 3/.DS_Store",
    "mtime": "2024-06-04T16:29:53-04:00",
    "size": 6148
  },
  {
    "path": "/Users/animr/Documents/assignement 3/Reginald_Anim_Assignment3_COSC 4426.pdf",
    "mtime": "2024-06-03T17:35:56-04:00",
    "size": 287024
  },
  {
    "path": "/Users/animr/Documents/assignement 3/Reginald_Anim_Assignment3_COSC 4426.docx",
    "mtime": "2024-06-01T21:51:41-04:00",
    "size": 367722
  },
  {
    "path": "/Users/animr/Documents/assignement 3/Assignment 3 COSC 4436.fzz",
    "mtime": "2024-06-01T19:19:30-04:00",
    "size": 7194
  }
]
System Stats: {
  "cpu_usage": "Unknown",
  "memory_usage": "Unknown",
  "disk_usage": "Unknown",
  "system_uptime": "7485"
}
File Stats: [
  {
    "path": "/Users/animr/Documents/assignement 3/config.yaml",
    "mtime": "2024-09-11T14:45:37-04:00",
    "size": 129
  },
  {
    "path": "/Users/animr/Documents/assignement 3/.DS_Store",
    "mtime": "2024-06-04T16:29:53-04:00",
    "size": 6148
  },
  {
    "path": "/Users/animr/Documents/assignement 3/Reginald_Anim_Assignment3_COSC 4426.pdf",
    "mtime": "2024-06-03T17:35:56-04:00",
    "size": 287024
  },
  {
    "path": "/Users/animr/Documents/assignement 3/Reginald_Anim_Assignment3_COSC 4426.docx",
    "mtime": "2024-06-01T21:51:41-04:00",
    "size": 367722
  },
  {
    "path": "/Users/animr/Documents/assignement 3/Assignment 3 COSC 4436.fzz",
    "mtime": "2024-06-01T19:19:30-04:00",
    "size": 7194
  }
]
System Stats: {
  "cpu_usage": "Unknown",
  "memory_usage": "Unknown",
  "disk_usage": "Unknown",
  "system_uptime": "7495"
}
