File Stats: [
  {
    "path": "/Users/animr/Documents/assignement 3/config.yaml",
    "mtime": "2024-09-11T14:45:37-04:00",
    "size": 129
  },
  {
    "path": "/Users/animr/Documents/assignement 3/.DS_Store",
    "mtime": "2024-06-04T16:29:53-04:00",
    "size": 6148
  },
  {
    "path": "/Users/animr/Documents/assignement 3/Reginald_Anim_Assignment3_COSC 4426.pdf",
    "mtime": "2024-06-03T17:35:56-04:00",
    "size": 287024
  },
  {
    "path": "/Users/animr/Documents/assignement 3/Reginald_Anim_Assignment3_COSC 4426.docx",
    "mtime": "2024-06-01T21:51:41-04:00",
    "size": 367722
  },
  {
    "path": "/Users/animr/Documents/assignement 3/Assignment 3 COSC 4436.fzz",
    "mtime": "2024-06-01T19:19:30-04:00",
    "size": 7194
  }
]
System Stats: {
  "cpu_usage": "Unknown",
  "memory_usage": "Unknown",
  "disk_usage": "Unknown",
  "system_uptime": "861230"
}
File Stats: [
  {
    "path": "/Users/animr/Documents/assignement 3/config.yaml",
    "mtime": "2024-09-11T14:45:37-04:00",
    "size": 129
  },
  {
    "path": "/Users/animr/Documents/assignement 3/.DS_Store",
    "mtime": "2024-06-04T16:29:53-04:00",
    "size": 6148
  },
  {
    "path": "/Users/animr/Documents/assignement 3/Reginald_Anim_Assignment3_COSC 4426.pdf",
    "mtime": "2024-06-03T17:35:56-04:00",
    "size": 287024
  },
  {
    "path": "/Users/animr/Documents/assignement 3/Reginald_Anim_Assignment3_COSC 4426.docx",
    "mtime": "2024-06-01T21:51:41-04:00",
    "size": 367722
  },
  {
    "path": "/Users/animr/Documents/assignement 3/Assignment 3 COSC 4436.fzz",
    "mtime": "2024-06-01T19:19:30-04:00",
    "size": 7194
  }
]
System Stats: {
  "cpu_usage": "Unknown",
  "memory_usage": "Unknown",
  "disk_usage": "Unknown",
  "system_uptime": "861240"
}
File Stats: [
  {
    "path": "/Users/animr/Documents/assignement 3/config.yaml",
    "mtime": "2024-09-11T14:45:37-04:00",
    "size": 129
  },
  {
    "path": "/Users/animr/Documents/assignement 3/.DS_Store",
    "mtime": "2024-06-04T16:29:53-04:00",
    "size": 6148
  },
  {
    "path": "/Users/animr/Documents/assignement 3/Reginald_Anim_Assignment3_COSC 4426.pdf",
    "mtime": "2024-06-03T17:35:56-04:00",
    "size": 287024
  },
  {
    "path": "/Users/animr/Documents/assignement 3/Reginald_Anim_Assignment3_COSC 4426.docx",
    "mtime": "2024-06-01T21:51:41-04:00",
    "size": 367722
  },
  {
    "path": "/Users/animr/Documents/assignement 3/Assignment 3 COSC 4436.fzz",
    "mtime": "2024-06-01T19:19:30-04:00",
    "size": 7194
  }
]
System Stats: {
  "cpu_usage": "Unknown",
  "memory_usage": "Unknown",
  "disk_usage": "Unknown",
  "system_uptime": "861250"
}
File Stats: [
  {
    "path": "/Users/animr/Documents/assignement 3/config.yaml",
    "mtime": "2024-09-11T14:45:37-04:00",
    "size": 129
  },
  {
    "path": "/Users/animr/Documents/assignement 3/.DS_Store",
    "mtime": "2024-06-04T16:29:53-04:00",
    "size": 6148
  },
  {
    "path": "/Users/animr/Documents/assignement 3/Reginald_Anim_Assignment3_COSC 4426.pdf",
    "mtime": "2024-06-03T17:35:56-04:00",
    "size": 287024
  },
  {
    "path": "/Users/animr/Documents/assignement 3/Reginald_Anim_Assignment3_COSC 4426.docx",
    "mtime": "2024-06-01T21:51:41-04:00",
    "size": 367722
  },
  {
    "path": "/Users/animr/Documents/assignement 3/Assignment 3 COSC 4436.fzz",
    "mtime": "2024-06-01T19:19:30-04:00",
    "size": 7194
  }
]
System Stats: {
  "cpu_usage": "Unknown",
  "memory_usage": "Unknown",
  "disk_usage": "Unknown",
  "system_uptime": "861260"
}
File Stats: [
  {
    "path": "/Users/animr/Documents/assignement 3/config.yaml",
    "mtime": "2024-09-11T14:45:37-04:00",
    "size": 129
  },
  {
    "path": "/Users/animr/Documents/assignement 3/.DS_Store",
    "mtime": "2024-06-04T16:29:53-04:00",
    "size": 6148
  },
  {
    "path": "/Users/animr/Documents/assignement 3/Reginald_Anim_Assignment3_COSC 4426.pdf",
    "mtime": "2024-06-03T17:35:56-04:00",
    "size": 287024
  },
  {
    "path": "/Users/animr/Documents/assignement 3/Reginald_Anim_Assignment3_COSC 4426.docx",
    "mtime": "2024-06-01T21:51:41-04:00",
    "size": 367722
  },
  {
    "path": "/Users/animr/Documents/assignement 3/Assignment 3 COSC 4436.fzz",
    "mtime": "2024-06-01T19:19:30-04:00",
    "size": 7194
  }
]
System Stats: {
  "cpu_usage": "Unknown",
  "memory_usage": "Unknown",
  "disk_usage": "Unknown",
  "system_uptime": "889198"
}
File Stats: [
  {
    "path": "/Users/animr/Documents/assignement 3/config.yaml",
    "mtime": "2024-09-11T14:45:37-04:00",
    "size": 129
  },
  {
    "path": "/Users/animr/Documents/assignement 3/.DS_Store",
    "mtime": "2024-06-04T16:29:53-04:00",
    "size": 6148
  },
  {
    "path": "/Users/animr/Documents/assignement 3/Reginald_Anim_Assignment3_COSC 4426.pdf",
    "mtime": "2024-06-03T17:35:56-04:00",
    "size": 287024
  },
  {
    "path": "/Users/animr/Documents/assignement 3/Reginald_Anim_Assignment3_COSC 4426.docx",
    "mtime": "2024-06-01T21:51:41-04:00",
    "size": 367722
  },
  {
    "path": "/Users/animr/Documents/assignement 3/Assignment 3 COSC 4436.fzz",
    "mtime": "2024-06-01T19:19:30-04:00",
    "size": 7194
  }
]
System Stats: {
  "cpu_usage": "Unknown",
  "memory_usage": "Unknown",
  "disk_usage": "Unknown",
  "system_uptime": "889308"
}
File Stats: [
  {
    "path": "/Users/animr/Documents/assignement 3/config.yaml",
    "mtime": "2024-09-11T14:45:37-04:00",
    "size": 129
  },
  {
    "path": "/Users/animr/Documents/assignement 3/.DS_Store",
    "mtime": "2024-06-04T16:29:53-04:00",
    "size": 6148
  },
  {
    "path": "/Users/animr/Documents/assignement 3/Reginald_Anim_Assignment3_COSC 4426.pdf",
    "mtime": "2024-06-03T17:35:56-04:00",
    "size": 287024
  },
  {
    "path": "/Users/animr/Documents/assignement 3/Reginald_Anim_Assignment3_COSC 4426.docx",
    "mtime": "2024-06-01T21:51:41-04:00",
    "size": 367722
  },
  {
    "path": "/Users/animr/Documents/assignement 3/Assignment 3 COSC 4436.fzz",
    "mtime": "2024-06-01T19:19:30-04:00",
    "size": 7194
  }
]
System Stats: {
  "cpu_usage": "Unknown",
  "memory_usage": "Unknown",
  "disk_usage": "Unknown",
  "system_uptime": "889318"
}
File Stats: [
  {
    "path": "/Users/animr/Documents/assignement 3/config.yaml",
    "mtime": "2024-09-11T14:45:37-04:00",
    "size": 129
  },
  {
    "path": "/Users/animr/Documents/assignement 3/.DS_Store",
    "mtime": "2024-06-04T16:29:53-04:00",
    "size": 6148
  },
  {
    "path": "/Users/animr/Documents/assignement 3/Reginald_Anim_Assignment3_COSC 4426.pdf",
    "mtime": "2024-06-03T17:35:56-04:00",
    "size": 287024
  },
  {
    "path": "/Users/animr/Documents/assignement 3/Reginald_Anim_Assignment3_COSC 4426.docx",
    "mtime": "2024-06-01T21:51:41-04:00",
    "size": 367722
  },
  {
    "path": "/Users/animr/Documents/assignement 3/Assignment 3 COSC 4436.fzz",
    "mtime": "2024-06-01T19:19:30-04:00",
    "size": 7194
  }
]
System Stats: {
  "cpu_usage": "Unknown",
  "memory_usage": "Unknown",
  "disk_usage": "Unknown",
  "system_uptime": "889328"
}
File Stats: [
  {
    "path": "/Users/animr/Documents/assignement 3/config.yaml",
    "mtime": "2024-09-11T14:45:37-04:00",
    "size": 129
  },
  {
    "path": "/Users/animr/Documents/assignement 3/.DS_Store",
    "mtime": "2024-06-04T16:29:53-04:00",
    "size": 6148
  },
  {
    "path": "/Users/animr/Documents/assignement 3/Reginald_Anim_Assignment3_COSC 4426.pdf",
    "mtime": "2024-06-03T17:35:56-04:00",
    "size": 287024
  },
  {
    "path": "/Users/animr/Documents/assignement 3/Reginald_Anim_Assignment3_COSC 4426.docx",
    "mtime": "2024-06-01T21:51:41-04:00",
    "size": 367722
  },
  {
    "path": "/Users/animr/Documents/assignement 3/Assignment 3 COSC 4436.fzz",
    "mtime": "2024-06-01T19:19:30-04:00",
    "size": 7194
  }
]
System Stats: {
  "cpu_usage": "Unknown",
  "memory_usage": "Unknown",
  "disk_usage": "Unknown",
  "system_uptime": "889338"
}
File Stats: [
  {
    "path": "/Users/animr/Documents/assignement 3/config.yaml",
    "mtime": "2024-09-11T14:45:37-04:00",
    "size": 129
  },
  {
    "path": "/Users/animr/Documents/assignement 3/.DS_Store",
    "mtime": "2024-06-04T16:29:53-04:00",
    "size": 6148
  },
  {
    "path": "/Users/animr/Documents/assignement 3/Reginald_Anim_Assignment3_COSC 4426.pdf",
    "mtime": "2024-06-03T17:35:56-04:00",
    "size": 287024
  },
  {
    "path": "/Users/animr/Documents/assignement 3/Reginald_Anim_Assignment3_COSC 4426.docx",
    "mtime": "2024-06-01T21:51:41-04:00",
    "size": 367722
  },
  {
    "path": "/Users/animr/Documents/assignement 3/Assignment 3 COSC 4436.fzz",
    "mtime": "2024-06-01T19:19:30-04:00",
    "size": 7194
  }
]
System Stats: {
  "cpu_usage": "Unknown",
  "memory_usage": "Unknown",
  "disk_usage": "Unknown",
  "system_uptime": "889348"
}
File Stats: [
  {
    "path": "/Users/animr/Documents/assignement 3/config.yaml",
    "mtime": "2024-09-11T14:45:37-04:00",
    "size": 129
  },
  {
    "path": "/Users/animr/Documents/assignement 3/.DS_Store",
    "mtime": "2024-06-04T16:29:53-04:00",
    "size": 6148
  },
  {
    "path": "/Users/animr/Documents/assignement 3/Reginald_Anim_Assignment3_COSC 4426.pdf",
    "mtime": "2024-06-03T17:35:56-04:00",
    "size": 287024
  },
  {
    "path": "/Users/animr/Documents/assignement 3/Reginald_Anim_Assignment3_COSC 4426.docx",
    "mtime": "2024-06-01T21:51:41-04:00",
    "size": 367722
  },
  {
    "path": "/Users/animr/Documents/assignement 3/Assignment 3 COSC 4436.fzz",
    "mtime": "2024-06-01T19:19:30-04:00",
    "size": 7194
  }
]
System Stats: {
  "cpu_usage": "Unknown",
  "memory_usage": "Unknown",
  "disk_usage": "Unknown",
  "system_uptime": "889358"
}
File Stats: [
  {
    "path": "/Users/animr/Documents/assignement 3/config.yaml",
    "mtime": "2024-09-11T14:45:37-04:00",
    "size": 129
  },
  {
    "path": "/Users/animr/Documents/assignement 3/.DS_Store",
    "mtime": "2024-06-04T16:29:53-04:00",
    "size": 6148
  },
  {
    "path": "/Users/animr/Documents/assignement 3/Reginald_Anim_Assignment3_COSC 4426.pdf",
    "mtime": "2024-06-03T17:35:56-04:00",
    "size": 287024
  },
  {
    "path": "/Users/animr/Documents/assignement 3/Reginald_Anim_Assignment3_COSC 4426.docx",
    "mtime": "2024-06-01T21:51:41-04:00",
    "size": 367722
  },
  {
    "path": "/Users/animr/Documents/assignement 3/Assignment 3 COSC 4436.fzz",
    "mtime": "2024-06-01T19:19:30-04:00",
    "size": 7194
  }
]
System Stats: {
  "cpu_usage": "Unknown",
  "memory_usage": "Unknown",
  "disk_usage": "Unknown",
  "system_uptime": "889368"
}
File Stats: [
  {
    "path": "/Users/animr/Documents/assignement 3/config.yaml",
    "mtime": "2024-09-11T14:45:37-04:00",
    "size": 129
  },
  {
    "path": "/Users/animr/Documents/assignement 3/.DS_Store",
    "mtime": "2024-06-04T16:29:53-04:00",
    "size": 6148
  },
  {
    "path": "/Users/animr/Documents/assignement 3/Reginald_Anim_Assignment3_COSC 4426.pdf",
    "mtime": "2024-06-03T17:35:56-04:00",
    "size": 287024
  },
  {
    "path": "/Users/animr/Documents/assignement 3/Reginald_Anim_Assignment3_COSC 4426.docx",
    "mtime": "2024-06-01T21:51:41-04:00",
    "size": 367722
  },
  {
    "path": "/Users/animr/Documents/assignement 3/Assignment 3 COSC 4436.fzz",
    "mtime": "2024-06-01T19:19:30-04:00",
    "size": 7194
  }
]
System Stats: {
  "cpu_usage": "Unknown",
  "memory_usage": "Unknown",
  "disk_usage": "Unknown",
  "system_uptime": "889378"
}
File Stats: [
  {
    "path": "/Users/animr/Documents/assignement 3/config.yaml",
    "mtime": "2024-09-11T14:45:37-04:00",
    "size": 129
  },
  {
    "path": "/Users/animr/Documents/assignement 3/.DS_Store",
    "mtime": "2024-06-04T16:29:53-04:00",
    "size": 6148
  },
  {
    "path": "/Users/animr/Documents/assignement 3/Reginald_Anim_Assignment3_COSC 4426.pdf",
    "mtime": "2024-06-03T17:35:56-04:00",
    "size": 287024
  },
  {
    "path": "/Users/animr/Documents/assignement 3/Reginald_Anim_Assignment3_COSC 4426.docx",
    "mtime": "2024-06-01T21:51:41-04:00",
    "size": 367722
  },
  {
    "path": "/Users/animr/Documents/assignement 3/Assignment 3 COSC 4436.fzz",
    "mtime": "2024-06-01T19:19:30-04:00",
    "size": 7194
  }
]
System Stats: {
  "cpu_usage": "Unknown",
  "memory_usage": "Unknown",
  "disk_usage": "Unknown",
  "system_uptime": "889388"
}
File Stats: [
  {
    "path": "/Users/animr/Documents/assignement 3/config.yaml",
    "mtime": "2024-09-11T14:45:37-04:00",
    "size": 129
  },
  {
    "path": "/Users/animr/Documents/assignement 3/.DS_Store",
    "mtime": "2024-06-04T16:29:53-04:00",
    "size": 6148
  },
  {
    "path": "/Users/animr/Documents/assignement 3/Reginald_Anim_Assignment3_COSC 4426.pdf",
    "mtime": "2024-06-03T17:35:56-04:00",
    "size": 287024
  },
  {
    "path": "/Users/animr/Documents/assignement 3/Reginald_Anim_Assignment3_COSC 4426.docx",
    "mtime": "2024-06-01T21:51:41-04:00",
    "size": 367722
  },
  {
    "path": "/Users/animr/Documents/assignement 3/Assignment 3 COSC 4436.fzz",
    "mtime": "2024-06-01T19:19:30-04:00",
    "size": 7194
  }
]
System Stats: {
  "cpu_usage": "Unknown",
  "memory_usage": "Unknown",
  "disk_usage": "Unknown",
  "system_uptime": "889398"
}
File Stats: [
  {
    "path": "/Users/animr/Documents/assignement 3/config.yaml",
    "mtime": "2024-09-11T14:45:37-04:00",
    "size": 129
  },
  {
    "path": "/Users/animr/Documents/assignement 3/.DS_Store",
    "mtime": "2024-06-04T16:29:53-04:00",
    "size": 6148
  },
  {
    "path": "/Users/animr/Documents/assignement 3/Reginald_Anim_Assignment3_COSC 4426.pdf",
    "mtime": "2024-06-03T17:35:56-04:00",
    "size": 287024
  },
  {
    "path": "/Users/animr/Documents/assignement 3/Reginald_Anim_Assignment3_COSC 4426.docx",
    "mtime": "2024-06-01T21:51:41-04:00",
    "size": 367722
  },
  {
    "path": "/Users/animr/Documents/assignement 3/Assignment 3 COSC 4436.fzz",
    "mtime": "2024-06-01T19:19:30-04:00",
    "size": 7194
  }
]
System Stats: {
  "cpu_usage": "Unknown",
  "memory_usage": "Unknown",
  "disk_usage": "Unknown",
  "system_uptime": "889408"
}
File Stats: [
  {
    "path": "/Users/animr/Documents/assignement 3/config.yaml",
    "mtime": "2024-09-11T14:45:37-04:00",
    "size": 129
  },
  {
    "path": "/Users/animr/Documents/assignement 3/.DS_Store",
    "mtime": "2024-06-04T16:29:53-04:00",
    "size": 6148
  },
  {
    "path": "/Users/animr/Documents/assignement 3/Reginald_Anim_Assignment3_COSC 4426.pdf",
    "mtime": "2024-06-03T17:35:56-04:00",
    "size": 287024
  },
  {
    "path": "/Users/animr/Documents/assignement 3/Reginald_Anim_Assignment3_COSC 4426.docx",
    "mtime": "2024-06-01T21:51:41-04:00",
    "size": 367722
  },
  {
    "path": "/Users/animr/Documents/assignement 3/Assignment 3 COSC 4436.fzz",
    "mtime": "2024-06-01T19:19:30-04:00",
    "size": 7194
  }
]
System Stats: {
  "cpu_usage": "Unknown",
  "memory_usage": "Unknown",
  "disk_usage": "Unknown",
  "system_uptime": "889418"
}
File Stats: [
  {
    "path": "/Users/animr/Documents/assignement 3/config.yaml",
    "mtime": "2024-09-11T14:45:37-04:00",
    "size": 129
  },
  {
    "path": "/Users/animr/Documents/assignement 3/.DS_Store",
    "mtime": "2024-06-04T16:29:53-04:00",
    "size": 6148
  },
  {
    "path": "/Users/animr/Documents/assignement 3/Reginald_Anim_Assignment3_COSC 4426.pdf",
    "mtime": "2024-06-03T17:35:56-04:00",
    "size": 287024
  },
  {
    "path": "/Users/animr/Documents/assignement 3/Reginald_Anim_Assignment3_COSC 4426.docx",
    "mtime": "2024-06-01T21:51:41-04:00",
    "size": 367722
  },
  {
    "path": "/Users/animr/Documents/assignement 3/Assignment 3 COSC 4436.fzz",
    "mtime": "2024-06-01T19:19:30-04:00",
    "size": 7194
  }
]
System Stats: {
  "cpu_usage": "Unknown",
  "memory_usage": "Unknown",
  "disk_usage": "Unknown",
  "system_uptime": "889428"
}
File Stats: [
  {
    "path": "/Users/animr/Documents/assignement 3/config.yaml",
    "mtime": "2024-09-11T14:45:37-04:00",
    "size": 129
  },
  {
    "path": "/Users/animr/Documents/assignement 3/.DS_Store",
    "mtime": "2024-06-04T16:29:53-04:00",
    "size": 6148
  },
  {
    "path": "/Users/animr/Documents/assignement 3/Reginald_Anim_Assignment3_COSC 4426.pdf",
    "mtime": "2024-06-03T17:35:56-04:00",
    "size": 287024
  },
  {
    "path": "/Users/animr/Documents/assignement 3/Reginald_Anim_Assignment3_COSC 4426.docx",
    "mtime": "2024-06-01T21:51:41-04:00",
    "size": 367722
  },
  {
    "path": "/Users/animr/Documents/assignement 3/Assignment 3 COSC 4436.fzz",
    "mtime": "2024-06-01T19:19:30-04:00",
    "size": 7194
  }
]
System Stats: {
  "cpu_usage": "Unknown",
  "memory_usage": "Unknown",
  "disk_usage": "Unknown",
  "system_uptime": "889438"
}
File Stats: [
  {
    "path": "/Users/animr/Documents/assignement 3/config.yaml",
    "mtime": "2024-09-11T14:45:37-04:00",
    "size": 129
  },
  {
    "path": "/Users/animr/Documents/assignement 3/.DS_Store",
    "mtime": "2024-06-04T16:29:53-04:00",
    "size": 6148
  },
  {
    "path": "/Users/animr/Documents/assignement 3/Reginald_Anim_Assignment3_COSC 4426.pdf",
    "mtime": "2024-06-03T17:35:56-04:00",
    "size": 287024
  },
  {
    "path": "/Users/animr/Documents/assignement 3/Reginald_Anim_Assignment3_COSC 4426.docx",
    "mtime": "2024-06-01T21:51:41-04:00",
    "size": 367722
  },
  {
    "path": "/Users/animr/Documents/assignement 3/Assignment 3 COSC 4436.fzz",
    "mtime": "2024-06-01T19:19:30-04:00",
    "size": 7194
  }
]
System Stats: {
  "cpu_usage": "Unknown",
  "memory_usage": "Unknown",
  "disk_usage": "Unknown",
  "system_uptime": "889448"
}
File Stats: [
  {
    "path": "/Users/animr/Documents/assignement 3/config.yaml",
    "mtime": "2024-09-11T14:45:37-04:00",
    "size": 129
  },
  {
    "path": "/Users/animr/Documents/assignement 3/.DS_Store",
    "mtime": "2024-06-04T16:29:53-04:00",
    "size": 6148
  },
  {
    "path": "/Users/animr/Documents/assignement 3/Reginald_Anim_Assignment3_COSC 4426.pdf",
    "mtime": "2024-06-03T17:35:56-04:00",
    "size": 287024
  },
  {
    "path": "/Users/animr/Documents/assignement 3/Reginald_Anim_Assignment3_COSC 4426.docx",
    "mtime": "2024-06-01T21:51:41-04:00",
    "size": 367722
  },
  {
    "path": "/Users/animr/Documents/assignement 3/Assignment 3 COSC 4436.fzz",
    "mtime": "2024-06-01T19:19:30-04:00",
    "size": 7194
  }
]
System Stats: {
  "cpu_usage": "Unknown",
  "memory_usage": "Unknown",
  "disk_usage": "Unknown",
  "system_uptime": "889458"
}
File Stats: [
  {
    "path": "/Users/animr/Documents/assignement 3/config.yaml",
    "mtime": "2024-09-11T14:45:37-04:00",
    "size": 129
  },
  {
    "path": "/Users/animr/Documents/assignement 3/.DS_Store",
    "mtime": "2024-06-04T16:29:53-04:00",
    "size": 6148
  },
  {
    "path": "/Users/animr/Documents/assignement 3/Reginald_Anim_Assignment3_COSC 4426.pdf",
    "mtime": "2024-06-03T17:35:56-04:00",
    "size": 287024
  },
  {
    "path": "/Users/animr/Documents/assignement 3/Reginald_Anim_Assignment3_COSC 4426.docx",
    "mtime": "2024-06-01T21:51:41-04:00",
    "size": 367722
  },
  {
    "path": "/Users/animr/Documents/assignement 3/Assignment 3 COSC 4436.fzz",
    "mtime": "2024-06-01T19:19:30-04:00",
    "size": 7194
  }
]
System Stats: {
  "cpu_usage": "Unknown",
  "memory_usage": "Unknown",
  "disk_usage": "Unknown",
  "system_uptime": "889468"
}
File Stats: [
  {
    "path": "/Users/animr/Documents/assignement 3/config.yaml",
    "mtime": "2024-09-11T14:45:37-04:00",
    "size": 129
  },
  {
    "path": "/Users/animr/Documents/assignement 3/.DS_Store",
    "mtime": "2024-06-04T16:29:53-04:00",
    "size": 6148
  },
  {
    "path": "/Users/animr/Documents/assignement 3/Reginald_Anim_Assignment3_COSC 4426.pdf",
    "mtime": "2024-06-03T17:35:56-04:00",
    "size": 287024
  },
  {
    "path": "/Users/animr/Documents/assignement 3/Reginald_Anim_Assignment3_COSC 4426.docx",
    "mtime": "2024-06-01T21:51:41-04:00",
    "size": 367722
  },
  {
    "path": "/Users/animr/Documents/assignement 3/Assignment 3 COSC 4436.fzz",
    "mtime": "2024-06-01T19:19:30-04:00",
    "size": 7194
  }
]
System Stats: {
  "cpu_usage": "Unknown",
  "memory_usage": "Unknown",
  "disk_usage": "Unknown",
  "system_uptime": "889478"
}
File Stats: [
  {
    "path": "/Users/animr/Documents/assignement 3/config.yaml",
    "mtime": "2024-09-11T14:45:37-04:00",
    "size": 129
  },
  {
    "path": "/Users/animr/Documents/assignement 3/.DS_Store",
    "mtime": "2024-06-04T16:29:53-04:00",
    "size": 6148
  },
  {
    "path": "/Users/animr/Documents/assignement 3/Reginald_Anim_Assignment3_COSC 4426.pdf",
    "mtime": "2024-06-03T17:35:56-04:00",
    "size": 287024
  },
  {
    "path": "/Users/animr/Documents/assignement 3/Reginald_Anim_Assignment3_COSC 4426.docx",
    "mtime": "2024-06-01T21:51:41-04:00",
    "size": 367722
  },
  {
    "path": "/Users/animr/Documents/assignement 3/Assignment 3 COSC 4436.fzz",
    "mtime": "2024-06-01T19:19:30-04:00",
    "size": 7194
  }
]
System Stats: {
  "cpu_usage": "Unknown",
  "memory_usage": "Unknown",
  "disk_usage": "Unknown",
  "system_uptime": "889488"
}
File Stats: [
  {
    "path": "/Users/animr/Documents/assignement 3/config.yaml",
    "mtime": "2024-09-11T14:45:37-04:00",
    "size": 129
  },
  {
    "path": "/Users/animr/Documents/assignement 3/.DS_Store",
    "mtime": "2024-06-04T16:29:53-04:00",
    "size": 6148
  },
  {
    "path": "/Users/animr/Documents/assignement 3/Reginald_Anim_Assignment3_COSC 4426.pdf",
    "mtime": "2024-06-03T17:35:56-04:00",
    "size": 287024
  },
  {
    "path": "/Users/animr/Documents/assignement 3/Reginald_Anim_Assignment3_COSC 4426.docx",
    "mtime": "2024-06-01T21:51:41-04:00",
    "size": 367722
  },
  {
    "path": "/Users/animr/Documents/assignement 3/Assignment 3 COSC 4436.fzz",
    "mtime": "2024-06-01T19:19:30-04:00",
    "size": 7194
  }
]
System Stats: {
  "cpu_usage": "Unknown",
  "memory_usage": "Unknown",
  "disk_usage": "Unknown",
  "system_uptime": "889498"
}
File Stats: [
  {
    "path": "/Users/animr/Documents/assignement 3/config.yaml",
    "mtime": "2024-09-11T14:45:37-04:00",
    "size": 129
  },
  {
    "path": "/Users/animr/Documents/assignement 3/.DS_Store",
    "mtime": "2024-06-04T16:29:53-04:00",
    "size": 6148
  },
  {
    "path": "/Users/animr/Documents/assignement 3/Reginald_Anim_Assignment3_COSC 4426.pdf",
    "mtime": "2024-06-03T17:35:56-04:00",
    "size": 287024
  },
  {
    "path": "/Users/animr/Documents/assignement 3/Reginald_Anim_Assignment3_COSC 4426.docx",
    "mtime": "2024-06-01T21:51:41-04:00",
    "size": 367722
  },
  {
    "path": "/Users/animr/Documents/assignement 3/Assignment 3 COSC 4436.fzz",
    "mtime": "2024-06-01T19:19:30-04:00",
    "size": 7194
  }
]
System Stats: {
  "cpu_usage": "Unknown",
  "memory_usage": "Unknown",
  "disk_usage": "Unknown",
  "system_uptime": "889508"
}
File Stats: [
  {
    "path": "/Users/animr/Documents/assignement 3/config.yaml",
    "mtime": "2024-09-11T14:45:37-04:00",
    "size": 129
  },
  {
    "path": "/Users/animr/Documents/assignement 3/.DS_Store",
    "mtime": "2024-06-04T16:29:53-04:00",
    "size": 6148
  },
  {
    "path": "/Users/animr/Documents/assignement 3/Reginald_Anim_Assignment3_COSC 4426.pdf",
    "mtime": "2024-06-03T17:35:56-04:00",
    "size": 287024
  },
  {
    "path": "/Users/animr/Documents/assignement 3/Reginald_Anim_Assignment3_COSC 4426.docx",
    "mtime": "2024-06-01T21:51:41-04:00",
    "size": 367722
  },
  {
    "path": "/Users/animr/Documents/assignement 3/Assignment 3 COSC 4436.fzz",
    "mtime": "2024-06-01T19:19:30-04:00",
    "size": 7194
  }
]
System Stats: {
  "cpu_usage": "Unknown",
  "memory_usage": "Unknown",
  "disk_usage": "Unknown",
  "system_uptime": "889518"
}
File Stats: [
  {
    "path": "/Users/animr/Documents/assignement 3/config.yaml",
    "mtime": "2024-09-11T14:45:37-04:00",
    "size": 129
  },
  {
    "path": "/Users/animr/Documents/assignement 3/.DS_Store",
    "mtime": "2024-06-04T16:29:53-04:00",
    "size": 6148
  },
  {
    "path": "/Users/animr/Documents/assignement 3/Reginald_Anim_Assignment3_COSC 4426.pdf",
    "mtime": "2024-06-03T17:35:56-04:00",
    "size": 287024
  },
  {
    "path": "/Users/animr/Documents/assignement 3/Reginald_Anim_Assignment3_COSC 4426.docx",
    "mtime": "2024-06-01T21:51:41-04:00",
    "size": 367722
  },
  {
    "path": "/Users/animr/Documents/assignement 3/Assignment 3 COSC 4436.fzz",
    "mtime": "2024-06-01T19:19:30-04:00",
    "size": 7194
  }
]
System Stats: {
  "cpu_usage": "Unknown",
  "memory_usage": "Unknown",
  "disk_usage": "Unknown",
  "system_uptime": "889528"
}
File Stats: [
  {
    "path": "/Users/animr/Documents/assignement 3/config.yaml",
    "mtime": "2024-09-11T14:45:37-04:00",
    "size": 129
  },
  {
    "path": "/Users/animr/Documents/assignement 3/.DS_Store",
    "mtime": "2024-06-04T16:29:53-04:00",
    "size": 6148
  },
  {
    "path": "/Users/animr/Documents/assignement 3/Reginald_Anim_Assignment3_COSC 4426.pdf",
    "mtime": "2024-06-03T17:35:56-04:00",
    "size": 287024
  },
  {
    "path": "/Users/animr/Documents/assignement 3/Reginald_Anim_Assignment3_COSC 4426.docx",
    "mtime": "2024-06-01T21:51:41-04:00",
    "size": 367722
  },
  {
    "path": "/Users/animr/Documents/assignement 3/Assignment 3 COSC 4436.fzz",
    "mtime": "2024-06-01T19:19:30-04:00",
    "size": 7194
  }
]
System Stats: {
  "cpu_usage": "Unknown",
  "memory_usage": "Unknown",
  "disk_usage": "Unknown",
  "system_uptime": "889542"
}
File Stats: [
  {
    "path": "/Users/animr/Documents/assignement 3/config.yaml",
    "mtime": "2024-09-11T14:45:37-04:00",
    "size": 129
  },
  {
    "path": "/Users/animr/Documents/assignement 3/.DS_Store",
    "mtime": "2024-06-04T16:29:53-04:00",
    "size": 6148
  },
  {
    "path": "/Users/animr/Documents/assignement 3/Reginald_Anim_Assignment3_COSC 4426.pdf",
    "mtime": "2024-06-03T17:35:56-04:00",
    "size": 287024
  },
  {
    "path": "/Users/animr/Documents/assignement 3/Reginald_Anim_Assignment3_COSC 4426.docx",
    "mtime": "2024-06-01T21:51:41-04:00",
    "size": 367722
  },
  {
    "path": "/Users/animr/Documents/assignement 3/Assignment 3 COSC 4436.fzz",
    "mtime": "2024-06-01T19:19:30-04:00",
    "size": 7194
  }
]
System Stats: {
  "cpu_usage": "Unknown",
  "memory_usage": "Unknown",
  "disk_usage": "Unknown",
  "system_uptime": "889630"
}
File Stats: [
  {
    "path": "/Users/animr/Documents/assignement 3/config.yaml",
    "mtime": "2024-09-11T14:45:37-04:00",
    "size": 129
  },
  {
    "path": "/Users/animr/Documents/assignement 3/.DS_Store",
    "mtime": "2024-06-04T16:29:53-04:00",
    "size": 6148
  },
  {
    "path": "/Users/animr/Documents/assignement 3/Reginald_Anim_Assignment3_COSC 4426.pdf",
    "mtime": "2024-06-03T17:35:56-04:00",
    "size": 287024
  },
  {
    "path": "/Users/animr/Documents/assignement 3/Reginald_Anim_Assignment3_COSC 4426.docx",
    "mtime": "2024-06-01T21:51:41-04:00",
    "size": 367722
  },
  {
    "path": "/Users/animr/Documents/assignement 3/Assignment 3 COSC 4436.fzz",
    "mtime": "2024-06-01T19:19:30-04:00",
    "size": 7194
  }
]
System Stats: {
  "cpu_usage": "Unknown",
  "memory_usage": "Unknown",
  "disk_usage": "Unknown",
  "system_uptime": "889640"
}
File Stats: [
  {
    "path": "/Users/animr/Documents/assignement 3/config.yaml",
    "mtime": "2024-09-11T14:45:37-04:00",
    "size": 129
  },
  {
    "path": "/Users/animr/Documents/assignement 3/.DS_Store",
    "mtime": "2024-06-04T16:29:53-04:00",
    "size": 6148
  },
  {
    "path": "/Users/animr/Documents/assignement 3/Reginald_Anim_Assignment3_COSC 4426.pdf",
    "mtime": "2024-06-03T17:35:56-04:00",
    "size": 287024
  },
  {
    "path": "/Users/animr/Documents/assignement 3/Reginald_Anim_Assignment3_COSC 4426.docx",
    "mtime": "2024-06-01T21:51:41-04:00",
    "size": 367722
  },
  {
    "path": "/Users/animr/Documents/assignement 3/Assignment 3 COSC 4436.fzz",
    "mtime": "2024-06-01T19:19:30-04:00",
    "size": 7194
  }
]
System Stats: {
  "cpu_usage": "Unknown",
  "memory_usage": "Unknown",
  "disk_usage": "Unknown",
  "system_uptime": "889650"
}
File Stats: [
  {
    "path": "/Users/animr/Documents/assignement 3/config.yaml",
    "mtime": "2024-09-11T14:45:37-04:00",
    "size": 129
  },
  {
    "path": "/Users/animr/Documents/assignement 3/.DS_Store",
    "mtime": "2024-06-04T16:29:53-04:00",
    "size": 6148
  },
  {
    "path": "/Users/animr/Documents/assignement 3/Reginald_Anim_Assignment3_COSC 4426.pdf",
    "mtime": "2024-06-03T17:35:56-04:00",
    "size": 287024
  },
  {
    "path": "/Users/animr/Documents/assignement 3/Reginald_Anim_Assignment3_COSC 4426.docx",
    "mtime": "2024-06-01T21:51:41-04:00",
    "size": 367722
  },
  {
    "path": "/Users/animr/Documents/assignement 3/Assignment 3 COSC 4436.fzz",
    "mtime": "2024-06-01T19:19:30-04:00",
    "size": 7194
  }
]
System Stats: {
  "cpu_usage": "Unknown",
  "memory_usage": "Unknown",
  "disk_usage": "Unknown",
  "system_uptime": "889660"
}
File Stats: [
  {
    "path": "/Users/animr/Documents/assignement 3/config.yaml",
    "mtime": "2024-09-11T14:45:37-04:00",
    "size": 129
  },
  {
    "path": "/Users/animr/Documents/assignement 3/.DS_Store",
    "mtime": "2024-06-04T16:29:53-04:00",
    "size": 6148
  },
  {
    "path": "/Users/animr/Documents/assignement 3/Reginald_Anim_Assignment3_COSC 4426.pdf",
    "mtime": "2024-06-03T17:35:56-04:00",
    "size": 287024
  },
  {
    "path": "/Users/animr/Documents/assignement 3/Reginald_Anim_Assignment3_COSC 4426.docx",
    "mtime": "2024-06-01T21:51:41-04:00",
    "size": 367722
  },
  {
    "path": "/Users/animr/Documents/assignement 3/Assignment 3 COSC 4436.fzz",
    "mtime": "2024-06-01T19:19:30-04:00",
    "size": 7194
  }
]
System Stats: {
  "cpu_usage": "Unknown",
  "memory_usage": "Unknown",
  "disk_usage": "Unknown",
  "system_uptime": "889670"
}
File Stats: [
  {
    "path": "/Users/animr/Documents/assignement 3/config.yaml",
    "mtime": "2024-09-11T14:45:37-04:00",
    "size": 129
  },
  {
    "path": "/Users/animr/Documents/assignement 3/.DS_Store",
    "mtime": "2024-06-04T16:29:53-04:00",
    "size": 6148
  },
  {
    "path": "/Users/animr/Documents/assignement 3/Reginald_Anim_Assignment3_COSC 4426.pdf",
    "mtime": "2024-06-03T17:35:56-04:00",
    "size": 287024
  },
  {
    "path": "/Users/animr/Documents/assignement 3/Reginald_Anim_Assignment3_COSC 4426.docx",
    "mtime": "2024-06-01T21:51:41-04:00",
    "size": 367722
  },
  {
    "path": "/Users/animr/Documents/assignement 3/Assignment 3 COSC 4436.fzz",
    "mtime": "2024-06-01T19:19:30-04:00",
    "size": 7194
  }
]
System Stats: {
  "cpu_usage": "Unknown",
  "memory_usage": "Unknown",
  "disk_usage": "Unknown",
  "system_uptime": "889680"
}
File Stats: [
  {
    "path": "/Users/animr/Documents/assignement 3/config.yaml",
    "mtime": "2024-09-11T14:45:37-04:00",
    "size": 129
  },
  {
    "path": "/Users/animr/Documents/assignement 3/.DS_Store",
    "mtime": "2024-06-04T16:29:53-04:00",
    "size": 6148
  },
  {
    "path": "/Users/animr/Documents/assignement 3/Reginald_Anim_Assignment3_COSC 4426.pdf",
    "mtime": "2024-06-03T17:35:56-04:00",
    "size": 287024
  },
  {
    "path": "/Users/animr/Documents/assignement 3/Reginald_Anim_Assignment3_COSC 4426.docx",
    "mtime": "2024-06-01T21:51:41-04:00",
    "size": 367722
  },
  {
    "path": "/Users/animr/Documents/assignement 3/Assignment 3 COSC 4436.fzz",
    "mtime": "2024-06-01T19:19:30-04:00",
    "size": 7194
  }
]
System Stats: {
  "cpu_usage": "Unknown",
  "memory_usage": "Unknown",
  "disk_usage": "Unknown",
  "system_uptime": "889690"
}
File Stats: [
  {
    "path": "/Users/animr/Documents/assignement 3/config.yaml",
    "mtime": "2024-09-11T14:45:37-04:00",
    "size": 129
  },
  {
    "path": "/Users/animr/Documents/assignement 3/.DS_Store",
    "mtime": "2024-06-04T16:29:53-04:00",
    "size": 6148
  },
  {
    "path": "/Users/animr/Documents/assignement 3/Reginald_Anim_Assignment3_COSC 4426.pdf",
    "mtime": "2024-06-03T17:35:56-04:00",
    "size": 287024
  },
  {
    "path": "/Users/animr/Documents/assignement 3/Reginald_Anim_Assignment3_COSC 4426.docx",
    "mtime": "2024-06-01T21:51:41-04:00",
    "size": 367722
  },
  {
    "path": "/Users/animr/Documents/assignement 3/Assignment 3 COSC 4436.fzz",
    "mtime": "2024-06-01T19:19:30-04:00",
    "size": 7194
  }
]
System Stats: {
  "cpu_usage": "Unknown",
  "memory_usage": "Unknown",
  "disk_usage": "Unknown",
  "system_uptime": "889700"
}
File Stats: [
  {
    "path": "/Users/animr/Documents/assignement 3/config.yaml",
    "mtime": "2024-09-11T14:45:37-04:00",
    "size": 129
  },
  {
    "path": "/Users/animr/Documents/assignement 3/.DS_Store",
    "mtime": "2024-06-04T16:29:53-04:00",
    "size": 6148
  },
  {
    "path": "/Users/animr/Documents/assignement 3/Reginald_Anim_Assignment3_COSC 4426.pdf",
    "mtime": "2024-06-03T17:35:56-04:00",
    "size": 287024
  },
  {
    "path": "/Users/animr/Documents/assignement 3/Reginald_Anim_Assignment3_COSC 4426.docx",
    "mtime": "2024-06-01T21:51:41-04:00",
    "size": 367722
  },
  {
    "path": "/Users/animr/Documents/assignement 3/Assignment 3 COSC 4436.fzz",
    "mtime": "2024-06-01T19:19:30-04:00",
    "size": 7194
  }
]
System Stats: {
  "cpu_usage": "Unknown",
  "memory_usage": "Unknown",
  "disk_usage": "Unknown",
  "system_uptime": "889710"
}
File Stats: [
  {
    "path": "/Users/animr/Documents/assignement 3/config.yaml",
    "mtime": "2024-09-11T14:45:37-04:00",
    "size": 129
  },
  {
    "path": "/Users/animr/Documents/assignement 3/.DS_Store",
    "mtime": "2024-06-04T16:29:53-04:00",
    "size": 6148
  },
  {
    "path": "/Users/animr/Documents/assignement 3/Reginald_Anim_Assignment3_COSC 4426.pdf",
    "mtime": "2024-06-03T17:35:56-04:00",
    "size": 287024
  },
  {
    "path": "/Users/animr/Documents/assignement 3/Reginald_Anim_Assignment3_COSC 4426.docx",
    "mtime": "2024-06-01T21:51:41-04:00",
    "size": 367722
  },
  {
    "path": "/Users/animr/Documents/assignement 3/Assignment 3 COSC 4436.fzz",
    "mtime": "2024-06-01T19:19:30-04:00",
    "size": 7194
  }
]
System Stats: {
  "cpu_usage": "Unknown",
  "memory_usage": "Unknown",
  "disk_usage": "Unknown",
  "system_uptime": "889720"
}
File Stats: [
  {
    "path": "/Users/animr/Documents/assignement 3/config.yaml",
    "mtime": "2024-09-11T14:45:37-04:00",
    "size": 129
  },
  {
    "path": "/Users/animr/Documents/assignement 3/.DS_Store",
    "mtime": "2024-06-04T16:29:53-04:00",
    "size": 6148
  },
  {
    "path": "/Users/animr/Documents/assignement 3/Reginald_Anim_Assignment3_COSC 4426.pdf",
    "mtime": "2024-06-03T17:35:56-04:00",
    "size": 287024
  },
  {
    "path": "/Users/animr/Documents/assignement 3/Reginald_Anim_Assignment3_COSC 4426.docx",
    "mtime": "2024-06-01T21:51:41-04:00",
    "size": 367722
  },
  {
    "path": "/Users/animr/Documents/assignement 3/Assignment 3 COSC 4436.fzz",
    "mtime": "2024-06-01T19:19:30-04:00",
    "size": 7194
  }
]
System Stats: {
  "cpu_usage": "Unknown",
  "memory_usage": "Unknown",
  "disk_usage": "Unknown",
  "system_uptime": "889730"
}
File Stats: [
  {
    "path": "/Users/animr/Documents/assignement 3/config.yaml",
    "mtime": "2024-09-11T14:45:37-04:00",
    "size": 129
  },
  {
    "path": "/Users/animr/Documents/assignement 3/.DS_Store",
    "mtime": "2024-06-04T16:29:53-04:00",
    "size": 6148
  },
  {
    "path": "/Users/animr/Documents/assignement 3/Reginald_Anim_Assignment3_COSC 4426.pdf",
    "mtime": "2024-06-03T17:35:56-04:00",
    "size": 287024
  },
  {
    "path": "/Users/animr/Documents/assignement 3/Reginald_Anim_Assignment3_COSC 4426.docx",
    "mtime": "2024-06-01T21:51:41-04:00",
    "size": 367722
  },
  {
    "path": "/Users/animr/Documents/assignement 3/Assignment 3 COSC 4436.fzz",
    "mtime": "2024-06-01T19:19:30-04:00",
    "size": 7194
  }
]
System Stats: {
  "cpu_usage": "Unknown",
  "memory_usage": "Unknown",
  "disk_usage": "Unknown",
  "system_uptime": "889740"
}
File Stats: [
  {
    "path": "/Users/animr/Documents/assignement 3/config.yaml",
    "mtime": "2024-09-11T14:45:37-04:00",
    "size": 129
  },
  {
    "path": "/Users/animr/Documents/assignement 3/.DS_Store",
    "mtime": "2024-06-04T16:29:53-04:00",
    "size": 6148
  },
  {
    "path": "/Users/animr/Documents/assignement 3/Reginald_Anim_Assignment3_COSC 4426.pdf",
    "mtime": "2024-06-03T17:35:56-04:00",
    "size": 287024
  },
  {
    "path": "/Users/animr/Documents/assignement 3/Reginald_Anim_Assignment3_COSC 4426.docx",
    "mtime": "2024-06-01T21:51:41-04:00",
    "size": 367722
  },
  {
    "path": "/Users/animr/Documents/assignement 3/Assignment 3 COSC 4436.fzz",
    "mtime": "2024-06-01T19:19:30-04:00",
    "size": 7194
  }
]
System Stats: {
  "cpu_usage": "Unknown",
  "memory_usage": "Unknown",
  "disk_usage": "Unknown",
  "system_uptime": "889750"
}
File Stats: [
  {
    "path": "/Users/animr/Documents/assignement 3/config.yaml",
    "mtime": "2024-09-11T14:45:37-04:00",
    "size": 129
  },
  {
    "path": "/Users/animr/Documents/assignement 3/.DS_Store",
    "mtime": "2024-06-04T16:29:53-04:00",
    "size": 6148
  },
  {
    "path": "/Users/animr/Documents/assignement 3/Reginald_Anim_Assignment3_COSC 4426.pdf",
    "mtime": "2024-06-03T17:35:56-04:00",
    "size": 287024
  },
  {
    "path": "/Users/animr/Documents/assignement 3/Reginald_Anim_Assignment3_COSC 4426.docx",
    "mtime": "2024-06-01T21:51:41-04:00",
    "size": 367722
  },
  {
    "path": "/Users/animr/Documents/assignement 3/Assignment 3 COSC 4436.fzz",
    "mtime": "2024-06-01T19:19:30-04:00",
    "size": 7194
  }
]
System Stats: {
  "cpu_usage": "Unknown",
  "memory_usage": "Unknown",
  "disk_usage": "Unknown",
  "system_uptime": "889760"
}
File Stats: [
  {
    "path": "/Users/animr/Documents/assignement 3/config.yaml",
    "mtime": "2024-09-11T14:45:37-04:00",
    "size": 129
  },
  {
    "path": "/Users/animr/Documents/assignement 3/.DS_Store",
    "mtime": "2024-06-04T16:29:53-04:00",
    "size": 6148
  },
  {
    "path": "/Users/animr/Documents/assignement 3/Reginald_Anim_Assignment3_COSC 4426.pdf",
    "mtime": "2024-06-03T17:35:56-04:00",
    "size": 287024
  },
  {
    "path": "/Users/animr/Documents/assignement 3/Reginald_Anim_Assignment3_COSC 4426.docx",
    "mtime": "2024-06-01T21:51:41-04:00",
    "size": 367722
  },
  {
    "path": "/Users/animr/Documents/assignement 3/Assignment 3 COSC 4436.fzz",
    "mtime": "2024-06-01T19:19:30-04:00",
    "size": 7194
  }
]
System Stats: {
  "cpu_usage": "Unknown",
  "memory_usage": "Unknown",
  "disk_usage": "Unknown",
  "system_uptime": "889770"
}
File Stats: [
  {
    "path": "/Users/animr/Documents/assignement 3/config.yaml",
    "mtime": "2024-09-11T14:45:37-04:00",
    "size": 129
  },
  {
    "path": "/Users/animr/Documents/assignement 3/.DS_Store",
    "mtime": "2024-06-04T16:29:53-04:00",
    "size": 6148
  },
  {
    "path": "/Users/animr/Documents/assignement 3/Reginald_Anim_Assignment3_COSC 4426.pdf",
    "mtime": "2024-06-03T17:35:56-04:00",
    "size": 287024
  },
  {
    "path": "/Users/animr/Documents/assignement 3/Reginald_Anim_Assignment3_COSC 4426.docx",
    "mtime": "2024-06-01T21:51:41-04:00",
    "size": 367722
  },
  {
    "path": "/Users/animr/Documents/assignement 3/Assignment 3 COSC 4436.fzz",
    "mtime": "2024-06-01T19:19:30-04:00",
    "size": 7194
  }
]
System Stats: {
  "cpu_usage": "Unknown",
  "memory_usage": "Unknown",
  "disk_usage": "Unknown",
  "system_uptime": "889780"
}
File Stats: [
  {
    "path": "/Users/animr/Documents/assignement 3/config.yaml",
    "mtime": "2024-09-11T14:45:37-04:00",
    "size": 129
  },
  {
    "path": "/Users/animr/Documents/assignement 3/.DS_Store",
    "mtime": "2024-06-04T16:29:53-04:00",
    "size": 6148
  },
  {
    "path": "/Users/animr/Documents/assignement 3/Reginald_Anim_Assignment3_COSC 4426.pdf",
    "mtime": "2024-06-03T17:35:56-04:00",
    "size": 287024
  },
  {
    "path": "/Users/animr/Documents/assignement 3/Reginald_Anim_Assignment3_COSC 4426.docx",
    "mtime": "2024-06-01T21:51:41-04:00",
    "size": 367722
  },
  {
    "path": "/Users/animr/Documents/assignement 3/Assignment 3 COSC 4436.fzz",
    "mtime": "2024-06-01T19:19:30-04:00",
    "size": 7194
  }
]
System Stats: {
  "cpu_usage": "Unknown",
  "memory_usage": "Unknown",
  "disk_usage": "Unknown",
  "system_uptime": "889790"
}
File Stats: [
  {
    "path": "/Users/animr/Documents/assignement 3/config.yaml",
    "mtime": "2024-09-11T14:45:37-04:00",
    "size": 129
  },
  {
    "path": "/Users/animr/Documents/assignement 3/.DS_Store",
    "mtime": "2024-06-04T16:29:53-04:00",
    "size": 6148
  },
  {
    "path": "/Users/animr/Documents/assignement 3/Reginald_Anim_Assignment3_COSC 4426.pdf",
    "mtime": "2024-06-03T17:35:56-04:00",
    "size": 287024
  },
  {
    "path": "/Users/animr/Documents/assignement 3/Reginald_Anim_Assignment3_COSC 4426.docx",
    "mtime": "2024-06-01T21:51:41-04:00",
    "size": 367722
  },
  {
    "path": "/Users/animr/Documents/assignement 3/Assignment 3 COSC 4436.fzz",
    "mtime": "2024-06-01T19:19:30-04:00",
    "size": 7194
  }
]
System Stats: {
  "cpu_usage": "Unknown",
  "memory_usage": "Unknown",
  "disk_usage": "Unknown",
  "system_uptime": "889800"
}
File Stats: [
  {
    "path": "/Users/animr/Documents/assignement 3/config.yaml",
    "mtime": "2024-09-11T14:45:37-04:00",
    "size": 129
  },
  {
    "path": "/Users/animr/Documents/assignement 3/.DS_Store",
    "mtime": "2024-06-04T16:29:53-04:00",
    "size": 6148
  },
  {
    "path": "/Users/animr/Documents/assignement 3/Reginald_Anim_Assignment3_COSC 4426.pdf",
    "mtime": "2024-06-03T17:35:56-04:00",
    "size": 287024
  },
  {
    "path": "/Users/animr/Documents/assignement 3/Reginald_Anim_Assignment3_COSC 4426.docx",
    "mtime": "2024-06-01T21:51:41-04:00",
    "size": 367722
  },
  {
    "path": "/Users/animr/Documents/assignement 3/Assignment 3 COSC 4436.fzz",
    "mtime": "2024-06-01T19:19:30-04:00",
    "size": 7194
  }
]
System Stats: {
  "cpu_usage": "Unknown",
  "memory_usage": "Unknown",
  "disk_usage": "Unknown",
  "system_uptime": "889810"
}
File Stats: [
  {
    "path": "/Users/animr/Documents/assignement 3/config.yaml",
    "mtime": "2024-09-11T14:45:37-04:00",
    "size": 129
  },
  {
    "path": "/Users/animr/Documents/assignement 3/.DS_Store",
    "mtime": "2024-06-04T16:29:53-04:00",
    "size": 6148
  },
  {
    "path": "/Users/animr/Documents/assignement 3/Reginald_Anim_Assignment3_COSC 4426.pdf",
    "mtime": "2024-06-03T17:35:56-04:00",
    "size": 287024
  },
  {
    "path": "/Users/animr/Documents/assignement 3/Reginald_Anim_Assignment3_COSC 4426.docx",
    "mtime": "2024-06-01T21:51:41-04:00",
    "size": 367722
  },
  {
    "path": "/Users/animr/Documents/assignement 3/Assignment 3 COSC 4436.fzz",
    "mtime": "2024-06-01T19:19:30-04:00",
    "size": 7194
  }
]
System Stats: {
  "cpu_usage": "Unknown",
  "memory_usage": "Unknown",
  "disk_usage": "Unknown",
  "system_uptime": "889820"
}
File Stats: [
  {
    "path": "/Users/animr/Documents/assignement 3/config.yaml",
    "mtime": "2024-09-11T14:45:37-04:00",
    "size": 129
  },
  {
    "path": "/Users/animr/Documents/assignement 3/.DS_Store",
    "mtime": "2024-06-04T16:29:53-04:00",
    "size": 6148
  },
  {
    "path": "/Users/animr/Documents/assignement 3/Reginald_Anim_Assignment3_COSC 4426.pdf",
    "mtime": "2024-06-03T17:35:56-04:00",
    "size": 287024
  },
  {
    "path": "/Users/animr/Documents/assignement 3/Reginald_Anim_Assignment3_COSC 4426.docx",
    "mtime": "2024-06-01T21:51:41-04:00",
    "size": 367722
  },
  {
    "path": "/Users/animr/Documents/assignement 3/Assignment 3 COSC 4436.fzz",
    "mtime": "2024-06-01T19:19:30-04:00",
    "size": 7194
  }
]
System Stats: {
  "cpu_usage": "Unknown",
  "memory_usage": "Unknown",
  "disk_usage": "Unknown",
  "system_uptime": "889830"
}
File Stats: [
  {
    "path": "/Users/animr/Documents/assignement 3/config.yaml",
    "mtime": "2024-09-11T14:45:37-04:00",
    "size": 129
  },
  {
    "path": "/Users/animr/Documents/assignement 3/.DS_Store",
    "mtime": "2024-06-04T16:29:53-04:00",
    "size": 6148
  },
  {
    "path": "/Users/animr/Documents/assignement 3/Reginald_Anim_Assignment3_COSC 4426.pdf",
    "mtime": "2024-06-03T17:35:56-04:00",
    "size": 287024
  },
  {
    "path": "/Users/animr/Documents/assignement 3/Reginald_Anim_Assignment3_COSC 4426.docx",
    "mtime": "2024-06-01T21:51:41-04:00",
    "size": 367722
  },
  {
    "path": "/Users/animr/Documents/assignement 3/Assignment 3 COSC 4436.fzz",
    "mtime": "2024-06-01T19:19:30-04:00",
    "size": 7194
  }
]
System Stats: {
  "cpu_usage": "Unknown",
  "memory_usage": "Unknown",
  "disk_usage": "Unknown",
  "system_uptime": "889863"
}
